<?xml version="1.0" encoding="UTF-8"?>
<!-- Generated by org.testng.reporters.JUnitReportReporter -->
<testsuite hostname="HW-CIT531-10" failures="0" tests="4" name="tests.checkDuplicate.specialities.CheckDuplicateSpecialities" time="3.128" errors="0" timestamp="2025-12-18T12:42:23 MSK" skipped="0">
  <testcase classname="tests.checkDuplicate.specialities.CheckDuplicateSpecialities" name="auth" time="1.108"/>
  <testcase classname="tests.checkDuplicate.specialities.CheckDuplicateSpecialities" name="clickReceptionPlanMenu" time="0.222"/>
  <testcase classname="tests.checkDuplicate.specialities.CheckDuplicateSpecialities" name="addSpecialty" time="0.764"/>
  <testcase classname="tests.checkDuplicate.specialities.CheckDuplicateSpecialities" name="specialtyCheck" time="1.034"/>
</testsuite> <!-- tests.checkDuplicate.specialities.CheckDuplicateSpecialities -->
