<?xml version="1.0" encoding="UTF-8"?>
<!-- Generated by org.testng.reporters.JUnitReportReporter -->
<testsuite hostname="HW-CIT531-10" failures="0" tests="20" name="tests.registration.registrationMandatoryFields.RegistrationMandatoryFields" time="49.671" errors="0" timestamp="2025-12-18T12:42:23 MSK" skipped="0">
  <testcase classname="tests.registration.registrationMandatoryFields.RegistrationMandatoryFields" name="auth" time="1.137"/>
  <testcase classname="tests.registration.registrationMandatoryFields.RegistrationMandatoryFields" name="registrationApplication" time="0.721"/>
  <testcase classname="tests.registration.registrationMandatoryFields.RegistrationMandatoryFields" name="clearFields" time="11.030"/>
  <testcase classname="tests.registration.registrationMandatoryFields.RegistrationMandatoryFields" name="hintsOnStep_1" time="2.121"/>
  <testcase classname="tests.registration.registrationMandatoryFields.RegistrationMandatoryFields" name="step_1" time="0.398"/>
  <testcase classname="tests.registration.registrationMandatoryFields.RegistrationMandatoryFields" name="hintsOnStep_2" time="3.066"/>
  <testcase classname="tests.registration.registrationMandatoryFields.RegistrationMandatoryFields" name="step_2" time="0.290"/>
  <testcase classname="tests.registration.registrationMandatoryFields.RegistrationMandatoryFields" name="hintsOnStep_3" time="5.093"/>
  <testcase classname="tests.registration.registrationMandatoryFields.RegistrationMandatoryFields" name="step_3" time="0.374"/>
  <testcase classname="tests.registration.registrationMandatoryFields.RegistrationMandatoryFields" name="hintsOnStep_4" time="4.059"/>
  <testcase classname="tests.registration.registrationMandatoryFields.RegistrationMandatoryFields" name="step_4" time="0.190"/>
  <testcase classname="tests.registration.registrationMandatoryFields.RegistrationMandatoryFields" name="hintsOnStep_5" time="4.057"/>
  <testcase classname="tests.registration.registrationMandatoryFields.RegistrationMandatoryFields" name="step_5" time="0.123"/>
  <testcase classname="tests.registration.registrationMandatoryFields.RegistrationMandatoryFields" name="hintsOnStep_6" time="4.069"/>
  <testcase classname="tests.registration.registrationMandatoryFields.RegistrationMandatoryFields" name="step_6" time="0.221"/>
  <testcase classname="tests.registration.registrationMandatoryFields.RegistrationMandatoryFields" name="hintsOnStep_7" time="4.753"/>
  <testcase classname="tests.registration.registrationMandatoryFields.RegistrationMandatoryFields" name="step_7" time="2.465"/>
  <testcase classname="tests.registration.registrationMandatoryFields.RegistrationMandatoryFields" name="hintsOnStep_8" time="4.070"/>
  <testcase classname="tests.registration.registrationMandatoryFields.RegistrationMandatoryFields" name="step_8" time="0.118"/>
  <testcase classname="tests.registration.registrationMandatoryFields.RegistrationMandatoryFields" name="popUp" time="1.316"/>
</testsuite> <!-- tests.registration.registrationMandatoryFields.RegistrationMandatoryFields -->
