<?xml version="1.0" encoding="UTF-8"?>
<!-- Generated by org.testng.reporters.JUnitReportReporter -->
<testsuite hostname="HW-CIT531-10" failures="0" tests="3" name="tests.adminOO.blockingUnblockingUser.BlockingUnblockingUser" time="5.046" errors="0" timestamp="2025-12-18T12:42:23 MSK" skipped="0">
  <testcase classname="tests.adminOO.blockingUnblockingUser.BlockingUnblockingUser" name="auth" time="0.733"/>
  <testcase classname="tests.adminOO.blockingUnblockingUser.BlockingUnblockingUser" name="goToUserRegistry" time="0.940"/>
  <testcase classname="tests.adminOO.blockingUnblockingUser.BlockingUnblockingUser" name="toggleBlocking" time="3.373"/>
</testsuite> <!-- tests.adminOO.blockingUnblockingUser.BlockingUnblockingUser -->
