<?xml version="1.0" encoding="UTF-8"?>
<!-- Generated by org.testng.reporters.JUnitReportReporter -->
<testsuite hostname="HW-CIT531-10" failures="0" tests="4" name="tests.adminOO.createRoleCOO.CreateRoleCOO" time="3.549" errors="0" timestamp="2025-12-18T12:42:23 MSK" skipped="0">
  <testcase classname="tests.adminOO.createRoleCOO.CreateRoleCOO" name="auth" time="0.800"/>
  <testcase classname="tests.adminOO.createRoleCOO.CreateRoleCOO" name="goToCreatingUser" time="0.726"/>
  <testcase classname="tests.adminOO.createRoleCOO.CreateRoleCOO" name="addUserCOO" time="1.495"/>
  <testcase classname="tests.adminOO.createRoleCOO.CreateRoleCOO" name="popUp" time="0.528"/>
</testsuite> <!-- tests.adminOO.createRoleCOO.CreateRoleCOO -->
