<?xml version="1.0" encoding="UTF-8"?>
<!-- Generated by org.testng.reporters.JUnitReportReporter -->
<testsuite hostname="HW-CIT531-10" failures="0" tests="8" name="tests.adminOO.editingUser.EditingUser" time="4.708" errors="0" timestamp="2025-12-18T12:42:23 MSK" skipped="0">
  <testcase classname="tests.adminOO.editingUser.EditingUser" name="auth" time="0.724"/>
  <testcase classname="tests.adminOO.editingUser.EditingUser" name="goToUserRegistry" time="0.951"/>
  <testcase classname="tests.adminOO.editingUser.EditingUser" name="clearFields" time="0.114"/>
  <testcase classname="tests.adminOO.editingUser.EditingUser" name="checkRequiredFields" time="2.055"/>
  <testcase classname="tests.adminOO.editingUser.EditingUser" name="clearFields_2" time="0.094"/>
  <testcase classname="tests.adminOO.editingUser.EditingUser" name="changingData" time="0.190"/>
  <testcase classname="tests.adminOO.editingUser.EditingUser" name="popUp" time="0.528"/>
  <testcase classname="tests.adminOO.editingUser.EditingUser" name="checkComparisonFields" time="0.052"/>
</testsuite> <!-- tests.adminOO.editingUser.EditingUser -->
