<?xml version="1.0" encoding="UTF-8"?>
<!-- Generated by org.testng.reporters.JUnitReportReporter -->
<testsuite hostname="HW-CIT531-10" failures="0" tests="4" name="tests.adminOO.addGroupsEntranceExams.AddGroupEntranceExams" time="4.035" errors="0" timestamp="2025-12-18T12:42:23 MSK" skipped="0">
  <testcase classname="tests.adminOO.addGroupsEntranceExams.AddGroupEntranceExams" name="auth" time="0.750"/>
  <testcase classname="tests.adminOO.addGroupsEntranceExams.AddGroupEntranceExams" name="goToRegistryEntranceExams" time="1.971"/>
  <testcase classname="tests.adminOO.addGroupsEntranceExams.AddGroupEntranceExams" name="addGroupEntranceExams" time="0.413"/>
  <testcase classname="tests.adminOO.addGroupsEntranceExams.AddGroupEntranceExams" name="popUp" time="0.901"/>
</testsuite> <!-- tests.adminOO.addGroupsEntranceExams.AddGroupEntranceExams -->
