<?xml version="1.0" encoding="UTF-8"?>
<!-- Generated by org.testng.reporters.JUnitReportReporter -->
<testsuite hostname="HW-CIT531-10" failures="0" tests="12" name="tests.registration.registrationClassic.RegistrationClassic" time="11.575" errors="0" timestamp="2025-12-18T12:42:23 MSK" skipped="0">
  <testcase classname="tests.registration.registrationClassic.RegistrationClassic" name="auth" time="0.770"/>
  <testcase classname="tests.registration.registrationClassic.RegistrationClassic" name="registrationApplication" time="0.204"/>
  <testcase classname="tests.registration.registrationClassic.RegistrationClassic" name="clearFields" time="0.687"/>
  <testcase classname="tests.registration.registrationClassic.RegistrationClassic" name="step_1" time="0.428"/>
  <testcase classname="tests.registration.registrationClassic.RegistrationClassic" name="step_2" time="0.835"/>
  <testcase classname="tests.registration.registrationClassic.RegistrationClassic" name="step_3" time="0.973"/>
  <testcase classname="tests.registration.registrationClassic.RegistrationClassic" name="step_4" time="0.726"/>
  <testcase classname="tests.registration.registrationClassic.RegistrationClassic" name="step_5" time="0.635"/>
  <testcase classname="tests.registration.registrationClassic.RegistrationClassic" name="step_6" time="0.757"/>
  <testcase classname="tests.registration.registrationClassic.RegistrationClassic" name="step_7" time="3.370"/>
  <testcase classname="tests.registration.registrationClassic.RegistrationClassic" name="step_8" time="0.801"/>
  <testcase classname="tests.registration.registrationClassic.RegistrationClassic" name="popUp" time="1.389"/>
</testsuite> <!-- tests.registration.registrationClassic.RegistrationClassic -->
