<?xml version="1.0" encoding="UTF-8"?>
<!-- Generated by org.testng.reporters.JUnitReportReporter -->
<testsuite hostname="HW-CIT531-10" failures="0" tests="8" name="tests.adminOO.addScoreEntranceExams.AddScoreEntranceExams" time="15.651" errors="0" timestamp="2025-12-18T12:42:23 MSK" skipped="0">
  <testcase classname="tests.adminOO.addScoreEntranceExams.AddScoreEntranceExams" name="auth" time="0.771"/>
  <testcase classname="tests.adminOO.addScoreEntranceExams.AddScoreEntranceExams" name="goToAddEntranceExams" time="0.721"/>
  <testcase classname="tests.adminOO.addScoreEntranceExams.AddScoreEntranceExams" name="addEntranceExams" time="1.132"/>
  <testcase classname="tests.adminOO.addScoreEntranceExams.AddScoreEntranceExams" name="popUpEntranceExamCreated" time="3.027"/>
  <testcase classname="tests.adminOO.addScoreEntranceExams.AddScoreEntranceExams" name="addGroupEntranceExams" time="3.805"/>
  <testcase classname="tests.adminOO.addScoreEntranceExams.AddScoreEntranceExams" name="popUpGroupCreated" time="0.016"/>
  <testcase classname="tests.adminOO.addScoreEntranceExams.AddScoreEntranceExams" name="staffingGroup" time="3.514"/>
  <testcase classname="tests.adminOO.addScoreEntranceExams.AddScoreEntranceExams" name="grading" time="2.665"/>
</testsuite> <!-- tests.adminOO.addScoreEntranceExams.AddScoreEntranceExams -->
