<?xml version="1.0" encoding="UTF-8"?>
<!-- Generated by org.testng.reporters.JUnitReportReporter -->
<testsuite hostname="HW-CIT531-10" failures="0" tests="4" name="tests.checkDuplicate.entranceExam.CheckDuplicateAddEntranceExam" time="3.707" errors="0" timestamp="2025-12-18T12:42:23 MSK" skipped="0">
  <testcase classname="tests.checkDuplicate.entranceExam.CheckDuplicateAddEntranceExam" name="auth" time="0.835"/>
  <testcase classname="tests.checkDuplicate.entranceExam.CheckDuplicateAddEntranceExam" name="goToAddEntranceExams" time="0.707"/>
  <testcase classname="tests.checkDuplicate.entranceExam.CheckDuplicateAddEntranceExam" name="AddEntranceExams" time="1.149"/>
  <testcase classname="tests.checkDuplicate.entranceExam.CheckDuplicateAddEntranceExam" name="popUp" time="1.016"/>
</testsuite> <!-- tests.checkDuplicate.entranceExam.CheckDuplicateAddEntranceExam -->
