<?xml version="1.0" encoding="UTF-8"?>
<!-- Generated by org.testng.reporters.JUnitReportReporter -->
<testsuite hostname="HW-CIT531-10" failures="0" tests="19" name="tests.checkDuplicate.statement.CheckDuplicateStatement" time="32.355" errors="0" timestamp="2025-12-18T12:42:23 MSK" skipped="0">
  <testcase classname="tests.checkDuplicate.statement.CheckDuplicateStatement" name="auth" time="0.748"/>
  <testcase classname="tests.checkDuplicate.statement.CheckDuplicateStatement" name="registrationApplication" time="0.206"/>
  <testcase classname="tests.checkDuplicate.statement.CheckDuplicateStatement" name="clearFields" time="10.949"/>
  <testcase classname="tests.checkDuplicate.statement.CheckDuplicateStatement" name="step_1" time="0.390"/>
  <testcase classname="tests.checkDuplicate.statement.CheckDuplicateStatement" name="step_2" time="0.809"/>
  <testcase classname="tests.checkDuplicate.statement.CheckDuplicateStatement" name="step_3" time="0.878"/>
  <testcase classname="tests.checkDuplicate.statement.CheckDuplicateStatement" name="step_4" time="0.712"/>
  <testcase classname="tests.checkDuplicate.statement.CheckDuplicateStatement" name="step_5" time="0.641"/>
  <testcase classname="tests.checkDuplicate.statement.CheckDuplicateStatement" name="step_6" time="0.751"/>
  <testcase classname="tests.checkDuplicate.statement.CheckDuplicateStatement" name="step_7" time="3.381"/>
  <testcase classname="tests.checkDuplicate.statement.CheckDuplicateStatement" name="step_8" time="0.640"/>
  <testcase classname="tests.checkDuplicate.statement.CheckDuplicateStatement" name="popUp" time="6.273"/>
  <testcase classname="tests.checkDuplicate.statement.CheckDuplicateStatement" name="duplicateRegistrationApplication" time="0.668"/>
  <testcase classname="tests.checkDuplicate.statement.CheckDuplicateStatement" name="duplicateStep_1" time="0.346"/>
  <testcase classname="tests.checkDuplicate.statement.CheckDuplicateStatement" name="duplicateStep_2" time="0.785"/>
  <testcase classname="tests.checkDuplicate.statement.CheckDuplicateStatement" name="duplicateStep_3" time="0.843"/>
  <testcase classname="tests.checkDuplicate.statement.CheckDuplicateStatement" name="duplicateStep_4" time="0.699"/>
  <testcase classname="tests.checkDuplicate.statement.CheckDuplicateStatement" name="duplicateStep_5" time="0.615"/>
  <testcase classname="tests.checkDuplicate.statement.CheckDuplicateStatement" name="duplicate" time="2.021"/>
</testsuite> <!-- tests.checkDuplicate.statement.CheckDuplicateStatement -->
