<?xml version="1.0" encoding="UTF-8"?>
<!-- Generated by org.testng.reporters.JUnitReportReporter -->
<testsuite hostname="HW-CIT531-10" failures="0" tests="4" name="tests.adminOO.changeApplicantData.ChangeApplicantData" time="7.680" errors="0" timestamp="2025-12-18T12:42:23 MSK" skipped="0">
  <testcase classname="tests.adminOO.changeApplicantData.ChangeApplicantData" name="auth" time="0.734"/>
  <testcase classname="tests.adminOO.changeApplicantData.ChangeApplicantData" name="openRegistryApplications" time="4.027"/>
  <testcase classname="tests.adminOO.changeApplicantData.ChangeApplicantData" name="changeApplicantData" time="2.731"/>
  <testcase classname="tests.adminOO.changeApplicantData.ChangeApplicantData" name="assertChangedFields" time="0.188"/>
</testsuite> <!-- tests.adminOO.changeApplicantData.ChangeApplicantData -->
