<?xml version="1.0" encoding="UTF-8"?>
<testsuite xmlns:xsi="http://www.w3.org/2001/XMLSchema-instance" xsi:noNamespaceSchemaLocation="https://maven.apache.org/surefire/maven-surefire-plugin/xsd/surefire-test-report-3.0.xsd" version="3.0" name="TestSuite" time="225.395" tests="98" errors="0" skipped="0" failures="3">
  <properties>
[...]
</properties>
  <testcase name="auth" classname="tests.registration.registrationClassic.RegistrationClassic" time="0.804">
    <system-out><![CDATA[Локальный запуск ChromeDriver
]]></system-out>
    <system-err><![CDATA[[main] INFO io.github.bonigarcia.wdm.WebDriverManager - Using chromedriver 143.0.7499.146 (resolved driver for Chrome 143)
[main] INFO io.github.bonigarcia.wdm.WebDriverManager - Exporting webdriver.chrome.driver as C:\Users\a.garkusha\.cache\selenium\chromedriver\win64\143.0.7499.146\chromedriver.exe
[main] INFO io.github.bonigarcia.wdm.WebDriverManager - Using chromedriver 143.0.7499.146 (resolved driver for Chrome 143)
[main] INFO io.github.bonigarcia.wdm.WebDriverManager - Exporting webdriver.chrome.driver as C:\Users\a.garkusha\.cache\selenium\chromedriver\win64\143.0.7499.146\chromedriver.exe
дек. 18, 2025 12:38:39 PM org.openqa.selenium.devtools.CdpVersionFinder findNearestMatch
WARNING: Unable to find CDP implementation matching 143
дек. 18, 2025 12:38:39 PM org.openqa.selenium.chromium.ChromiumDriver lambda$new$4
WARNING: Unable to find version of CDP to use for 143.0.7499.41. You may need to include a dependency on a specific version of the CDP using something similar to `org.seleniumhq.selenium:selenium-devtools-v86:4.33.0` where the version ("v86") matches the version of the chromium-based browser you're using and the version number of the artifact is the same as Selenium's.
]]></system-err>
  </testcase>
  <testcase name="registrationApplication" classname="tests.registration.registrationClassic.RegistrationClassic" time="0.203"/>
  <testcase name="clearFields" classname="tests.registration.registrationClassic.RegistrationClassic" time="0.688"/>
  <testcase name="step_1" classname="tests.registration.registrationClassic.RegistrationClassic" time="0.428"/>
  <testcase name="step_2" classname="tests.registration.registrationClassic.RegistrationClassic" time="0.835"/>
  <testcase name="step_3" classname="tests.registration.registrationClassic.RegistrationClassic" time="0.973"/>
  <testcase name="step_4" classname="tests.registration.registrationClassic.RegistrationClassic" time="0.726"/>
  <testcase name="step_5" classname="tests.registration.registrationClassic.RegistrationClassic" time="0.635"/>
  <testcase name="step_6" classname="tests.registration.registrationClassic.RegistrationClassic" time="0.756"/>
  <testcase name="step_7" classname="tests.registration.registrationClassic.RegistrationClassic" time="3.371"/>
  <testcase name="step_8" classname="tests.registration.registrationClassic.RegistrationClassic" time="0.8"/>
  <testcase name="popUp" classname="tests.registration.registrationClassic.RegistrationClassic" time="1.389"/>
  <testcase name="auth" classname="tests.registration.registrationMandatoryFields.RegistrationMandatoryFields" time="1.138">
    <system-out><![CDATA[Локальный запуск ChromeDriver
]]></system-out>
    <system-err><![CDATA[[main] INFO io.github.bonigarcia.wdm.WebDriverManager - Using chromedriver 143.0.7499.146 (resolved driver for Chrome 143)
[main] INFO io.github.bonigarcia.wdm.WebDriverManager - Exporting webdriver.chrome.driver as C:\Users\a.garkusha\.cache\selenium\chromedriver\win64\143.0.7499.146\chromedriver.exe
дек. 18, 2025 12:38:52 PM org.openqa.selenium.devtools.CdpVersionFinder findNearestMatch
WARNING: Unable to find CDP implementation matching 143
дек. 18, 2025 12:38:52 PM org.openqa.selenium.chromium.ChromiumDriver lambda$new$4
WARNING: Unable to find version of CDP to use for 143.0.7499.41. You may need to include a dependency on a specific version of the CDP using something similar to `org.seleniumhq.selenium:selenium-devtools-v86:4.33.0` where the version ("v86") matches the version of the chromium-based browser you're using and the version number of the artifact is the same as Selenium's.
]]></system-err>
  </testcase>
  <testcase name="registrationApplication" classname="tests.registration.registrationMandatoryFields.RegistrationMandatoryFields" time="0.722"/>
  <testcase name="clearFields" classname="tests.registration.registrationMandatoryFields.RegistrationMandatoryFields" time="11.031"/>
  <testcase name="hintsOnStep_1" classname="tests.registration.registrationMandatoryFields.RegistrationMandatoryFields" time="2.12"/>
  <testcase name="step_1" classname="tests.registration.registrationMandatoryFields.RegistrationMandatoryFields" time="0.398"/>
  <testcase name="hintsOnStep_2" classname="tests.registration.registrationMandatoryFields.RegistrationMandatoryFields" time="3.066"/>
  <testcase name="step_2" classname="tests.registration.registrationMandatoryFields.RegistrationMandatoryFields" time="0.291"/>
  <testcase name="hintsOnStep_3" classname="tests.registration.registrationMandatoryFields.RegistrationMandatoryFields" time="5.093"/>
  <testcase name="step_3" classname="tests.registration.registrationMandatoryFields.RegistrationMandatoryFields" time="0.374"/>
  <testcase name="hintsOnStep_4" classname="tests.registration.registrationMandatoryFields.RegistrationMandatoryFields" time="4.06"/>
  <testcase name="step_4" classname="tests.registration.registrationMandatoryFields.RegistrationMandatoryFields" time="0.191"/>
  <testcase name="hintsOnStep_5" classname="tests.registration.registrationMandatoryFields.RegistrationMandatoryFields" time="4.058"/>
  <testcase name="step_5" classname="tests.registration.registrationMandatoryFields.RegistrationMandatoryFields" time="0.124"/>
  <testcase name="hintsOnStep_6" classname="tests.registration.registrationMandatoryFields.RegistrationMandatoryFields" time="4.07"/>
  <testcase name="step_6" classname="tests.registration.registrationMandatoryFields.RegistrationMandatoryFields" time="0.222"/>
  <testcase name="hintsOnStep_7" classname="tests.registration.registrationMandatoryFields.RegistrationMandatoryFields" time="4.754"/>
  <testcase name="step_7" classname="tests.registration.registrationMandatoryFields.RegistrationMandatoryFields" time="2.465"/>
  <testcase name="hintsOnStep_8" classname="tests.registration.registrationMandatoryFields.RegistrationMandatoryFields" time="4.071"/>
  <testcase name="step_8" classname="tests.registration.registrationMandatoryFields.RegistrationMandatoryFields" time="0.119"/>
  <testcase name="popUp" classname="tests.registration.registrationMandatoryFields.RegistrationMandatoryFields" time="1.316"/>
  <testcase name="auth" classname="tests.registration.registrationComparisonFields.RegistrationComparisonFields" time="0.75">
    <system-out><![CDATA[Локальный запуск ChromeDriver
]]></system-out>
    <system-err><![CDATA[[main] INFO io.github.bonigarcia.wdm.WebDriverManager - Using chromedriver 143.0.7499.146 (resolved driver for Chrome 143)
[main] INFO io.github.bonigarcia.wdm.WebDriverManager - Exporting webdriver.chrome.driver as C:\Users\a.garkusha\.cache\selenium\chromedriver\win64\143.0.7499.146\chromedriver.exe
дек. 18, 2025 12:39:44 PM org.openqa.selenium.devtools.CdpVersionFinder findNearestMatch
WARNING: Unable to find CDP implementation matching 143
дек. 18, 2025 12:39:44 PM org.openqa.selenium.chromium.ChromiumDriver lambda$new$4
WARNING: Unable to find version of CDP to use for 143.0.7499.41. You may need to include a dependency on a specific version of the CDP using something similar to `org.seleniumhq.selenium:selenium-devtools-v86:4.33.0` where the version ("v86") matches the version of the chromium-based browser you're using and the version number of the artifact is the same as Selenium's.
]]></system-err>
  </testcase>
  <testcase name="registrationApplication" classname="tests.registration.registrationComparisonFields.RegistrationComparisonFields" time="0.721"/>
  <testcase name="clearFields" classname="tests.registration.registrationComparisonFields.RegistrationComparisonFields" time="10.906"/>
  <testcase name="fullRegistrationCycle" classname="tests.registration.registrationComparisonFields.RegistrationComparisonFields" time="10.079"/>
  <testcase name="fullComparisonFields" classname="tests.registration.registrationComparisonFields.RegistrationComparisonFields" time="15.721">
    <failure message="Expected condition failed: waiting for element to be clickable: By.xpath: //*[@id=&quot;education-document-index-container&quot;]/table/tbody/tr/td[4] (tried for 10 second(s) with 500 milliseconds interval)&#10;Build info: version: &apos;4.33.0&apos;, revision: &apos;2c6aaad03a&apos;&#10;System info: os.name: &apos;Windows 10&apos;, os.arch: &apos;amd64&apos;, os.version: &apos;10.0&apos;, java.version: &apos;21.0.7&apos;&#10;Driver info: org.openqa.selenium.chrome.ChromeDriver&#10;Capabilities {acceptInsecureCerts: false, browserName: chrome, browserVersion: 143.0.7499.41, chrome: {chromedriverVersion: 143.0.7499.146 (c1224fc40c9..., userDataDir: C:\Users\AE8A3~1.GAR\AppDat...}, fedcm:accounts: true, goog:chromeOptions: {debuggerAddress: localhost:64991}, goog:processID: 18844, networkConnectionEnabled: false, pageLoadStrategy: normal, platformName: windows, proxy: Proxy(), se:cdp: ws://localhost:64991/devtoo..., se:cdpVersion: 143.0.7499.41, setWindowRect: true, strictFileInteractability: false, timeouts: {implicit: 0, pageLoad: 300000, script: 30000}, unhandledPromptBehavior: dismiss and notify, webauthn:extension:credBlob: true, webauthn:extension:largeBlob: true, webauthn:extension:minPinLength: true, webauthn:extension:prf: true, webauthn:virtualAuthenticators: true}&#10;Session ID: 0bbb77ebc5abc3f56377eb0de8ee236c" type="org.openqa.selenium.TimeoutException"><![CDATA[org.openqa.selenium.TimeoutException: 
Expected condition failed: waiting for element to be clickable: By.xpath: //*[@id="education-document-index-container"]/table/tbody/tr/td[4] (tried for 10 second(s) with 500 milliseconds interval)
Build info: version: '4.33.0', revision: '2c6aaad03a'
System info: os.name: 'Windows 10', os.arch: 'amd64', os.version: '10.0', java.version: '21.0.7'
Driver info: org.openqa.selenium.chrome.ChromeDriver
Capabilities {acceptInsecureCerts: false, browserName: chrome, browserVersion: 143.0.7499.41, chrome: {chromedriverVersion: 143.0.7499.146 (c1224fc40c9..., userDataDir: C:\Users\AE8A3~1.GAR\AppDat...}, fedcm:accounts: true, goog:chromeOptions: {debuggerAddress: localhost:64991}, goog:processID: 18844, networkConnectionEnabled: false, pageLoadStrategy: normal, platformName: windows, proxy: Proxy(), se:cdp: ws://localhost:64991/devtoo..., se:cdpVersion: 143.0.7499.41, setWindowRect: true, strictFileInteractability: false, timeouts: {implicit: 0, pageLoad: 300000, script: 30000}, unhandledPromptBehavior: dismiss and notify, webauthn:extension:credBlob: true, webauthn:extension:largeBlob: true, webauthn:extension:minPinLength: true, webauthn:extension:prf: true, webauthn:virtualAuthenticators: true}
Session ID: 0bbb77ebc5abc3f56377eb0de8ee236c
	at org.openqa.selenium.support.ui.WebDriverWait.timeoutException(WebDriverWait.java:84)
	at org.openqa.selenium.support.ui.FluentWait.until(FluentWait.java:228)
	at utils.AssertUtils.assertElementTextEquals(AssertUtils.java:25)
	at tests.registration.registrationComparisonFields.steps.step_3.MainAssertStep_3.fillAssertStep_3(MainAssertStep_3.java:32)
	at tests.registration.registrationComparisonFields.RegistrationComparisonFields.fullComparisonFields(RegistrationComparisonFields.java:62)
	at java.base/jdk.internal.reflect.DirectMethodHandleAccessor.invoke(DirectMethodHandleAccessor.java:103)
	at java.base/java.lang.reflect.Method.invoke(Method.java:580)
	at org.testng.internal.invokers.MethodInvocationHelper.invokeMethod(MethodInvocationHelper.java:139)
	at org.testng.internal.invokers.TestInvoker.invokeMethod(TestInvoker.java:664)
	at org.testng.internal.invokers.TestInvoker.invokeTestMethod(TestInvoker.java:228)
	at org.testng.internal.invokers.MethodRunner.runInSequence(MethodRunner.java:63)
	at org.testng.internal.invokers.TestInvoker$MethodInvocationAgent.invoke(TestInvoker.java:961)
	at org.testng.internal.invokers.TestInvoker.invokeTestMethods(TestInvoker.java:201)
	at org.testng.internal.invokers.TestMethodWorker.invokeTestMethods(TestMethodWorker.java:148)
	at org.testng.internal.invokers.TestMethodWorker.run(TestMethodWorker.java:128)
	at java.base/java.util.ArrayList.forEach(ArrayList.java:1596)
	at org.testng.TestRunner.privateRun(TestRunner.java:819)
	at org.testng.TestRunner.run(TestRunner.java:619)
	at org.testng.SuiteRunner.runTest(SuiteRunner.java:443)
	at org.testng.SuiteRunner.runSequentially(SuiteRunner.java:437)
	at org.testng.SuiteRunner.privateRun(SuiteRunner.java:397)
	at org.testng.SuiteRunner.run(SuiteRunner.java:336)
	at org.testng.SuiteRunnerWorker.runSuite(SuiteRunnerWorker.java:52)
	at org.testng.SuiteRunnerWorker.run(SuiteRunnerWorker.java:95)
	at org.testng.TestNG.runSuitesSequentially(TestNG.java:1301)
	at org.testng.TestNG.runSuitesLocally(TestNG.java:1228)
	at org.testng.TestNG.runSuites(TestNG.java:1134)
	at org.testng.TestNG.run(TestNG.java:1101)
	at org.apache.maven.surefire.testng.TestNGExecutor.run(TestNGExecutor.java:308)
	at org.apache.maven.surefire.testng.TestNGXmlTestSuite.execute(TestNGXmlTestSuite.java:71)
	at org.apache.maven.surefire.testng.TestNGProvider.invoke(TestNGProvider.java:113)
	at java.base/jdk.internal.reflect.DirectMethodHandleAccessor.invoke(DirectMethodHandleAccessor.java:103)
	at java.base/java.lang.reflect.Method.invoke(Method.java:580)
	at org.apache.maven.surefire.api.util.ReflectionUtils.invokeMethodWithArray2(ReflectionUtils.java:137)
	at org.apache.maven.surefire.booter.ProviderFactory$ProviderProxy.invoke(ProviderFactory.java:148)
	at org.apache.maven.surefire.booter.ProviderFactory.invokeProvider(ProviderFactory.java:88)
	at org.apache.maven.plugin.surefire.InPluginVMSurefireStarter.runSuitesInProcess(InPluginVMSurefireStarter.java:91)
	at org.apache.maven.plugin.surefire.AbstractSurefireMojo.executeProvider(AbstractSurefireMojo.java:1212)
	at org.apache.maven.plugin.surefire.AbstractSurefireMojo.executeAfterPreconditionsChecked(AbstractSurefireMojo.java:1090)
	at org.apache.maven.plugin.surefire.AbstractSurefireMojo.execute(AbstractSurefireMojo.java:910)
	at org.apache.maven.plugin.DefaultBuildPluginManager.executeMojo(DefaultBuildPluginManager.java:126)
	at org.apache.maven.lifecycle.internal.MojoExecutor.doExecute2(MojoExecutor.java:328)
	at org.apache.maven.lifecycle.internal.MojoExecutor.doExecute(MojoExecutor.java:316)
	at org.apache.maven.lifecycle.internal.MojoExecutor.execute(MojoExecutor.java:212)
	at org.apache.maven.lifecycle.internal.MojoExecutor.execute(MojoExecutor.java:174)
	at org.apache.maven.lifecycle.internal.MojoExecutor.access$000(MojoExecutor.java:75)
	at org.apache.maven.lifecycle.internal.MojoExecutor$1.run(MojoExecutor.java:162)
	at org.apache.maven.plugin.DefaultMojosExecutionStrategy.execute(DefaultMojosExecutionStrategy.java:39)
	at org.apache.maven.lifecycle.internal.MojoExecutor.execute(MojoExecutor.java:159)
	at org.apache.maven.lifecycle.internal.LifecycleModuleBuilder.buildProject(LifecycleModuleBuilder.java:105)
	at org.apache.maven.lifecycle.internal.LifecycleModuleBuilder.buildProject(LifecycleModuleBuilder.java:73)
	at org.apache.maven.lifecycle.internal.builder.singlethreaded.SingleThreadedBuilder.build(SingleThreadedBuilder.java:53)
	at org.apache.maven.lifecycle.internal.LifecycleStarter.execute(LifecycleStarter.java:118)
	at org.apache.maven.DefaultMaven.doExecute(DefaultMaven.java:261)
	at org.apache.maven.DefaultMaven.doExecute(DefaultMaven.java:173)
	at org.apache.maven.DefaultMaven.execute(DefaultMaven.java:101)
	at org.apache.maven.cli.MavenCli.execute(MavenCli.java:906)
	at org.apache.maven.cli.MavenCli.doMain(MavenCli.java:283)
	at org.apache.maven.cli.MavenCli.main(MavenCli.java:206)
	at java.base/jdk.internal.reflect.DirectMethodHandleAccessor.invoke(DirectMethodHandleAccessor.java:103)
	at java.base/java.lang.reflect.Method.invoke(Method.java:580)
	at org.codehaus.plexus.classworlds.launcher.Launcher.launchEnhanced(Launcher.java:255)
	at org.codehaus.plexus.classworlds.launcher.Launcher.launch(Launcher.java:201)
	at org.codehaus.plexus.classworlds.launcher.Launcher.mainWithExitCode(Launcher.java:361)
	at org.codehaus.plexus.classworlds.launcher.Launcher.main(Launcher.java:314)
]]></failure>
  </testcase>
  <testcase name="auth" classname="tests.checkDuplicate.entranceExam.CheckDuplicateAddEntranceExam" time="0.834">
    <system-out><![CDATA[Скриншот сохранён: D:\Auto\SVE\screenshots\fullComparisonFields_1766050823328.png
Локальный запуск ChromeDriver
]]></system-out>
    <system-err><![CDATA[[main] INFO io.github.bonigarcia.wdm.WebDriverManager - Using chromedriver 143.0.7499.146 (resolved driver for Chrome 143)
[main] INFO io.github.bonigarcia.wdm.WebDriverManager - Exporting webdriver.chrome.driver as C:\Users\a.garkusha\.cache\selenium\chromedriver\win64\143.0.7499.146\chromedriver.exe
дек. 18, 2025 12:40:24 PM org.openqa.selenium.devtools.CdpVersionFinder findNearestMatch
WARNING: Unable to find CDP implementation matching 143
дек. 18, 2025 12:40:24 PM org.openqa.selenium.chromium.ChromiumDriver lambda$new$4
WARNING: Unable to find version of CDP to use for 143.0.7499.41. You may need to include a dependency on a specific version of the CDP using something similar to `org.seleniumhq.selenium:selenium-devtools-v86:4.33.0` where the version ("v86") matches the version of the chromium-based browser you're using and the version number of the artifact is the same as Selenium's.
]]></system-err>
  </testcase>
  <testcase name="goToAddEntranceExams" classname="tests.checkDuplicate.entranceExam.CheckDuplicateAddEntranceExam" time="0.707"/>
  <testcase name="AddEntranceExams" classname="tests.checkDuplicate.entranceExam.CheckDuplicateAddEntranceExam" time="1.15"/>
  <testcase name="popUp" classname="tests.checkDuplicate.entranceExam.CheckDuplicateAddEntranceExam" time="1.016"/>
  <testcase name="auth" classname="tests.checkDuplicate.specialities.CheckDuplicateSpecialities" time="1.108">
    <system-out><![CDATA[Локальный запуск ChromeDriver
]]></system-out>
    <system-err><![CDATA[[main] INFO io.github.bonigarcia.wdm.WebDriverManager - Using chromedriver 143.0.7499.146 (resolved driver for Chrome 143)
[main] INFO io.github.bonigarcia.wdm.WebDriverManager - Exporting webdriver.chrome.driver as C:\Users\a.garkusha\.cache\selenium\chromedriver\win64\143.0.7499.146\chromedriver.exe
дек. 18, 2025 12:40:30 PM org.openqa.selenium.devtools.CdpVersionFinder findNearestMatch
WARNING: Unable to find CDP implementation matching 143
дек. 18, 2025 12:40:30 PM org.openqa.selenium.chromium.ChromiumDriver lambda$new$4
WARNING: Unable to find version of CDP to use for 143.0.7499.41. You may need to include a dependency on a specific version of the CDP using something similar to `org.seleniumhq.selenium:selenium-devtools-v86:4.33.0` where the version ("v86") matches the version of the chromium-based browser you're using and the version number of the artifact is the same as Selenium's.
]]></system-err>
  </testcase>
  <testcase name="clickReceptionPlanMenu" classname="tests.checkDuplicate.specialities.CheckDuplicateSpecialities" time="0.223"/>
  <testcase name="addSpecialty" classname="tests.checkDuplicate.specialities.CheckDuplicateSpecialities" time="0.765"/>
  <testcase name="specialtyCheck" classname="tests.checkDuplicate.specialities.CheckDuplicateSpecialities" time="1.033"/>
  <testcase name="auth" classname="tests.checkDuplicate.statement.CheckDuplicateStatement" time="0.749">
    <system-out><![CDATA[Локальный запуск ChromeDriver
]]></system-out>
    <system-err><![CDATA[[main] INFO io.github.bonigarcia.wdm.WebDriverManager - Using chromedriver 143.0.7499.146 (resolved driver for Chrome 143)
[main] INFO io.github.bonigarcia.wdm.WebDriverManager - Exporting webdriver.chrome.driver as C:\Users\a.garkusha\.cache\selenium\chromedriver\win64\143.0.7499.146\chromedriver.exe
дек. 18, 2025 12:40:34 PM org.openqa.selenium.devtools.CdpVersionFinder findNearestMatch
WARNING: Unable to find CDP implementation matching 143
дек. 18, 2025 12:40:34 PM org.openqa.selenium.chromium.ChromiumDriver lambda$new$4
WARNING: Unable to find version of CDP to use for 143.0.7499.41. You may need to include a dependency on a specific version of the CDP using something similar to `org.seleniumhq.selenium:selenium-devtools-v86:4.33.0` where the version ("v86") matches the version of the chromium-based browser you're using and the version number of the artifact is the same as Selenium's.
]]></system-err>
  </testcase>
  <testcase name="registrationApplication" classname="tests.checkDuplicate.statement.CheckDuplicateStatement" time="0.205"/>
  <testcase name="clearFields" classname="tests.checkDuplicate.statement.CheckDuplicateStatement" time="10.95"/>
  <testcase name="step_1" classname="tests.checkDuplicate.statement.CheckDuplicateStatement" time="0.391"/>
  <testcase name="step_2" classname="tests.checkDuplicate.statement.CheckDuplicateStatement" time="0.81"/>
  <testcase name="step_3" classname="tests.checkDuplicate.statement.CheckDuplicateStatement" time="0.878"/>
  <testcase name="step_4" classname="tests.checkDuplicate.statement.CheckDuplicateStatement" time="0.712"/>
  <testcase name="step_5" classname="tests.checkDuplicate.statement.CheckDuplicateStatement" time="0.642"/>
  <testcase name="step_6" classname="tests.checkDuplicate.statement.CheckDuplicateStatement" time="0.752"/>
  <testcase name="step_7" classname="tests.checkDuplicate.statement.CheckDuplicateStatement" time="3.382"/>
  <testcase name="step_8" classname="tests.checkDuplicate.statement.CheckDuplicateStatement" time="0.641"/>
  <testcase name="popUp" classname="tests.checkDuplicate.statement.CheckDuplicateStatement" time="6.273"/>
  <testcase name="duplicateRegistrationApplication" classname="tests.checkDuplicate.statement.CheckDuplicateStatement" time="0.668"/>
  <testcase name="duplicateStep_1" classname="tests.checkDuplicate.statement.CheckDuplicateStatement" time="0.347"/>
  <testcase name="duplicateStep_2" classname="tests.checkDuplicate.statement.CheckDuplicateStatement" time="0.786"/>
  <testcase name="duplicateStep_3" classname="tests.checkDuplicate.statement.CheckDuplicateStatement" time="0.843"/>
  <testcase name="duplicateStep_4" classname="tests.checkDuplicate.statement.CheckDuplicateStatement" time="0.699"/>
  <testcase name="duplicateStep_5" classname="tests.checkDuplicate.statement.CheckDuplicateStatement" time="0.615"/>
  <testcase name="duplicate" classname="tests.checkDuplicate.statement.CheckDuplicateStatement" time="2.021"/>
  <testcase name="auth" classname="tests.adminOO.addEntranceExams.AddEntranceExams" time="0.752">
    <system-out><![CDATA[Локальный запуск ChromeDriver
]]></system-out>
    <system-err><![CDATA[[main] INFO io.github.bonigarcia.wdm.WebDriverManager - Using chromedriver 143.0.7499.146 (resolved driver for Chrome 143)
[main] INFO io.github.bonigarcia.wdm.WebDriverManager - Exporting webdriver.chrome.driver as C:\Users\a.garkusha\.cache\selenium\chromedriver\win64\143.0.7499.146\chromedriver.exe
дек. 18, 2025 12:41:08 PM org.openqa.selenium.devtools.CdpVersionFinder findNearestMatch
WARNING: Unable to find CDP implementation matching 143
дек. 18, 2025 12:41:08 PM org.openqa.selenium.chromium.ChromiumDriver lambda$new$4
WARNING: Unable to find version of CDP to use for 143.0.7499.41. You may need to include a dependency on a specific version of the CDP using something similar to `org.seleniumhq.selenium:selenium-devtools-v86:4.33.0` where the version ("v86") matches the version of the chromium-based browser you're using and the version number of the artifact is the same as Selenium's.
]]></system-err>
  </testcase>
  <testcase name="addEntranceExams" classname="tests.adminOO.addEntranceExams.AddEntranceExams" time="10.277">
    <failure message="Expected condition failed: waiting for element to be clickable: By.id: entranceexaminationform-name_subject (tried for 10 second(s) with 500 milliseconds interval)&#10;Build info: version: &apos;4.33.0&apos;, revision: &apos;2c6aaad03a&apos;&#10;System info: os.name: &apos;Windows 10&apos;, os.arch: &apos;amd64&apos;, os.version: &apos;10.0&apos;, java.version: &apos;21.0.7&apos;&#10;Driver info: org.openqa.selenium.chrome.ChromeDriver&#10;Capabilities {acceptInsecureCerts: false, browserName: chrome, browserVersion: 143.0.7499.41, chrome: {chromedriverVersion: 143.0.7499.146 (c1224fc40c9..., userDataDir: C:\Users\AE8A3~1.GAR\AppDat...}, fedcm:accounts: true, goog:chromeOptions: {debuggerAddress: localhost:65134}, goog:processID: 14540, networkConnectionEnabled: false, pageLoadStrategy: normal, platformName: windows, proxy: Proxy(), se:cdp: ws://localhost:65134/devtoo..., se:cdpVersion: 143.0.7499.41, setWindowRect: true, strictFileInteractability: false, timeouts: {implicit: 0, pageLoad: 300000, script: 30000}, unhandledPromptBehavior: dismiss and notify, webauthn:extension:credBlob: true, webauthn:extension:largeBlob: true, webauthn:extension:minPinLength: true, webauthn:extension:prf: true, webauthn:virtualAuthenticators: true}&#10;Session ID: ed0b2a2cfa6c0dd2b01228cdb398ec5e" type="org.openqa.selenium.TimeoutException"><![CDATA[org.openqa.selenium.TimeoutException: 
Expected condition failed: waiting for element to be clickable: By.id: entranceexaminationform-name_subject (tried for 10 second(s) with 500 milliseconds interval)
Build info: version: '4.33.0', revision: '2c6aaad03a'
System info: os.name: 'Windows 10', os.arch: 'amd64', os.version: '10.0', java.version: '21.0.7'
Driver info: org.openqa.selenium.chrome.ChromeDriver
Capabilities {acceptInsecureCerts: false, browserName: chrome, browserVersion: 143.0.7499.41, chrome: {chromedriverVersion: 143.0.7499.146 (c1224fc40c9..., userDataDir: C:\Users\AE8A3~1.GAR\AppDat...}, fedcm:accounts: true, goog:chromeOptions: {debuggerAddress: localhost:65134}, goog:processID: 14540, networkConnectionEnabled: false, pageLoadStrategy: normal, platformName: windows, proxy: Proxy(), se:cdp: ws://localhost:65134/devtoo..., se:cdpVersion: 143.0.7499.41, setWindowRect: true, strictFileInteractability: false, timeouts: {implicit: 0, pageLoad: 300000, script: 30000}, unhandledPromptBehavior: dismiss and notify, webauthn:extension:credBlob: true, webauthn:extension:largeBlob: true, webauthn:extension:minPinLength: true, webauthn:extension:prf: true, webauthn:virtualAuthenticators: true}
Session ID: ed0b2a2cfa6c0dd2b01228cdb398ec5e
	at org.openqa.selenium.support.ui.WebDriverWait.timeoutException(WebDriverWait.java:84)
	at org.openqa.selenium.support.ui.FluentWait.until(FluentWait.java:228)
	at tests.adminOO.addEntranceExams.AddEntranceExams.addEntranceExams(AddEntranceExams.java:34)
	at java.base/jdk.internal.reflect.DirectMethodHandleAccessor.invoke(DirectMethodHandleAccessor.java:103)
	at java.base/java.lang.reflect.Method.invoke(Method.java:580)
	at org.testng.internal.invokers.MethodInvocationHelper.invokeMethod(MethodInvocationHelper.java:139)
	at org.testng.internal.invokers.TestInvoker.invokeMethod(TestInvoker.java:664)
	at org.testng.internal.invokers.TestInvoker.invokeTestMethod(TestInvoker.java:228)
	at org.testng.internal.invokers.MethodRunner.runInSequence(MethodRunner.java:63)
	at org.testng.internal.invokers.TestInvoker$MethodInvocationAgent.invoke(TestInvoker.java:961)
	at org.testng.internal.invokers.TestInvoker.invokeTestMethods(TestInvoker.java:201)
	at org.testng.internal.invokers.TestMethodWorker.invokeTestMethods(TestMethodWorker.java:148)
	at org.testng.internal.invokers.TestMethodWorker.run(TestMethodWorker.java:128)
	at java.base/java.util.ArrayList.forEach(ArrayList.java:1596)
	at org.testng.TestRunner.privateRun(TestRunner.java:819)
	at org.testng.TestRunner.run(TestRunner.java:619)
	at org.testng.SuiteRunner.runTest(SuiteRunner.java:443)
	at org.testng.SuiteRunner.runSequentially(SuiteRunner.java:437)
	at org.testng.SuiteRunner.privateRun(SuiteRunner.java:397)
	at org.testng.SuiteRunner.run(SuiteRunner.java:336)
	at org.testng.SuiteRunnerWorker.runSuite(SuiteRunnerWorker.java:52)
	at org.testng.SuiteRunnerWorker.run(SuiteRunnerWorker.java:95)
	at org.testng.TestNG.runSuitesSequentially(TestNG.java:1301)
	at org.testng.TestNG.runSuitesLocally(TestNG.java:1228)
	at org.testng.TestNG.runSuites(TestNG.java:1134)
	at org.testng.TestNG.run(TestNG.java:1101)
	at org.apache.maven.surefire.testng.TestNGExecutor.run(TestNGExecutor.java:308)
	at org.apache.maven.surefire.testng.TestNGXmlTestSuite.execute(TestNGXmlTestSuite.java:71)
	at org.apache.maven.surefire.testng.TestNGProvider.invoke(TestNGProvider.java:113)
	at java.base/jdk.internal.reflect.DirectMethodHandleAccessor.invoke(DirectMethodHandleAccessor.java:103)
	at java.base/java.lang.reflect.Method.invoke(Method.java:580)
	at org.apache.maven.surefire.api.util.ReflectionUtils.invokeMethodWithArray2(ReflectionUtils.java:137)
	at org.apache.maven.surefire.booter.ProviderFactory$ProviderProxy.invoke(ProviderFactory.java:148)
	at org.apache.maven.surefire.booter.ProviderFactory.invokeProvider(ProviderFactory.java:88)
	at org.apache.maven.plugin.surefire.InPluginVMSurefireStarter.runSuitesInProcess(InPluginVMSurefireStarter.java:91)
	at org.apache.maven.plugin.surefire.AbstractSurefireMojo.executeProvider(AbstractSurefireMojo.java:1212)
	at org.apache.maven.plugin.surefire.AbstractSurefireMojo.executeAfterPreconditionsChecked(AbstractSurefireMojo.java:1090)
	at org.apache.maven.plugin.surefire.AbstractSurefireMojo.execute(AbstractSurefireMojo.java:910)
	at org.apache.maven.plugin.DefaultBuildPluginManager.executeMojo(DefaultBuildPluginManager.java:126)
	at org.apache.maven.lifecycle.internal.MojoExecutor.doExecute2(MojoExecutor.java:328)
	at org.apache.maven.lifecycle.internal.MojoExecutor.doExecute(MojoExecutor.java:316)
	at org.apache.maven.lifecycle.internal.MojoExecutor.execute(MojoExecutor.java:212)
	at org.apache.maven.lifecycle.internal.MojoExecutor.execute(MojoExecutor.java:174)
	at org.apache.maven.lifecycle.internal.MojoExecutor.access$000(MojoExecutor.java:75)
	at org.apache.maven.lifecycle.internal.MojoExecutor$1.run(MojoExecutor.java:162)
	at org.apache.maven.plugin.DefaultMojosExecutionStrategy.execute(DefaultMojosExecutionStrategy.java:39)
	at org.apache.maven.lifecycle.internal.MojoExecutor.execute(MojoExecutor.java:159)
	at org.apache.maven.lifecycle.internal.LifecycleModuleBuilder.buildProject(LifecycleModuleBuilder.java:105)
	at org.apache.maven.lifecycle.internal.LifecycleModuleBuilder.buildProject(LifecycleModuleBuilder.java:73)
	at org.apache.maven.lifecycle.internal.builder.singlethreaded.SingleThreadedBuilder.build(SingleThreadedBuilder.java:53)
	at org.apache.maven.lifecycle.internal.LifecycleStarter.execute(LifecycleStarter.java:118)
	at org.apache.maven.DefaultMaven.doExecute(DefaultMaven.java:261)
	at org.apache.maven.DefaultMaven.doExecute(DefaultMaven.java:173)
	at org.apache.maven.DefaultMaven.execute(DefaultMaven.java:101)
	at org.apache.maven.cli.MavenCli.execute(MavenCli.java:906)
	at org.apache.maven.cli.MavenCli.doMain(MavenCli.java:283)
	at org.apache.maven.cli.MavenCli.main(MavenCli.java:206)
	at java.base/jdk.internal.reflect.DirectMethodHandleAccessor.invoke(DirectMethodHandleAccessor.java:103)
	at java.base/java.lang.reflect.Method.invoke(Method.java:580)
	at org.codehaus.plexus.classworlds.launcher.Launcher.launchEnhanced(Launcher.java:255)
	at org.codehaus.plexus.classworlds.launcher.Launcher.launch(Launcher.java:201)
	at org.codehaus.plexus.classworlds.launcher.Launcher.mainWithExitCode(Launcher.java:361)
	at org.codehaus.plexus.classworlds.launcher.Launcher.main(Launcher.java:314)
]]></failure>
  </testcase>
  <testcase name="popUp" classname="tests.adminOO.addEntranceExams.AddEntranceExams" time="13.323">
    <failure message="The following asserts failed:&#10;	❌ Попап с текстом &apos;Объект «Вступительные испытания» был создан&apos; не появился на странице за 10 секунд" type="java.lang.AssertionError"><![CDATA[java.lang.AssertionError: 
The following asserts failed:
	❌ Попап с текстом 'Объект «Вступительные испытания» был создан' не появился на странице за 10 секунд
	at org.testng.asserts.SoftAssert.assertAll(SoftAssert.java:46)
	at org.testng.asserts.SoftAssert.assertAll(SoftAssert.java:30)
	at tests.adminOO.addEntranceExams.AddEntranceExams.popUp(AddEntranceExams.java:68)
	at java.base/jdk.internal.reflect.DirectMethodHandleAccessor.invoke(DirectMethodHandleAccessor.java:103)
	at java.base/java.lang.reflect.Method.invoke(Method.java:580)
	at org.testng.internal.invokers.MethodInvocationHelper.invokeMethod(MethodInvocationHelper.java:139)
	at org.testng.internal.invokers.TestInvoker.invokeMethod(TestInvoker.java:664)
	at org.testng.internal.invokers.TestInvoker.invokeTestMethod(TestInvoker.java:228)
	at org.testng.internal.invokers.MethodRunner.runInSequence(MethodRunner.java:63)
	at org.testng.internal.invokers.TestInvoker$MethodInvocationAgent.invoke(TestInvoker.java:961)
	at org.testng.internal.invokers.TestInvoker.invokeTestMethods(TestInvoker.java:201)
	at org.testng.internal.invokers.TestMethodWorker.invokeTestMethods(TestMethodWorker.java:148)
	at org.testng.internal.invokers.TestMethodWorker.run(TestMethodWorker.java:128)
	at java.base/java.util.ArrayList.forEach(ArrayList.java:1596)
	at org.testng.TestRunner.privateRun(TestRunner.java:819)
	at org.testng.TestRunner.run(TestRunner.java:619)
	at org.testng.SuiteRunner.runTest(SuiteRunner.java:443)
	at org.testng.SuiteRunner.runSequentially(SuiteRunner.java:437)
	at org.testng.SuiteRunner.privateRun(SuiteRunner.java:397)
	at org.testng.SuiteRunner.run(SuiteRunner.java:336)
	at org.testng.SuiteRunnerWorker.runSuite(SuiteRunnerWorker.java:52)
	at org.testng.SuiteRunnerWorker.run(SuiteRunnerWorker.java:95)
	at org.testng.TestNG.runSuitesSequentially(TestNG.java:1301)
	at org.testng.TestNG.runSuitesLocally(TestNG.java:1228)
	at org.testng.TestNG.runSuites(TestNG.java:1134)
	at org.testng.TestNG.run(TestNG.java:1101)
	at org.apache.maven.surefire.testng.TestNGExecutor.run(TestNGExecutor.java:308)
	at org.apache.maven.surefire.testng.TestNGXmlTestSuite.execute(TestNGXmlTestSuite.java:71)
	at org.apache.maven.surefire.testng.TestNGProvider.invoke(TestNGProvider.java:113)
	at java.base/jdk.internal.reflect.DirectMethodHandleAccessor.invoke(DirectMethodHandleAccessor.java:103)
	at java.base/java.lang.reflect.Method.invoke(Method.java:580)
	at org.apache.maven.surefire.api.util.ReflectionUtils.invokeMethodWithArray2(ReflectionUtils.java:137)
	at org.apache.maven.surefire.booter.ProviderFactory$ProviderProxy.invoke(ProviderFactory.java:148)
	at org.apache.maven.surefire.booter.ProviderFactory.invokeProvider(ProviderFactory.java:88)
	at org.apache.maven.plugin.surefire.InPluginVMSurefireStarter.runSuitesInProcess(InPluginVMSurefireStarter.java:91)
	at org.apache.maven.plugin.surefire.AbstractSurefireMojo.executeProvider(AbstractSurefireMojo.java:1212)
	at org.apache.maven.plugin.surefire.AbstractSurefireMojo.executeAfterPreconditionsChecked(AbstractSurefireMojo.java:1090)
	at org.apache.maven.plugin.surefire.AbstractSurefireMojo.execute(AbstractSurefireMojo.java:910)
	at org.apache.maven.plugin.DefaultBuildPluginManager.executeMojo(DefaultBuildPluginManager.java:126)
	at org.apache.maven.lifecycle.internal.MojoExecutor.doExecute2(MojoExecutor.java:328)
	at org.apache.maven.lifecycle.internal.MojoExecutor.doExecute(MojoExecutor.java:316)
	at org.apache.maven.lifecycle.internal.MojoExecutor.execute(MojoExecutor.java:212)
	at org.apache.maven.lifecycle.internal.MojoExecutor.execute(MojoExecutor.java:174)
	at org.apache.maven.lifecycle.internal.MojoExecutor.access$000(MojoExecutor.java:75)
	at org.apache.maven.lifecycle.internal.MojoExecutor$1.run(MojoExecutor.java:162)
	at org.apache.maven.plugin.DefaultMojosExecutionStrategy.execute(DefaultMojosExecutionStrategy.java:39)
	at org.apache.maven.lifecycle.internal.MojoExecutor.execute(MojoExecutor.java:159)
	at org.apache.maven.lifecycle.internal.LifecycleModuleBuilder.buildProject(LifecycleModuleBuilder.java:105)
	at org.apache.maven.lifecycle.internal.LifecycleModuleBuilder.buildProject(LifecycleModuleBuilder.java:73)
	at org.apache.maven.lifecycle.internal.builder.singlethreaded.SingleThreadedBuilder.build(SingleThreadedBuilder.java:53)
	at org.apache.maven.lifecycle.internal.LifecycleStarter.execute(LifecycleStarter.java:118)
	at org.apache.maven.DefaultMaven.doExecute(DefaultMaven.java:261)
	at org.apache.maven.DefaultMaven.doExecute(DefaultMaven.java:173)
	at org.apache.maven.DefaultMaven.execute(DefaultMaven.java:101)
	at org.apache.maven.cli.MavenCli.execute(MavenCli.java:906)
	at org.apache.maven.cli.MavenCli.doMain(MavenCli.java:283)
	at org.apache.maven.cli.MavenCli.main(MavenCli.java:206)
	at java.base/jdk.internal.reflect.DirectMethodHandleAccessor.invoke(DirectMethodHandleAccessor.java:103)
	at java.base/java.lang.reflect.Method.invoke(Method.java:580)
	at org.codehaus.plexus.classworlds.launcher.Launcher.launchEnhanced(Launcher.java:255)
	at org.codehaus.plexus.classworlds.launcher.Launcher.launch(Launcher.java:201)
	at org.codehaus.plexus.classworlds.launcher.Launcher.mainWithExitCode(Launcher.java:361)
	at org.codehaus.plexus.classworlds.launcher.Launcher.main(Launcher.java:314)
]]></failure>
    <system-out><![CDATA[Скриншот сохранён: D:\Auto\SVE\screenshots\addEntranceExams_1766050880635.png
]]></system-out>
  </testcase>
  <testcase name="auth" classname="tests.adminOO.addGroupsEntranceExams.AddGroupEntranceExams" time="0.75">
    <system-out><![CDATA[Скриншот сохранён: D:\Auto\SVE\screenshots\popUp_1766050894048.png
Локальный запуск ChromeDriver
]]></system-out>
    <system-err><![CDATA[[main] INFO io.github.bonigarcia.wdm.WebDriverManager - Using chromedriver 143.0.7499.146 (resolved driver for Chrome 143)
[main] INFO io.github.bonigarcia.wdm.WebDriverManager - Exporting webdriver.chrome.driver as C:\Users\a.garkusha\.cache\selenium\chromedriver\win64\143.0.7499.146\chromedriver.exe
дек. 18, 2025 12:41:34 PM org.openqa.selenium.devtools.CdpVersionFinder findNearestMatch
WARNING: Unable to find CDP implementation matching 143
дек. 18, 2025 12:41:34 PM org.openqa.selenium.chromium.ChromiumDriver lambda$new$4
WARNING: Unable to find version of CDP to use for 143.0.7499.41. You may need to include a dependency on a specific version of the CDP using something similar to `org.seleniumhq.selenium:selenium-devtools-v86:4.33.0` where the version ("v86") matches the version of the chromium-based browser you're using and the version number of the artifact is the same as Selenium's.
]]></system-err>
  </testcase>
  <testcase name="goToRegistryEntranceExams" classname="tests.adminOO.addGroupsEntranceExams.AddGroupEntranceExams" time="1.972"/>
  <testcase name="addGroupEntranceExams" classname="tests.adminOO.addGroupsEntranceExams.AddGroupEntranceExams" time="0.414"/>
  <testcase name="popUp" classname="tests.adminOO.addGroupsEntranceExams.AddGroupEntranceExams" time="0.901"/>
  <testcase name="auth" classname="tests.adminOO.addScoreEntranceExams.AddScoreEntranceExams" time="0.771">
    <system-out><![CDATA[Локальный запуск ChromeDriver
]]></system-out>
    <system-err><![CDATA[[main] INFO io.github.bonigarcia.wdm.WebDriverManager - Using chromedriver 143.0.7499.146 (resolved driver for Chrome 143)
[main] INFO io.github.bonigarcia.wdm.WebDriverManager - Exporting webdriver.chrome.driver as C:\Users\a.garkusha\.cache\selenium\chromedriver\win64\143.0.7499.146\chromedriver.exe
дек. 18, 2025 12:41:40 PM org.openqa.selenium.devtools.CdpVersionFinder findNearestMatch
WARNING: Unable to find CDP implementation matching 143
дек. 18, 2025 12:41:40 PM org.openqa.selenium.chromium.ChromiumDriver lambda$new$4
WARNING: Unable to find version of CDP to use for 143.0.7499.41. You may need to include a dependency on a specific version of the CDP using something similar to `org.seleniumhq.selenium:selenium-devtools-v86:4.33.0` where the version ("v86") matches the version of the chromium-based browser you're using and the version number of the artifact is the same as Selenium's.
]]></system-err>
  </testcase>
  <testcase name="goToAddEntranceExams" classname="tests.adminOO.addScoreEntranceExams.AddScoreEntranceExams" time="0.721"/>
  <testcase name="addEntranceExams" classname="tests.adminOO.addScoreEntranceExams.AddScoreEntranceExams" time="1.133"/>
  <testcase name="popUpEntranceExamCreated" classname="tests.adminOO.addScoreEntranceExams.AddScoreEntranceExams" time="3.028"/>
  <testcase name="addGroupEntranceExams" classname="tests.adminOO.addScoreEntranceExams.AddScoreEntranceExams" time="3.805"/>
  <testcase name="popUpGroupCreated" classname="tests.adminOO.addScoreEntranceExams.AddScoreEntranceExams" time="0.016"/>
  <testcase name="staffingGroup" classname="tests.adminOO.addScoreEntranceExams.AddScoreEntranceExams" time="3.514"/>
  <testcase name="grading" classname="tests.adminOO.addScoreEntranceExams.AddScoreEntranceExams" time="2.665"/>
  <testcase name="auth" classname="tests.adminOO.createRoleCOO.CreateRoleCOO" time="0.8">
    <system-out><![CDATA[Локальный запуск ChromeDriver
]]></system-out>
    <system-err><![CDATA[[main] INFO io.github.bonigarcia.wdm.WebDriverManager - Using chromedriver 143.0.7499.146 (resolved driver for Chrome 143)
[main] INFO io.github.bonigarcia.wdm.WebDriverManager - Exporting webdriver.chrome.driver as C:\Users\a.garkusha\.cache\selenium\chromedriver\win64\143.0.7499.146\chromedriver.exe
дек. 18, 2025 12:41:57 PM org.openqa.selenium.devtools.CdpVersionFinder findNearestMatch
WARNING: Unable to find CDP implementation matching 143
дек. 18, 2025 12:41:57 PM org.openqa.selenium.chromium.ChromiumDriver lambda$new$4
WARNING: Unable to find version of CDP to use for 143.0.7499.41. You may need to include a dependency on a specific version of the CDP using something similar to `org.seleniumhq.selenium:selenium-devtools-v86:4.33.0` where the version ("v86") matches the version of the chromium-based browser you're using and the version number of the artifact is the same as Selenium's.
]]></system-err>
  </testcase>
  <testcase name="goToCreatingUser" classname="tests.adminOO.createRoleCOO.CreateRoleCOO" time="0.725"/>
  <testcase name="addUserCOO" classname="tests.adminOO.createRoleCOO.CreateRoleCOO" time="1.495"/>
  <testcase name="popUp" classname="tests.adminOO.createRoleCOO.CreateRoleCOO" time="0.528"/>
  <testcase name="auth" classname="tests.adminOO.editingUser.EditingUser" time="0.725">
    <system-out><![CDATA[Локальный запуск ChromeDriver
]]></system-out>
    <system-err><![CDATA[[main] INFO io.github.bonigarcia.wdm.WebDriverManager - Using chromedriver 143.0.7499.146 (resolved driver for Chrome 143)
[main] INFO io.github.bonigarcia.wdm.WebDriverManager - Exporting webdriver.chrome.driver as C:\Users\a.garkusha\.cache\selenium\chromedriver\win64\143.0.7499.146\chromedriver.exe
дек. 18, 2025 12:42:02 PM org.openqa.selenium.devtools.CdpVersionFinder findNearestMatch
WARNING: Unable to find CDP implementation matching 143
дек. 18, 2025 12:42:02 PM org.openqa.selenium.chromium.ChromiumDriver lambda$new$4
WARNING: Unable to find version of CDP to use for 143.0.7499.41. You may need to include a dependency on a specific version of the CDP using something similar to `org.seleniumhq.selenium:selenium-devtools-v86:4.33.0` where the version ("v86") matches the version of the chromium-based browser you're using and the version number of the artifact is the same as Selenium's.
]]></system-err>
  </testcase>
  <testcase name="goToUserRegistry" classname="tests.adminOO.editingUser.EditingUser" time="0.952"/>
  <testcase name="clearFields" classname="tests.adminOO.editingUser.EditingUser" time="0.114"/>
  <testcase name="checkRequiredFields" classname="tests.adminOO.editingUser.EditingUser" time="2.056"/>
  <testcase name="clearFields_2" classname="tests.adminOO.editingUser.EditingUser" time="0.093"/>
  <testcase name="changingData" classname="tests.adminOO.editingUser.EditingUser" time="0.191"/>
  <testcase name="popUp" classname="tests.adminOO.editingUser.EditingUser" time="0.529"/>
  <testcase name="checkComparisonFields" classname="tests.adminOO.editingUser.EditingUser" time="0.052"/>
  <testcase name="auth" classname="tests.adminOO.blockingUnblockingUser.BlockingUnblockingUser" time="0.733">
    <system-out><![CDATA[Локальный запуск ChromeDriver
]]></system-out>
    <system-err><![CDATA[[main] INFO io.github.bonigarcia.wdm.WebDriverManager - Using chromedriver 143.0.7499.146 (resolved driver for Chrome 143)
[main] INFO io.github.bonigarcia.wdm.WebDriverManager - Exporting webdriver.chrome.driver as C:\Users\a.garkusha\.cache\selenium\chromedriver\win64\143.0.7499.146\chromedriver.exe
дек. 18, 2025 12:42:08 PM org.openqa.selenium.devtools.CdpVersionFinder findNearestMatch
WARNING: Unable to find CDP implementation matching 143
дек. 18, 2025 12:42:08 PM org.openqa.selenium.chromium.ChromiumDriver lambda$new$4
WARNING: Unable to find version of CDP to use for 143.0.7499.41. You may need to include a dependency on a specific version of the CDP using something similar to `org.seleniumhq.selenium:selenium-devtools-v86:4.33.0` where the version ("v86") matches the version of the chromium-based browser you're using and the version number of the artifact is the same as Selenium's.
]]></system-err>
  </testcase>
  <testcase name="goToUserRegistry" classname="tests.adminOO.blockingUnblockingUser.BlockingUnblockingUser" time="0.941"/>
  <testcase name="toggleBlocking" classname="tests.adminOO.blockingUnblockingUser.BlockingUnblockingUser" time="3.374"/>
  <testcase name="auth" classname="tests.adminOO.changeApplicantData.ChangeApplicantData" time="0.734">
    <system-out><![CDATA[Локальный запуск ChromeDriver
]]></system-out>
    <system-err><![CDATA[[main] INFO io.github.bonigarcia.wdm.WebDriverManager - Using chromedriver 143.0.7499.146 (resolved driver for Chrome 143)
[main] INFO io.github.bonigarcia.wdm.WebDriverManager - Exporting webdriver.chrome.driver as C:\Users\a.garkusha\.cache\selenium\chromedriver\win64\143.0.7499.146\chromedriver.exe
дек. 18, 2025 12:42:14 PM org.openqa.selenium.devtools.CdpVersionFinder findNearestMatch
WARNING: Unable to find CDP implementation matching 143
дек. 18, 2025 12:42:14 PM org.openqa.selenium.chromium.ChromiumDriver lambda$new$4
WARNING: Unable to find version of CDP to use for 143.0.7499.41. You may need to include a dependency on a specific version of the CDP using something similar to `org.seleniumhq.selenium:selenium-devtools-v86:4.33.0` where the version ("v86") matches the version of the chromium-based browser you're using and the version number of the artifact is the same as Selenium's.
]]></system-err>
  </testcase>
  <testcase name="openRegistryApplications" classname="tests.adminOO.changeApplicantData.ChangeApplicantData" time="4.026"/>
  <testcase name="changeApplicantData" classname="tests.adminOO.changeApplicantData.ChangeApplicantData" time="2.732"/>
  <testcase name="assertChangedFields" classname="tests.adminOO.changeApplicantData.ChangeApplicantData" time="0.188"/>
</testsuite>