<?xml version="1.0" encoding="UTF-8"?>
<testng-results ignored="0" total="98" passed="95" failed="3" skipped="0">
  <reporter-output>
  </reporter-output>
  <suite started-at="2025-12-18T12:38:38 MSK" name="All Test Suite" finished-at="2025-12-18T12:42:23 MSK" duration-ms="224969">
    <groups>
    </groups>
    <test started-at="2025-12-18T12:38:38 MSK" name="Registration" finished-at="2025-12-18T12:40:23 MSK" duration-ms="104944">
      <class name="tests.registration.registrationComparisonFields.RegistrationComparisonFields">
        <test-method is-config="true" signature="beforeClass()[pri:0, instance:tests.registration.registrationComparisonFields.RegistrationComparisonFields@32c503d3]" started-at="2025-12-18T12:39:43 MSK" name="beforeClass" finished-at="2025-12-18T12:39:45 MSK" duration-ms="1414" status="PASS">
          <reporter-output>
          </reporter-output>
        </test-method> <!-- beforeClass -->
        <test-method signature="auth()[pri:1, instance:tests.registration.registrationComparisonFields.RegistrationComparisonFields@32c503d3]" started-at="2025-12-18T12:39:45 MSK" name="auth" description="Авторизация" finished-at="2025-12-18T12:39:45 MSK" duration-ms="749" status="PASS">
          <reporter-output>
          </reporter-output>
        </test-method> <!-- auth -->
        <test-method is-config="true" signature="takeScreenshotOnFailure(org.testng.ITestResult)[pri:0, instance:tests.registration.registrationComparisonFields.RegistrationComparisonFields@32c503d3]" started-at="2025-12-18T12:39:45 MSK" name="takeScreenshotOnFailure" finished-at="2025-12-18T12:39:45 MSK" duration-ms="0" status="PASS">
          <params>
            <param index="0">
              <value>
                <![CDATA[[TestResult name=auth status=SUCCESS method=BaseRegistration.auth()[pri:1, instance:tests.registration.registrationComparisonFields.RegistrationComparisonFields@32c503d3] output={null}]]]>
              </value>
            </param>
          </params>
          <reporter-output>
          </reporter-output>
        </test-method> <!-- takeScreenshotOnFailure -->
        <test-method signature="registrationApplication()[pri:2, instance:tests.registration.registrationComparisonFields.RegistrationComparisonFields@32c503d3]" started-at="2025-12-18T12:39:45 MSK" name="registrationApplication" finished-at="2025-12-18T12:39:46 MSK" duration-ms="720" status="PASS">
          <reporter-output>
          </reporter-output>
        </test-method> <!-- registrationApplication -->
        <test-method is-config="true" signature="takeScreenshotOnFailure(org.testng.ITestResult)[pri:0, instance:tests.registration.registrationComparisonFields.RegistrationComparisonFields@32c503d3]" started-at="2025-12-18T12:39:46 MSK" name="takeScreenshotOnFailure" finished-at="2025-12-18T12:39:46 MSK" duration-ms="0" status="PASS">
          <params>
            <param index="0">
              <value>
                <![CDATA[[TestResult name=registrationApplication status=SUCCESS method=BaseRegistration.registrationApplication()[pri:2, instance:tests.registration.registrationComparisonFields.RegistrationComparisonFields@32c503d3] output={null}]]]>
              </value>
            </param>
          </params>
          <reporter-output>
          </reporter-output>
        </test-method> <!-- takeScreenshotOnFailure -->
        <test-method signature="clearFields()[pri:3, instance:tests.registration.registrationComparisonFields.RegistrationComparisonFields@32c503d3]" started-at="2025-12-18T12:39:46 MSK" name="clearFields" finished-at="2025-12-18T12:39:57 MSK" duration-ms="10906" status="PASS">
          <reporter-output>
          </reporter-output>
        </test-method> <!-- clearFields -->
        <test-method is-config="true" signature="takeScreenshotOnFailure(org.testng.ITestResult)[pri:0, instance:tests.registration.registrationComparisonFields.RegistrationComparisonFields@32c503d3]" started-at="2025-12-18T12:39:57 MSK" name="takeScreenshotOnFailure" finished-at="2025-12-18T12:39:57 MSK" duration-ms="1" status="PASS">
          <params>
            <param index="0">
              <value>
                <![CDATA[[TestResult name=clearFields status=SUCCESS method=BaseRegistration.clearFields()[pri:3, instance:tests.registration.registrationComparisonFields.RegistrationComparisonFields@32c503d3] output={null}]]]>
              </value>
            </param>
          </params>
          <reporter-output>
          </reporter-output>
        </test-method> <!-- takeScreenshotOnFailure -->
        <test-method signature="fullRegistrationCycle()[pri:4, instance:tests.registration.registrationComparisonFields.RegistrationComparisonFields@32c503d3]" started-at="2025-12-18T12:39:57 MSK" name="fullRegistrationCycle" finished-at="2025-12-18T12:40:07 MSK" duration-ms="10079" status="PASS">
          <reporter-output>
          </reporter-output>
        </test-method> <!-- fullRegistrationCycle -->
        <test-method is-config="true" signature="takeScreenshotOnFailure(org.testng.ITestResult)[pri:0, instance:tests.registration.registrationComparisonFields.RegistrationComparisonFields@32c503d3]" started-at="2025-12-18T12:40:07 MSK" name="takeScreenshotOnFailure" finished-at="2025-12-18T12:40:07 MSK" duration-ms="0" status="PASS">
          <params>
            <param index="0">
              <value>
                <![CDATA[[TestResult name=fullRegistrationCycle status=SUCCESS method=RegistrationComparisonFields.fullRegistrationCycle()[pri:4, instance:tests.registration.registrationComparisonFields.RegistrationComparisonFields@32c503d3] output={null}]]]>
              </value>
            </param>
          </params>
          <reporter-output>
          </reporter-output>
        </test-method> <!-- takeScreenshotOnFailure -->
        <test-method signature="fullComparisonFields()[pri:16, instance:tests.registration.registrationComparisonFields.RegistrationComparisonFields@32c503d3]" started-at="2025-12-18T12:40:07 MSK" name="fullComparisonFields" finished-at="2025-12-18T12:40:23 MSK" duration-ms="15718" status="FAIL">
          <exception class="org.openqa.selenium.TimeoutException">
            <message>
              <![CDATA[Expected condition failed: waiting for element to be clickable: By.xpath: //*[@id="education-document-index-container"]/table/tbody/tr/td[4] (tried for 10 second(s) with 500 milliseconds interval)
Build info: version: '4.33.0', revision: '2c6aaad03a'
System info: os.name: 'Windows 10', os.arch: 'amd64', os.version: '10.0', java.version: '21.0.7'
Driver info: org.openqa.selenium.chrome.ChromeDriver
Capabilities {acceptInsecureCerts: false, browserName: chrome, browserVersion: 143.0.7499.41, chrome: {chromedriverVersion: 143.0.7499.146 (c1224fc40c9..., userDataDir: C:\Users\AE8A3~1.GAR\AppDat...}, fedcm:accounts: true, goog:chromeOptions: {debuggerAddress: localhost:64991}, goog:processID: 18844, networkConnectionEnabled: false, pageLoadStrategy: normal, platformName: windows, proxy: Proxy(), se:cdp: ws://localhost:64991/devtoo..., se:cdpVersion: 143.0.7499.41, setWindowRect: true, strictFileInteractability: false, timeouts: {implicit: 0, pageLoad: 300000, script: 30000}, unhandledPromptBehavior: dismiss and notify, webauthn:extension:credBlob: true, webauthn:extension:largeBlob: true, webauthn:extension:minPinLength: true, webauthn:extension:prf: true, webauthn:virtualAuthenticators: true}
Session ID: 0bbb77ebc5abc3f56377eb0de8ee236c]]>
            </message>
            <full-stacktrace>
              <![CDATA[org.openqa.selenium.TimeoutException: Expected condition failed: waiting for element to be clickable: By.xpath: //*[@id="education-document-index-container"]/table/tbody/tr/td[4] (tried for 10 second(s) with 500 milliseconds interval)
Build info: version: '4.33.0', revision: '2c6aaad03a'
System info: os.name: 'Windows 10', os.arch: 'amd64', os.version: '10.0', java.version: '21.0.7'
Driver info: org.openqa.selenium.chrome.ChromeDriver
Capabilities {acceptInsecureCerts: false, browserName: chrome, browserVersion: 143.0.7499.41, chrome: {chromedriverVersion: 143.0.7499.146 (c1224fc40c9..., userDataDir: C:\Users\AE8A3~1.GAR\AppDat...}, fedcm:accounts: true, goog:chromeOptions: {debuggerAddress: localhost:64991}, goog:processID: 18844, networkConnectionEnabled: false, pageLoadStrategy: normal, platformName: windows, proxy: Proxy(), se:cdp: ws://localhost:64991/devtoo..., se:cdpVersion: 143.0.7499.41, setWindowRect: true, strictFileInteractability: false, timeouts: {implicit: 0, pageLoad: 300000, script: 30000}, unhandledPromptBehavior: dismiss and notify, webauthn:extension:credBlob: true, webauthn:extension:largeBlob: true, webauthn:extension:minPinLength: true, webauthn:extension:prf: true, webauthn:virtualAuthenticators: true}
Session ID: 0bbb77ebc5abc3f56377eb0de8ee236c
at org.openqa.selenium.support.ui.WebDriverWait.timeoutException(WebDriverWait.java:84)
at org.openqa.selenium.support.ui.FluentWait.until(FluentWait.java:228)
at utils.AssertUtils.assertElementTextEquals(AssertUtils.java:25)
at tests.registration.registrationComparisonFields.steps.step_3.MainAssertStep_3.fillAssertStep_3(MainAssertStep_3.java:32)
at tests.registration.registrationComparisonFields.RegistrationComparisonFields.fullComparisonFields(RegistrationComparisonFields.java:62)
at java.base/jdk.internal.reflect.DirectMethodHandleAccessor.invoke(DirectMethodHandleAccessor.java:103)
at java.base/java.lang.reflect.Method.invoke(Method.java:580)
at org.testng.internal.invokers.MethodInvocationHelper.invokeMethod(MethodInvocationHelper.java:139)
at org.testng.internal.invokers.TestInvoker.invokeMethod(TestInvoker.java:664)
at org.testng.internal.invokers.TestInvoker.invokeTestMethod(TestInvoker.java:228)
at org.testng.internal.invokers.MethodRunner.runInSequence(MethodRunner.java:63)
at org.testng.internal.invokers.TestInvoker$MethodInvocationAgent.invoke(TestInvoker.java:961)
at org.testng.internal.invokers.TestInvoker.invokeTestMethods(TestInvoker.java:201)
at org.testng.internal.invokers.TestMethodWorker.invokeTestMethods(TestMethodWorker.java:148)
at org.testng.internal.invokers.TestMethodWorker.run(TestMethodWorker.java:128)
at java.base/java.util.ArrayList.forEach(ArrayList.java:1596)
at org.testng.TestRunner.privateRun(TestRunner.java:819)
at org.testng.TestRunner.run(TestRunner.java:619)
at org.testng.SuiteRunner.runTest(SuiteRunner.java:443)
at org.testng.SuiteRunner.runSequentially(SuiteRunner.java:437)
at org.testng.SuiteRunner.privateRun(SuiteRunner.java:397)
at org.testng.SuiteRunner.run(SuiteRunner.java:336)
at org.testng.SuiteRunnerWorker.runSuite(SuiteRunnerWorker.java:52)
at org.testng.SuiteRunnerWorker.run(SuiteRunnerWorker.java:95)
at org.testng.TestNG.runSuitesSequentially(TestNG.java:1301)
at org.testng.TestNG.runSuitesLocally(TestNG.java:1228)
at org.testng.TestNG.runSuites(TestNG.java:1134)
at org.testng.TestNG.run(TestNG.java:1101)
at org.apache.maven.surefire.testng.TestNGExecutor.run(TestNGExecutor.java:308)
at org.apache.maven.surefire.testng.TestNGXmlTestSuite.execute(TestNGXmlTestSuite.java:71)
at org.apache.maven.surefire.testng.TestNGProvider.invoke(TestNGProvider.java:113)
at java.base/jdk.internal.reflect.DirectMethodHandleAccessor.invoke(DirectMethodHandleAccessor.java:103)
at java.base/java.lang.reflect.Method.invoke(Method.java:580)
at org.apache.maven.surefire.api.util.ReflectionUtils.invokeMethodWithArray2(ReflectionUtils.java:137)
at org.apache.maven.surefire.booter.ProviderFactory$ProviderProxy.invoke(ProviderFactory.java:148)
at org.apache.maven.surefire.booter.ProviderFactory.invokeProvider(ProviderFactory.java:88)
at org.apache.maven.plugin.surefire.InPluginVMSurefireStarter.runSuitesInProcess(InPluginVMSurefireStarter.java:91)
at org.apache.maven.plugin.surefire.AbstractSurefireMojo.executeProvider(AbstractSurefireMojo.java:1212)
at org.apache.maven.plugin.surefire.AbstractSurefireMojo.executeAfterPreconditionsChecked(AbstractSurefireMojo.java:1090)
at org.apache.maven.plugin.surefire.AbstractSurefireMojo.execute(AbstractSurefireMojo.java:910)
at org.apache.maven.plugin.DefaultBuildPluginManager.executeMojo(DefaultBuildPluginManager.java:126)
at org.apache.maven.lifecycle.internal.MojoExecutor.doExecute2(MojoExecutor.java:328)
at org.apache.maven.lifecycle.internal.MojoExecutor.doExecute(MojoExecutor.java:316)
at org.apache.maven.lifecycle.internal.MojoExecutor.execute(MojoExecutor.java:212)
at org.apache.maven.lifecycle.internal.MojoExecutor.execute(MojoExecutor.java:174)
at org.apache.maven.lifecycle.internal.MojoExecutor.access$000(MojoExecutor.java:75)
at org.apache.maven.lifecycle.internal.MojoExecutor$1.run(MojoExecutor.java:162)
at org.apache.maven.plugin.DefaultMojosExecutionStrategy.execute(DefaultMojosExecutionStrategy.java:39)
at org.apache.maven.lifecycle.internal.MojoExecutor.execute(MojoExecutor.java:159)
at org.apache.maven.lifecycle.internal.LifecycleModuleBuilder.buildProject(LifecycleModuleBuilder.java:105)
at org.apache.maven.lifecycle.internal.LifecycleModuleBuilder.buildProject(LifecycleModuleBuilder.java:73)
at org.apache.maven.lifecycle.internal.builder.singlethreaded.SingleThreadedBuilder.build(SingleThreadedBuilder.java:53)
at org.apache.maven.lifecycle.internal.LifecycleStarter.execute(LifecycleStarter.java:118)
at org.apache.maven.DefaultMaven.doExecute(DefaultMaven.java:261)
at org.apache.maven.DefaultMaven.doExecute(DefaultMaven.java:173)
at org.apache.maven.DefaultMaven.execute(DefaultMaven.java:101)
at org.apache.maven.cli.MavenCli.execute(MavenCli.java:906)
at org.apache.maven.cli.MavenCli.doMain(MavenCli.java:283)
at org.apache.maven.cli.MavenCli.main(MavenCli.java:206)
at java.base/jdk.internal.reflect.DirectMethodHandleAccessor.invoke(DirectMethodHandleAccessor.java:103)
at java.base/java.lang.reflect.Method.invoke(Method.java:580)
at org.codehaus.plexus.classworlds.launcher.Launcher.launchEnhanced(Launcher.java:255)
at org.codehaus.plexus.classworlds.launcher.Launcher.launch(Launcher.java:201)
at org.codehaus.plexus.classworlds.launcher.Launcher.mainWithExitCode(Launcher.java:361)
at org.codehaus.plexus.classworlds.launcher.Launcher.main(Launcher.java:314)
]]>
            </full-stacktrace>
          </exception> <!-- org.openqa.selenium.TimeoutException -->
          <reporter-output>
          </reporter-output>
        </test-method> <!-- fullComparisonFields -->
        <test-method is-config="true" signature="takeScreenshotOnFailure(org.testng.ITestResult)[pri:0, instance:tests.registration.registrationComparisonFields.RegistrationComparisonFields@32c503d3]" started-at="2025-12-18T12:40:23 MSK" name="takeScreenshotOnFailure" finished-at="2025-12-18T12:40:23 MSK" duration-ms="116" status="PASS">
          <params>
            <param index="0">
              <value>
                <![CDATA[[TestResult name=fullComparisonFields status=FAILURE method=RegistrationComparisonFields.fullComparisonFields()[pri:16, instance:tests.registration.registrationComparisonFields.RegistrationComparisonFields@32c503d3] output={null}]]]>
              </value>
            </param>
          </params>
          <reporter-output>
          </reporter-output>
        </test-method> <!-- takeScreenshotOnFailure -->
        <test-method is-config="true" signature="tearDown()[pri:0, instance:tests.registration.registrationComparisonFields.RegistrationComparisonFields@32c503d3]" started-at="2025-12-18T12:40:23 MSK" name="tearDown" finished-at="2025-12-18T12:40:23 MSK" duration-ms="72" status="PASS">
          <reporter-output>
          </reporter-output>
        </test-method> <!-- tearDown -->
      </class> <!-- tests.registration.registrationComparisonFields.RegistrationComparisonFields -->
      <class name="tests.registration.registrationClassic.RegistrationClassic">
        <test-method is-config="true" signature="beforeClass()[pri:0, instance:tests.registration.registrationClassic.RegistrationClassic@63f95ac1]" started-at="2025-12-18T12:38:38 MSK" name="beforeClass" finished-at="2025-12-18T12:38:40 MSK" duration-ms="1999" status="PASS">
          <reporter-output>
          </reporter-output>
        </test-method> <!-- beforeClass -->
        <test-method signature="auth()[pri:1, instance:tests.registration.registrationClassic.RegistrationClassic@63f95ac1]" started-at="2025-12-18T12:38:40 MSK" name="auth" description="Авторизация" finished-at="2025-12-18T12:38:41 MSK" duration-ms="770" status="PASS">
          <reporter-output>
          </reporter-output>
        </test-method> <!-- auth -->
        <test-method is-config="true" signature="takeScreenshotOnFailure(org.testng.ITestResult)[pri:0, instance:tests.registration.registrationClassic.RegistrationClassic@63f95ac1]" started-at="2025-12-18T12:38:41 MSK" name="takeScreenshotOnFailure" finished-at="2025-12-18T12:38:41 MSK" duration-ms="1" status="PASS">
          <params>
            <param index="0">
              <value>
                <![CDATA[[TestResult name=auth status=SUCCESS method=RegistrationClassic.auth()[pri:1, instance:tests.registration.registrationClassic.RegistrationClassic@63f95ac1] output={null}]]]>
              </value>
            </param>
          </params>
          <reporter-output>
          </reporter-output>
        </test-method> <!-- takeScreenshotOnFailure -->
        <test-method signature="registrationApplication()[pri:2, instance:tests.registration.registrationClassic.RegistrationClassic@63f95ac1]" started-at="2025-12-18T12:38:41 MSK" name="registrationApplication" finished-at="2025-12-18T12:38:41 MSK" duration-ms="203" status="PASS">
          <reporter-output>
          </reporter-output>
        </test-method> <!-- registrationApplication -->
        <test-method is-config="true" signature="takeScreenshotOnFailure(org.testng.ITestResult)[pri:0, instance:tests.registration.registrationClassic.RegistrationClassic@63f95ac1]" started-at="2025-12-18T12:38:41 MSK" name="takeScreenshotOnFailure" finished-at="2025-12-18T12:38:41 MSK" duration-ms="0" status="PASS">
          <params>
            <param index="0">
              <value>
                <![CDATA[[TestResult name=registrationApplication status=SUCCESS method=RegistrationClassic.registrationApplication()[pri:2, instance:tests.registration.registrationClassic.RegistrationClassic@63f95ac1] output={null}]]]>
              </value>
            </param>
          </params>
          <reporter-output>
          </reporter-output>
        </test-method> <!-- takeScreenshotOnFailure -->
        <test-method signature="clearFields()[pri:3, instance:tests.registration.registrationClassic.RegistrationClassic@63f95ac1]" started-at="2025-12-18T12:38:41 MSK" name="clearFields" finished-at="2025-12-18T12:38:42 MSK" duration-ms="687" status="PASS">
          <reporter-output>
          </reporter-output>
        </test-method> <!-- clearFields -->
        <test-method is-config="true" signature="takeScreenshotOnFailure(org.testng.ITestResult)[pri:0, instance:tests.registration.registrationClassic.RegistrationClassic@63f95ac1]" started-at="2025-12-18T12:38:42 MSK" name="takeScreenshotOnFailure" finished-at="2025-12-18T12:38:42 MSK" duration-ms="0" status="PASS">
          <params>
            <param index="0">
              <value>
                <![CDATA[[TestResult name=clearFields status=SUCCESS method=RegistrationClassic.clearFields()[pri:3, instance:tests.registration.registrationClassic.RegistrationClassic@63f95ac1] output={null}]]]>
              </value>
            </param>
          </params>
          <reporter-output>
          </reporter-output>
        </test-method> <!-- takeScreenshotOnFailure -->
        <test-method signature="step_1()[pri:4, instance:tests.registration.registrationClassic.RegistrationClassic@63f95ac1]" started-at="2025-12-18T12:38:42 MSK" name="step_1" finished-at="2025-12-18T12:38:42 MSK" duration-ms="427" status="PASS">
          <reporter-output>
          </reporter-output>
        </test-method> <!-- step_1 -->
        <test-method is-config="true" signature="takeScreenshotOnFailure(org.testng.ITestResult)[pri:0, instance:tests.registration.registrationClassic.RegistrationClassic@63f95ac1]" started-at="2025-12-18T12:38:42 MSK" name="takeScreenshotOnFailure" finished-at="2025-12-18T12:38:42 MSK" duration-ms="0" status="PASS">
          <params>
            <param index="0">
              <value>
                <![CDATA[[TestResult name=step_1 status=SUCCESS method=RegistrationClassic.step_1()[pri:4, instance:tests.registration.registrationClassic.RegistrationClassic@63f95ac1] output={null}]]]>
              </value>
            </param>
          </params>
          <reporter-output>
          </reporter-output>
        </test-method> <!-- takeScreenshotOnFailure -->
        <test-method signature="step_2()[pri:5, instance:tests.registration.registrationClassic.RegistrationClassic@63f95ac1]" started-at="2025-12-18T12:38:42 MSK" name="step_2" finished-at="2025-12-18T12:38:43 MSK" duration-ms="835" status="PASS">
          <reporter-output>
          </reporter-output>
        </test-method> <!-- step_2 -->
        <test-method is-config="true" signature="takeScreenshotOnFailure(org.testng.ITestResult)[pri:0, instance:tests.registration.registrationClassic.RegistrationClassic@63f95ac1]" started-at="2025-12-18T12:38:43 MSK" name="takeScreenshotOnFailure" finished-at="2025-12-18T12:38:43 MSK" duration-ms="1" status="PASS">
          <params>
            <param index="0">
              <value>
                <![CDATA[[TestResult name=step_2 status=SUCCESS method=RegistrationClassic.step_2()[pri:5, instance:tests.registration.registrationClassic.RegistrationClassic@63f95ac1] output={null}]]]>
              </value>
            </param>
          </params>
          <reporter-output>
          </reporter-output>
        </test-method> <!-- takeScreenshotOnFailure -->
        <test-method signature="step_3()[pri:6, instance:tests.registration.registrationClassic.RegistrationClassic@63f95ac1]" started-at="2025-12-18T12:38:43 MSK" name="step_3" finished-at="2025-12-18T12:38:44 MSK" duration-ms="973" status="PASS">
          <reporter-output>
          </reporter-output>
        </test-method> <!-- step_3 -->
        <test-method is-config="true" signature="takeScreenshotOnFailure(org.testng.ITestResult)[pri:0, instance:tests.registration.registrationClassic.RegistrationClassic@63f95ac1]" started-at="2025-12-18T12:38:44 MSK" name="takeScreenshotOnFailure" finished-at="2025-12-18T12:38:44 MSK" duration-ms="1" status="PASS">
          <params>
            <param index="0">
              <value>
                <![CDATA[[TestResult name=step_3 status=SUCCESS method=RegistrationClassic.step_3()[pri:6, instance:tests.registration.registrationClassic.RegistrationClassic@63f95ac1] output={null}]]]>
              </value>
            </param>
          </params>
          <reporter-output>
          </reporter-output>
        </test-method> <!-- takeScreenshotOnFailure -->
        <test-method signature="step_4()[pri:7, instance:tests.registration.registrationClassic.RegistrationClassic@63f95ac1]" started-at="2025-12-18T12:38:44 MSK" name="step_4" finished-at="2025-12-18T12:38:45 MSK" duration-ms="726" status="PASS">
          <reporter-output>
          </reporter-output>
        </test-method> <!-- step_4 -->
        <test-method is-config="true" signature="takeScreenshotOnFailure(org.testng.ITestResult)[pri:0, instance:tests.registration.registrationClassic.RegistrationClassic@63f95ac1]" started-at="2025-12-18T12:38:45 MSK" name="takeScreenshotOnFailure" finished-at="2025-12-18T12:38:45 MSK" duration-ms="1" status="PASS">
          <params>
            <param index="0">
              <value>
                <![CDATA[[TestResult name=step_4 status=SUCCESS method=RegistrationClassic.step_4()[pri:7, instance:tests.registration.registrationClassic.RegistrationClassic@63f95ac1] output={null}]]]>
              </value>
            </param>
          </params>
          <reporter-output>
          </reporter-output>
        </test-method> <!-- takeScreenshotOnFailure -->
        <test-method signature="step_5()[pri:8, instance:tests.registration.registrationClassic.RegistrationClassic@63f95ac1]" started-at="2025-12-18T12:38:45 MSK" name="step_5" finished-at="2025-12-18T12:38:45 MSK" duration-ms="634" status="PASS">
          <reporter-output>
          </reporter-output>
        </test-method> <!-- step_5 -->
        <test-method is-config="true" signature="takeScreenshotOnFailure(org.testng.ITestResult)[pri:0, instance:tests.registration.registrationClassic.RegistrationClassic@63f95ac1]" started-at="2025-12-18T12:38:45 MSK" name="takeScreenshotOnFailure" finished-at="2025-12-18T12:38:45 MSK" duration-ms="0" status="PASS">
          <params>
            <param index="0">
              <value>
                <![CDATA[[TestResult name=step_5 status=SUCCESS method=RegistrationClassic.step_5()[pri:8, instance:tests.registration.registrationClassic.RegistrationClassic@63f95ac1] output={null}]]]>
              </value>
            </param>
          </params>
          <reporter-output>
          </reporter-output>
        </test-method> <!-- takeScreenshotOnFailure -->
        <test-method signature="step_6()[pri:9, instance:tests.registration.registrationClassic.RegistrationClassic@63f95ac1]" started-at="2025-12-18T12:38:45 MSK" name="step_6" finished-at="2025-12-18T12:38:46 MSK" duration-ms="756" status="PASS">
          <reporter-output>
          </reporter-output>
        </test-method> <!-- step_6 -->
        <test-method is-config="true" signature="takeScreenshotOnFailure(org.testng.ITestResult)[pri:0, instance:tests.registration.registrationClassic.RegistrationClassic@63f95ac1]" started-at="2025-12-18T12:38:46 MSK" name="takeScreenshotOnFailure" finished-at="2025-12-18T12:38:46 MSK" duration-ms="1" status="PASS">
          <params>
            <param index="0">
              <value>
                <![CDATA[[TestResult name=step_6 status=SUCCESS method=RegistrationClassic.step_6()[pri:9, instance:tests.registration.registrationClassic.RegistrationClassic@63f95ac1] output={null}]]]>
              </value>
            </param>
          </params>
          <reporter-output>
          </reporter-output>
        </test-method> <!-- takeScreenshotOnFailure -->
        <test-method signature="step_7()[pri:10, instance:tests.registration.registrationClassic.RegistrationClassic@63f95ac1]" started-at="2025-12-18T12:38:46 MSK" name="step_7" finished-at="2025-12-18T12:38:50 MSK" duration-ms="3370" status="PASS">
          <reporter-output>
          </reporter-output>
        </test-method> <!-- step_7 -->
        <test-method is-config="true" signature="takeScreenshotOnFailure(org.testng.ITestResult)[pri:0, instance:tests.registration.registrationClassic.RegistrationClassic@63f95ac1]" started-at="2025-12-18T12:38:50 MSK" name="takeScreenshotOnFailure" finished-at="2025-12-18T12:38:50 MSK" duration-ms="0" status="PASS">
          <params>
            <param index="0">
              <value>
                <![CDATA[[TestResult name=step_7 status=SUCCESS method=RegistrationClassic.step_7()[pri:10, instance:tests.registration.registrationClassic.RegistrationClassic@63f95ac1] output={null}]]]>
              </value>
            </param>
          </params>
          <reporter-output>
          </reporter-output>
        </test-method> <!-- takeScreenshotOnFailure -->
        <test-method signature="step_8()[pri:11, instance:tests.registration.registrationClassic.RegistrationClassic@63f95ac1]" started-at="2025-12-18T12:38:50 MSK" name="step_8" finished-at="2025-12-18T12:38:50 MSK" duration-ms="800" status="PASS">
          <reporter-output>
          </reporter-output>
        </test-method> <!-- step_8 -->
        <test-method is-config="true" signature="takeScreenshotOnFailure(org.testng.ITestResult)[pri:0, instance:tests.registration.registrationClassic.RegistrationClassic@63f95ac1]" started-at="2025-12-18T12:38:50 MSK" name="takeScreenshotOnFailure" finished-at="2025-12-18T12:38:50 MSK" duration-ms="1" status="PASS">
          <params>
            <param index="0">
              <value>
                <![CDATA[[TestResult name=step_8 status=SUCCESS method=RegistrationClassic.step_8()[pri:11, instance:tests.registration.registrationClassic.RegistrationClassic@63f95ac1] output={null}]]]>
              </value>
            </param>
          </params>
          <reporter-output>
          </reporter-output>
        </test-method> <!-- takeScreenshotOnFailure -->
        <test-method signature="popUp()[pri:12, instance:tests.registration.registrationClassic.RegistrationClassic@63f95ac1]" started-at="2025-12-18T12:38:50 MSK" name="popUp" finished-at="2025-12-18T12:38:52 MSK" duration-ms="1388" status="PASS">
          <reporter-output>
          </reporter-output>
        </test-method> <!-- popUp -->
        <test-method is-config="true" signature="takeScreenshotOnFailure(org.testng.ITestResult)[pri:0, instance:tests.registration.registrationClassic.RegistrationClassic@63f95ac1]" started-at="2025-12-18T12:38:52 MSK" name="takeScreenshotOnFailure" finished-at="2025-12-18T12:38:52 MSK" duration-ms="0" status="PASS">
          <params>
            <param index="0">
              <value>
                <![CDATA[[TestResult name=popUp status=SUCCESS method=RegistrationClassic.popUp()[pri:12, instance:tests.registration.registrationClassic.RegistrationClassic@63f95ac1] output={null}]]]>
              </value>
            </param>
          </params>
          <reporter-output>
          </reporter-output>
        </test-method> <!-- takeScreenshotOnFailure -->
        <test-method is-config="true" signature="tearDown()[pri:0, instance:tests.registration.registrationClassic.RegistrationClassic@63f95ac1]" started-at="2025-12-18T12:38:52 MSK" name="tearDown" finished-at="2025-12-18T12:38:52 MSK" duration-ms="99" status="PASS">
          <reporter-output>
          </reporter-output>
        </test-method> <!-- tearDown -->
      </class> <!-- tests.registration.registrationClassic.RegistrationClassic -->
      <class name="tests.registration.registrationMandatoryFields.RegistrationMandatoryFields">
        <test-method is-config="true" signature="beforeClass()[pri:0, instance:tests.registration.registrationMandatoryFields.RegistrationMandatoryFields@1692d173]" started-at="2025-12-18T12:38:52 MSK" name="beforeClass" finished-at="2025-12-18T12:38:53 MSK" duration-ms="1620" status="PASS">
          <reporter-output>
          </reporter-output>
        </test-method> <!-- beforeClass -->
        <test-method signature="auth()[pri:1, instance:tests.registration.registrationMandatoryFields.RegistrationMandatoryFields@1692d173]" started-at="2025-12-18T12:38:53 MSK" name="auth" description="Авторизация" finished-at="2025-12-18T12:38:55 MSK" duration-ms="1137" status="PASS">
          <reporter-output>
          </reporter-output>
        </test-method> <!-- auth -->
        <test-method is-config="true" signature="takeScreenshotOnFailure(org.testng.ITestResult)[pri:0, instance:tests.registration.registrationMandatoryFields.RegistrationMandatoryFields@1692d173]" started-at="2025-12-18T12:38:55 MSK" name="takeScreenshotOnFailure" finished-at="2025-12-18T12:38:55 MSK" duration-ms="0" status="PASS">
          <params>
            <param index="0">
              <value>
                <![CDATA[[TestResult name=auth status=SUCCESS method=BaseRegistration.auth()[pri:1, instance:tests.registration.registrationMandatoryFields.RegistrationMandatoryFields@1692d173] output={null}]]]>
              </value>
            </param>
          </params>
          <reporter-output>
          </reporter-output>
        </test-method> <!-- takeScreenshotOnFailure -->
        <test-method signature="registrationApplication()[pri:2, instance:tests.registration.registrationMandatoryFields.RegistrationMandatoryFields@1692d173]" started-at="2025-12-18T12:38:55 MSK" name="registrationApplication" finished-at="2025-12-18T12:38:55 MSK" duration-ms="721" status="PASS">
          <reporter-output>
          </reporter-output>
        </test-method> <!-- registrationApplication -->
        <test-method is-config="true" signature="takeScreenshotOnFailure(org.testng.ITestResult)[pri:0, instance:tests.registration.registrationMandatoryFields.RegistrationMandatoryFields@1692d173]" started-at="2025-12-18T12:38:55 MSK" name="takeScreenshotOnFailure" finished-at="2025-12-18T12:38:55 MSK" duration-ms="0" status="PASS">
          <params>
            <param index="0">
              <value>
                <![CDATA[[TestResult name=registrationApplication status=SUCCESS method=BaseRegistration.registrationApplication()[pri:2, instance:tests.registration.registrationMandatoryFields.RegistrationMandatoryFields@1692d173] output={null}]]]>
              </value>
            </param>
          </params>
          <reporter-output>
          </reporter-output>
        </test-method> <!-- takeScreenshotOnFailure -->
        <test-method signature="clearFields()[pri:3, instance:tests.registration.registrationMandatoryFields.RegistrationMandatoryFields@1692d173]" started-at="2025-12-18T12:38:55 MSK" name="clearFields" finished-at="2025-12-18T12:39:06 MSK" duration-ms="11030" status="PASS">
          <reporter-output>
          </reporter-output>
        </test-method> <!-- clearFields -->
        <test-method signature="hintsOnStep_1()[pri:4, instance:tests.registration.registrationMandatoryFields.RegistrationMandatoryFields@1692d173]" started-at="2025-12-18T12:39:06 MSK" name="hintsOnStep_1" finished-at="2025-12-18T12:39:08 MSK" duration-ms="2120" status="PASS">
          <reporter-output>
          </reporter-output>
        </test-method> <!-- hintsOnStep_1 -->
        <test-method is-config="true" signature="takeScreenshotOnFailure(org.testng.ITestResult)[pri:0, instance:tests.registration.registrationMandatoryFields.RegistrationMandatoryFields@1692d173]" started-at="2025-12-18T12:39:06 MSK" name="takeScreenshotOnFailure" finished-at="2025-12-18T12:39:06 MSK" duration-ms="0" status="PASS">
          <params>
            <param index="0">
              <value>
                <![CDATA[[TestResult name=clearFields status=SUCCESS method=BaseRegistration.clearFields()[pri:3, instance:tests.registration.registrationMandatoryFields.RegistrationMandatoryFields@1692d173] output={null}]]]>
              </value>
            </param>
          </params>
          <reporter-output>
          </reporter-output>
        </test-method> <!-- takeScreenshotOnFailure -->
        <test-method is-config="true" signature="takeScreenshotOnFailure(org.testng.ITestResult)[pri:0, instance:tests.registration.registrationMandatoryFields.RegistrationMandatoryFields@1692d173]" started-at="2025-12-18T12:39:08 MSK" name="takeScreenshotOnFailure" finished-at="2025-12-18T12:39:08 MSK" duration-ms="0" status="PASS">
          <params>
            <param index="0">
              <value>
                <![CDATA[[TestResult name=hintsOnStep_1 status=SUCCESS method=RegistrationMandatoryFields.hintsOnStep_1()[pri:4, instance:tests.registration.registrationMandatoryFields.RegistrationMandatoryFields@1692d173] output={null}]]]>
              </value>
            </param>
          </params>
          <reporter-output>
          </reporter-output>
        </test-method> <!-- takeScreenshotOnFailure -->
        <test-method signature="step_1()[pri:5, instance:tests.registration.registrationMandatoryFields.RegistrationMandatoryFields@1692d173]" started-at="2025-12-18T12:39:08 MSK" name="step_1" finished-at="2025-12-18T12:39:09 MSK" duration-ms="398" status="PASS">
          <reporter-output>
          </reporter-output>
        </test-method> <!-- step_1 -->
        <test-method signature="hintsOnStep_2()[pri:6, instance:tests.registration.registrationMandatoryFields.RegistrationMandatoryFields@1692d173]" started-at="2025-12-18T12:39:09 MSK" name="hintsOnStep_2" finished-at="2025-12-18T12:39:12 MSK" duration-ms="3066" status="PASS">
          <reporter-output>
          </reporter-output>
        </test-method> <!-- hintsOnStep_2 -->
        <test-method is-config="true" signature="takeScreenshotOnFailure(org.testng.ITestResult)[pri:0, instance:tests.registration.registrationMandatoryFields.RegistrationMandatoryFields@1692d173]" started-at="2025-12-18T12:39:09 MSK" name="takeScreenshotOnFailure" finished-at="2025-12-18T12:39:09 MSK" duration-ms="0" status="PASS">
          <params>
            <param index="0">
              <value>
                <![CDATA[[TestResult name=step_1 status=SUCCESS method=RegistrationMandatoryFields.step_1()[pri:5, instance:tests.registration.registrationMandatoryFields.RegistrationMandatoryFields@1692d173] output={null}]]]>
              </value>
            </param>
          </params>
          <reporter-output>
          </reporter-output>
        </test-method> <!-- takeScreenshotOnFailure -->
        <test-method is-config="true" signature="takeScreenshotOnFailure(org.testng.ITestResult)[pri:0, instance:tests.registration.registrationMandatoryFields.RegistrationMandatoryFields@1692d173]" started-at="2025-12-18T12:39:12 MSK" name="takeScreenshotOnFailure" finished-at="2025-12-18T12:39:12 MSK" duration-ms="0" status="PASS">
          <params>
            <param index="0">
              <value>
                <![CDATA[[TestResult name=hintsOnStep_2 status=SUCCESS method=RegistrationMandatoryFields.hintsOnStep_2()[pri:6, instance:tests.registration.registrationMandatoryFields.RegistrationMandatoryFields@1692d173] output={null}]]]>
              </value>
            </param>
          </params>
          <reporter-output>
          </reporter-output>
        </test-method> <!-- takeScreenshotOnFailure -->
        <test-method signature="step_2()[pri:7, instance:tests.registration.registrationMandatoryFields.RegistrationMandatoryFields@1692d173]" started-at="2025-12-18T12:39:12 MSK" name="step_2" finished-at="2025-12-18T12:39:12 MSK" duration-ms="290" status="PASS">
          <reporter-output>
          </reporter-output>
        </test-method> <!-- step_2 -->
        <test-method is-config="true" signature="takeScreenshotOnFailure(org.testng.ITestResult)[pri:0, instance:tests.registration.registrationMandatoryFields.RegistrationMandatoryFields@1692d173]" started-at="2025-12-18T12:39:12 MSK" name="takeScreenshotOnFailure" finished-at="2025-12-18T12:39:12 MSK" duration-ms="0" status="PASS">
          <params>
            <param index="0">
              <value>
                <![CDATA[[TestResult name=step_2 status=SUCCESS method=RegistrationMandatoryFields.step_2()[pri:7, instance:tests.registration.registrationMandatoryFields.RegistrationMandatoryFields@1692d173] output={null}]]]>
              </value>
            </param>
          </params>
          <reporter-output>
          </reporter-output>
        </test-method> <!-- takeScreenshotOnFailure -->
        <test-method signature="hintsOnStep_3()[pri:8, instance:tests.registration.registrationMandatoryFields.RegistrationMandatoryFields@1692d173]" started-at="2025-12-18T12:39:12 MSK" name="hintsOnStep_3" finished-at="2025-12-18T12:39:17 MSK" duration-ms="5092" status="PASS">
          <reporter-output>
          </reporter-output>
        </test-method> <!-- hintsOnStep_3 -->
        <test-method is-config="true" signature="takeScreenshotOnFailure(org.testng.ITestResult)[pri:0, instance:tests.registration.registrationMandatoryFields.RegistrationMandatoryFields@1692d173]" started-at="2025-12-18T12:39:17 MSK" name="takeScreenshotOnFailure" finished-at="2025-12-18T12:39:17 MSK" duration-ms="0" status="PASS">
          <params>
            <param index="0">
              <value>
                <![CDATA[[TestResult name=hintsOnStep_3 status=SUCCESS method=RegistrationMandatoryFields.hintsOnStep_3()[pri:8, instance:tests.registration.registrationMandatoryFields.RegistrationMandatoryFields@1692d173] output={null}]]]>
              </value>
            </param>
          </params>
          <reporter-output>
          </reporter-output>
        </test-method> <!-- takeScreenshotOnFailure -->
        <test-method signature="step_3()[pri:9, instance:tests.registration.registrationMandatoryFields.RegistrationMandatoryFields@1692d173]" started-at="2025-12-18T12:39:17 MSK" name="step_3" finished-at="2025-12-18T12:39:18 MSK" duration-ms="374" status="PASS">
          <reporter-output>
          </reporter-output>
        </test-method> <!-- step_3 -->
        <test-method is-config="true" signature="takeScreenshotOnFailure(org.testng.ITestResult)[pri:0, instance:tests.registration.registrationMandatoryFields.RegistrationMandatoryFields@1692d173]" started-at="2025-12-18T12:39:18 MSK" name="takeScreenshotOnFailure" finished-at="2025-12-18T12:39:18 MSK" duration-ms="1" status="PASS">
          <params>
            <param index="0">
              <value>
                <![CDATA[[TestResult name=step_3 status=SUCCESS method=RegistrationMandatoryFields.step_3()[pri:9, instance:tests.registration.registrationMandatoryFields.RegistrationMandatoryFields@1692d173] output={null}]]]>
              </value>
            </param>
          </params>
          <reporter-output>
          </reporter-output>
        </test-method> <!-- takeScreenshotOnFailure -->
        <test-method signature="hintsOnStep_4()[pri:10, instance:tests.registration.registrationMandatoryFields.RegistrationMandatoryFields@1692d173]" started-at="2025-12-18T12:39:18 MSK" name="hintsOnStep_4" finished-at="2025-12-18T12:39:22 MSK" duration-ms="4059" status="PASS">
          <reporter-output>
          </reporter-output>
        </test-method> <!-- hintsOnStep_4 -->
        <test-method signature="step_4()[pri:11, instance:tests.registration.registrationMandatoryFields.RegistrationMandatoryFields@1692d173]" started-at="2025-12-18T12:39:22 MSK" name="step_4" finished-at="2025-12-18T12:39:22 MSK" duration-ms="190" status="PASS">
          <reporter-output>
          </reporter-output>
        </test-method> <!-- step_4 -->
        <test-method is-config="true" signature="takeScreenshotOnFailure(org.testng.ITestResult)[pri:0, instance:tests.registration.registrationMandatoryFields.RegistrationMandatoryFields@1692d173]" started-at="2025-12-18T12:39:22 MSK" name="takeScreenshotOnFailure" finished-at="2025-12-18T12:39:22 MSK" duration-ms="0" status="PASS">
          <params>
            <param index="0">
              <value>
                <![CDATA[[TestResult name=hintsOnStep_4 status=SUCCESS method=RegistrationMandatoryFields.hintsOnStep_4()[pri:10, instance:tests.registration.registrationMandatoryFields.RegistrationMandatoryFields@1692d173] output={null}]]]>
              </value>
            </param>
          </params>
          <reporter-output>
          </reporter-output>
        </test-method> <!-- takeScreenshotOnFailure -->
        <test-method is-config="true" signature="takeScreenshotOnFailure(org.testng.ITestResult)[pri:0, instance:tests.registration.registrationMandatoryFields.RegistrationMandatoryFields@1692d173]" started-at="2025-12-18T12:39:22 MSK" name="takeScreenshotOnFailure" finished-at="2025-12-18T12:39:22 MSK" duration-ms="0" status="PASS">
          <params>
            <param index="0">
              <value>
                <![CDATA[[TestResult name=step_4 status=SUCCESS method=RegistrationMandatoryFields.step_4()[pri:11, instance:tests.registration.registrationMandatoryFields.RegistrationMandatoryFields@1692d173] output={null}]]]>
              </value>
            </param>
          </params>
          <reporter-output>
          </reporter-output>
        </test-method> <!-- takeScreenshotOnFailure -->
        <test-method signature="hintsOnStep_5()[pri:12, instance:tests.registration.registrationMandatoryFields.RegistrationMandatoryFields@1692d173]" started-at="2025-12-18T12:39:22 MSK" name="hintsOnStep_5" finished-at="2025-12-18T12:39:26 MSK" duration-ms="4057" status="PASS">
          <reporter-output>
          </reporter-output>
        </test-method> <!-- hintsOnStep_5 -->
        <test-method is-config="true" signature="takeScreenshotOnFailure(org.testng.ITestResult)[pri:0, instance:tests.registration.registrationMandatoryFields.RegistrationMandatoryFields@1692d173]" started-at="2025-12-18T12:39:26 MSK" name="takeScreenshotOnFailure" finished-at="2025-12-18T12:39:26 MSK" duration-ms="0" status="PASS">
          <params>
            <param index="0">
              <value>
                <![CDATA[[TestResult name=hintsOnStep_5 status=SUCCESS method=RegistrationMandatoryFields.hintsOnStep_5()[pri:12, instance:tests.registration.registrationMandatoryFields.RegistrationMandatoryFields@1692d173] output={null}]]]>
              </value>
            </param>
          </params>
          <reporter-output>
          </reporter-output>
        </test-method> <!-- takeScreenshotOnFailure -->
        <test-method signature="step_5()[pri:13, instance:tests.registration.registrationMandatoryFields.RegistrationMandatoryFields@1692d173]" started-at="2025-12-18T12:39:26 MSK" name="step_5" finished-at="2025-12-18T12:39:26 MSK" duration-ms="123" status="PASS">
          <reporter-output>
          </reporter-output>
        </test-method> <!-- step_5 -->
        <test-method is-config="true" signature="takeScreenshotOnFailure(org.testng.ITestResult)[pri:0, instance:tests.registration.registrationMandatoryFields.RegistrationMandatoryFields@1692d173]" started-at="2025-12-18T12:39:26 MSK" name="takeScreenshotOnFailure" finished-at="2025-12-18T12:39:26 MSK" duration-ms="0" status="PASS">
          <params>
            <param index="0">
              <value>
                <![CDATA[[TestResult name=step_5 status=SUCCESS method=RegistrationMandatoryFields.step_5()[pri:13, instance:tests.registration.registrationMandatoryFields.RegistrationMandatoryFields@1692d173] output={null}]]]>
              </value>
            </param>
          </params>
          <reporter-output>
          </reporter-output>
        </test-method> <!-- takeScreenshotOnFailure -->
        <test-method signature="hintsOnStep_6()[pri:14, instance:tests.registration.registrationMandatoryFields.RegistrationMandatoryFields@1692d173]" started-at="2025-12-18T12:39:26 MSK" name="hintsOnStep_6" finished-at="2025-12-18T12:39:30 MSK" duration-ms="4069" status="PASS">
          <reporter-output>
          </reporter-output>
        </test-method> <!-- hintsOnStep_6 -->
        <test-method is-config="true" signature="takeScreenshotOnFailure(org.testng.ITestResult)[pri:0, instance:tests.registration.registrationMandatoryFields.RegistrationMandatoryFields@1692d173]" started-at="2025-12-18T12:39:30 MSK" name="takeScreenshotOnFailure" finished-at="2025-12-18T12:39:30 MSK" duration-ms="0" status="PASS">
          <params>
            <param index="0">
              <value>
                <![CDATA[[TestResult name=hintsOnStep_6 status=SUCCESS method=RegistrationMandatoryFields.hintsOnStep_6()[pri:14, instance:tests.registration.registrationMandatoryFields.RegistrationMandatoryFields@1692d173] output={null}]]]>
              </value>
            </param>
          </params>
          <reporter-output>
          </reporter-output>
        </test-method> <!-- takeScreenshotOnFailure -->
        <test-method signature="step_6()[pri:15, instance:tests.registration.registrationMandatoryFields.RegistrationMandatoryFields@1692d173]" started-at="2025-12-18T12:39:30 MSK" name="step_6" finished-at="2025-12-18T12:39:30 MSK" duration-ms="221" status="PASS">
          <reporter-output>
          </reporter-output>
        </test-method> <!-- step_6 -->
        <test-method signature="hintsOnStep_7()[pri:16, instance:tests.registration.registrationMandatoryFields.RegistrationMandatoryFields@1692d173]" started-at="2025-12-18T12:39:30 MSK" name="hintsOnStep_7" finished-at="2025-12-18T12:39:35 MSK" duration-ms="4753" status="PASS">
          <reporter-output>
          </reporter-output>
        </test-method> <!-- hintsOnStep_7 -->
        <test-method is-config="true" signature="takeScreenshotOnFailure(org.testng.ITestResult)[pri:0, instance:tests.registration.registrationMandatoryFields.RegistrationMandatoryFields@1692d173]" started-at="2025-12-18T12:39:30 MSK" name="takeScreenshotOnFailure" finished-at="2025-12-18T12:39:30 MSK" duration-ms="0" status="PASS">
          <params>
            <param index="0">
              <value>
                <![CDATA[[TestResult name=step_6 status=SUCCESS method=RegistrationMandatoryFields.step_6()[pri:15, instance:tests.registration.registrationMandatoryFields.RegistrationMandatoryFields@1692d173] output={null}]]]>
              </value>
            </param>
          </params>
          <reporter-output>
          </reporter-output>
        </test-method> <!-- takeScreenshotOnFailure -->
        <test-method is-config="true" signature="takeScreenshotOnFailure(org.testng.ITestResult)[pri:0, instance:tests.registration.registrationMandatoryFields.RegistrationMandatoryFields@1692d173]" started-at="2025-12-18T12:39:35 MSK" name="takeScreenshotOnFailure" finished-at="2025-12-18T12:39:35 MSK" duration-ms="0" status="PASS">
          <params>
            <param index="0">
              <value>
                <![CDATA[[TestResult name=hintsOnStep_7 status=SUCCESS method=RegistrationMandatoryFields.hintsOnStep_7()[pri:16, instance:tests.registration.registrationMandatoryFields.RegistrationMandatoryFields@1692d173] output={null}]]]>
              </value>
            </param>
          </params>
          <reporter-output>
          </reporter-output>
        </test-method> <!-- takeScreenshotOnFailure -->
        <test-method signature="step_7()[pri:17, instance:tests.registration.registrationMandatoryFields.RegistrationMandatoryFields@1692d173]" started-at="2025-12-18T12:39:35 MSK" name="step_7" finished-at="2025-12-18T12:39:38 MSK" duration-ms="2465" status="PASS">
          <reporter-output>
          </reporter-output>
        </test-method> <!-- step_7 -->
        <test-method is-config="true" signature="takeScreenshotOnFailure(org.testng.ITestResult)[pri:0, instance:tests.registration.registrationMandatoryFields.RegistrationMandatoryFields@1692d173]" started-at="2025-12-18T12:39:38 MSK" name="takeScreenshotOnFailure" finished-at="2025-12-18T12:39:38 MSK" duration-ms="1" status="PASS">
          <params>
            <param index="0">
              <value>
                <![CDATA[[TestResult name=step_7 status=SUCCESS method=RegistrationMandatoryFields.step_7()[pri:17, instance:tests.registration.registrationMandatoryFields.RegistrationMandatoryFields@1692d173] output={null}]]]>
              </value>
            </param>
          </params>
          <reporter-output>
          </reporter-output>
        </test-method> <!-- takeScreenshotOnFailure -->
        <test-method signature="hintsOnStep_8()[pri:18, instance:tests.registration.registrationMandatoryFields.RegistrationMandatoryFields@1692d173]" started-at="2025-12-18T12:39:38 MSK" name="hintsOnStep_8" finished-at="2025-12-18T12:39:42 MSK" duration-ms="4070" status="PASS">
          <reporter-output>
          </reporter-output>
        </test-method> <!-- hintsOnStep_8 -->
        <test-method is-config="true" signature="takeScreenshotOnFailure(org.testng.ITestResult)[pri:0, instance:tests.registration.registrationMandatoryFields.RegistrationMandatoryFields@1692d173]" started-at="2025-12-18T12:39:42 MSK" name="takeScreenshotOnFailure" finished-at="2025-12-18T12:39:42 MSK" duration-ms="0" status="PASS">
          <params>
            <param index="0">
              <value>
                <![CDATA[[TestResult name=hintsOnStep_8 status=SUCCESS method=RegistrationMandatoryFields.hintsOnStep_8()[pri:18, instance:tests.registration.registrationMandatoryFields.RegistrationMandatoryFields@1692d173] output={null}]]]>
              </value>
            </param>
          </params>
          <reporter-output>
          </reporter-output>
        </test-method> <!-- takeScreenshotOnFailure -->
        <test-method signature="step_8()[pri:19, instance:tests.registration.registrationMandatoryFields.RegistrationMandatoryFields@1692d173]" started-at="2025-12-18T12:39:42 MSK" name="step_8" finished-at="2025-12-18T12:39:42 MSK" duration-ms="118" status="PASS">
          <reporter-output>
          </reporter-output>
        </test-method> <!-- step_8 -->
        <test-method is-config="true" signature="takeScreenshotOnFailure(org.testng.ITestResult)[pri:0, instance:tests.registration.registrationMandatoryFields.RegistrationMandatoryFields@1692d173]" started-at="2025-12-18T12:39:42 MSK" name="takeScreenshotOnFailure" finished-at="2025-12-18T12:39:42 MSK" duration-ms="0" status="PASS">
          <params>
            <param index="0">
              <value>
                <![CDATA[[TestResult name=step_8 status=SUCCESS method=RegistrationMandatoryFields.step_8()[pri:19, instance:tests.registration.registrationMandatoryFields.RegistrationMandatoryFields@1692d173] output={null}]]]>
              </value>
            </param>
          </params>
          <reporter-output>
          </reporter-output>
        </test-method> <!-- takeScreenshotOnFailure -->
        <test-method signature="popUp()[pri:20, instance:tests.registration.registrationMandatoryFields.RegistrationMandatoryFields@1692d173]" started-at="2025-12-18T12:39:42 MSK" name="popUp" finished-at="2025-12-18T12:39:43 MSK" duration-ms="1316" status="PASS">
          <reporter-output>
          </reporter-output>
        </test-method> <!-- popUp -->
        <test-method is-config="true" signature="takeScreenshotOnFailure(org.testng.ITestResult)[pri:0, instance:tests.registration.registrationMandatoryFields.RegistrationMandatoryFields@1692d173]" started-at="2025-12-18T12:39:43 MSK" name="takeScreenshotOnFailure" finished-at="2025-12-18T12:39:43 MSK" duration-ms="0" status="PASS">
          <params>
            <param index="0">
              <value>
                <![CDATA[[TestResult name=popUp status=SUCCESS method=RegistrationMandatoryFields.popUp()[pri:20, instance:tests.registration.registrationMandatoryFields.RegistrationMandatoryFields@1692d173] output={null}]]]>
              </value>
            </param>
          </params>
          <reporter-output>
          </reporter-output>
        </test-method> <!-- takeScreenshotOnFailure -->
        <test-method is-config="true" signature="tearDown()[pri:0, instance:tests.registration.registrationMandatoryFields.RegistrationMandatoryFields@1692d173]" started-at="2025-12-18T12:39:43 MSK" name="tearDown" finished-at="2025-12-18T12:39:43 MSK" duration-ms="87" status="PASS">
          <reporter-output>
          </reporter-output>
        </test-method> <!-- tearDown -->
      </class> <!-- tests.registration.registrationMandatoryFields.RegistrationMandatoryFields -->
    </test> <!-- Registration -->
    <test started-at="2025-12-18T12:40:23 MSK" name="CheckDuplicate" finished-at="2025-12-18T12:41:08 MSK" duration-ms="44787">
      <class name="tests.checkDuplicate.statement.CheckDuplicateStatement">
        <test-method is-config="true" signature="beforeClass()[pri:0, instance:tests.checkDuplicate.statement.CheckDuplicateStatement@7b6846c6]" started-at="2025-12-18T12:40:34 MSK" name="beforeClass" finished-at="2025-12-18T12:40:35 MSK" duration-ms="1496" status="PASS">
          <reporter-output>
          </reporter-output>
        </test-method> <!-- beforeClass -->
        <test-method signature="auth()[pri:1, instance:tests.checkDuplicate.statement.CheckDuplicateStatement@7b6846c6]" started-at="2025-12-18T12:40:35 MSK" name="auth" description="Авторизация" finished-at="2025-12-18T12:40:36 MSK" duration-ms="748" status="PASS">
          <reporter-output>
          </reporter-output>
        </test-method> <!-- auth -->
        <test-method is-config="true" signature="takeScreenshotOnFailure(org.testng.ITestResult)[pri:0, instance:tests.checkDuplicate.statement.CheckDuplicateStatement@7b6846c6]" started-at="2025-12-18T12:40:36 MSK" name="takeScreenshotOnFailure" finished-at="2025-12-18T12:40:36 MSK" duration-ms="0" status="PASS">
          <params>
            <param index="0">
              <value>
                <![CDATA[[TestResult name=auth status=SUCCESS method=BaseRegistration.auth()[pri:1, instance:tests.checkDuplicate.statement.CheckDuplicateStatement@7b6846c6] output={null}]]]>
              </value>
            </param>
          </params>
          <reporter-output>
          </reporter-output>
        </test-method> <!-- takeScreenshotOnFailure -->
        <test-method signature="registrationApplication()[pri:2, instance:tests.checkDuplicate.statement.CheckDuplicateStatement@7b6846c6]" started-at="2025-12-18T12:40:36 MSK" name="registrationApplication" finished-at="2025-12-18T12:40:36 MSK" duration-ms="205" status="PASS">
          <reporter-output>
          </reporter-output>
        </test-method> <!-- registrationApplication -->
        <test-method signature="clearFields()[pri:3, instance:tests.checkDuplicate.statement.CheckDuplicateStatement@7b6846c6]" started-at="2025-12-18T12:40:36 MSK" name="clearFields" finished-at="2025-12-18T12:40:47 MSK" duration-ms="10949" status="PASS">
          <reporter-output>
          </reporter-output>
        </test-method> <!-- clearFields -->
        <test-method is-config="true" signature="takeScreenshotOnFailure(org.testng.ITestResult)[pri:0, instance:tests.checkDuplicate.statement.CheckDuplicateStatement@7b6846c6]" started-at="2025-12-18T12:40:36 MSK" name="takeScreenshotOnFailure" finished-at="2025-12-18T12:40:36 MSK" duration-ms="0" status="PASS">
          <params>
            <param index="0">
              <value>
                <![CDATA[[TestResult name=registrationApplication status=SUCCESS method=BaseRegistration.registrationApplication()[pri:2, instance:tests.checkDuplicate.statement.CheckDuplicateStatement@7b6846c6] output={null}]]]>
              </value>
            </param>
          </params>
          <reporter-output>
          </reporter-output>
        </test-method> <!-- takeScreenshotOnFailure -->
        <test-method signature="step_1()[pri:4, instance:tests.checkDuplicate.statement.CheckDuplicateStatement@7b6846c6]" started-at="2025-12-18T12:40:47 MSK" name="step_1" finished-at="2025-12-18T12:40:48 MSK" duration-ms="390" status="PASS">
          <reporter-output>
          </reporter-output>
        </test-method> <!-- step_1 -->
        <test-method is-config="true" signature="takeScreenshotOnFailure(org.testng.ITestResult)[pri:0, instance:tests.checkDuplicate.statement.CheckDuplicateStatement@7b6846c6]" started-at="2025-12-18T12:40:47 MSK" name="takeScreenshotOnFailure" finished-at="2025-12-18T12:40:47 MSK" duration-ms="0" status="PASS">
          <params>
            <param index="0">
              <value>
                <![CDATA[[TestResult name=clearFields status=SUCCESS method=BaseRegistration.clearFields()[pri:3, instance:tests.checkDuplicate.statement.CheckDuplicateStatement@7b6846c6] output={null}]]]>
              </value>
            </param>
          </params>
          <reporter-output>
          </reporter-output>
        </test-method> <!-- takeScreenshotOnFailure -->
        <test-method is-config="true" signature="takeScreenshotOnFailure(org.testng.ITestResult)[pri:0, instance:tests.checkDuplicate.statement.CheckDuplicateStatement@7b6846c6]" started-at="2025-12-18T12:40:48 MSK" name="takeScreenshotOnFailure" finished-at="2025-12-18T12:40:48 MSK" duration-ms="0" status="PASS">
          <params>
            <param index="0">
              <value>
                <![CDATA[[TestResult name=step_1 status=SUCCESS method=CheckDuplicateStatement.step_1()[pri:4, instance:tests.checkDuplicate.statement.CheckDuplicateStatement@7b6846c6] output={null}]]]>
              </value>
            </param>
          </params>
          <reporter-output>
          </reporter-output>
        </test-method> <!-- takeScreenshotOnFailure -->
        <test-method signature="step_2()[pri:5, instance:tests.checkDuplicate.statement.CheckDuplicateStatement@7b6846c6]" started-at="2025-12-18T12:40:48 MSK" name="step_2" finished-at="2025-12-18T12:40:48 MSK" duration-ms="809" status="PASS">
          <reporter-output>
          </reporter-output>
        </test-method> <!-- step_2 -->
        <test-method signature="step_3()[pri:6, instance:tests.checkDuplicate.statement.CheckDuplicateStatement@7b6846c6]" started-at="2025-12-18T12:40:48 MSK" name="step_3" finished-at="2025-12-18T12:40:49 MSK" duration-ms="877" status="PASS">
          <reporter-output>
          </reporter-output>
        </test-method> <!-- step_3 -->
        <test-method is-config="true" signature="takeScreenshotOnFailure(org.testng.ITestResult)[pri:0, instance:tests.checkDuplicate.statement.CheckDuplicateStatement@7b6846c6]" started-at="2025-12-18T12:40:48 MSK" name="takeScreenshotOnFailure" finished-at="2025-12-18T12:40:48 MSK" duration-ms="0" status="PASS">
          <params>
            <param index="0">
              <value>
                <![CDATA[[TestResult name=step_2 status=SUCCESS method=CheckDuplicateStatement.step_2()[pri:5, instance:tests.checkDuplicate.statement.CheckDuplicateStatement@7b6846c6] output={null}]]]>
              </value>
            </param>
          </params>
          <reporter-output>
          </reporter-output>
        </test-method> <!-- takeScreenshotOnFailure -->
        <test-method signature="step_4()[pri:7, instance:tests.checkDuplicate.statement.CheckDuplicateStatement@7b6846c6]" started-at="2025-12-18T12:40:49 MSK" name="step_4" finished-at="2025-12-18T12:40:50 MSK" duration-ms="712" status="PASS">
          <reporter-output>
          </reporter-output>
        </test-method> <!-- step_4 -->
        <test-method is-config="true" signature="takeScreenshotOnFailure(org.testng.ITestResult)[pri:0, instance:tests.checkDuplicate.statement.CheckDuplicateStatement@7b6846c6]" started-at="2025-12-18T12:40:49 MSK" name="takeScreenshotOnFailure" finished-at="2025-12-18T12:40:49 MSK" duration-ms="0" status="PASS">
          <params>
            <param index="0">
              <value>
                <![CDATA[[TestResult name=step_3 status=SUCCESS method=CheckDuplicateStatement.step_3()[pri:6, instance:tests.checkDuplicate.statement.CheckDuplicateStatement@7b6846c6] output={null}]]]>
              </value>
            </param>
          </params>
          <reporter-output>
          </reporter-output>
        </test-method> <!-- takeScreenshotOnFailure -->
        <test-method is-config="true" signature="takeScreenshotOnFailure(org.testng.ITestResult)[pri:0, instance:tests.checkDuplicate.statement.CheckDuplicateStatement@7b6846c6]" started-at="2025-12-18T12:40:50 MSK" name="takeScreenshotOnFailure" finished-at="2025-12-18T12:40:50 MSK" duration-ms="1" status="PASS">
          <params>
            <param index="0">
              <value>
                <![CDATA[[TestResult name=step_4 status=SUCCESS method=CheckDuplicateStatement.step_4()[pri:7, instance:tests.checkDuplicate.statement.CheckDuplicateStatement@7b6846c6] output={null}]]]>
              </value>
            </param>
          </params>
          <reporter-output>
          </reporter-output>
        </test-method> <!-- takeScreenshotOnFailure -->
        <test-method signature="step_5()[pri:8, instance:tests.checkDuplicate.statement.CheckDuplicateStatement@7b6846c6]" started-at="2025-12-18T12:40:50 MSK" name="step_5" finished-at="2025-12-18T12:40:51 MSK" duration-ms="641" status="PASS">
          <reporter-output>
          </reporter-output>
        </test-method> <!-- step_5 -->
        <test-method signature="step_6()[pri:9, instance:tests.checkDuplicate.statement.CheckDuplicateStatement@7b6846c6]" started-at="2025-12-18T12:40:51 MSK" name="step_6" finished-at="2025-12-18T12:40:51 MSK" duration-ms="751" status="PASS">
          <reporter-output>
          </reporter-output>
        </test-method> <!-- step_6 -->
        <test-method is-config="true" signature="takeScreenshotOnFailure(org.testng.ITestResult)[pri:0, instance:tests.checkDuplicate.statement.CheckDuplicateStatement@7b6846c6]" started-at="2025-12-18T12:40:51 MSK" name="takeScreenshotOnFailure" finished-at="2025-12-18T12:40:51 MSK" duration-ms="0" status="PASS">
          <params>
            <param index="0">
              <value>
                <![CDATA[[TestResult name=step_5 status=SUCCESS method=CheckDuplicateStatement.step_5()[pri:8, instance:tests.checkDuplicate.statement.CheckDuplicateStatement@7b6846c6] output={null}]]]>
              </value>
            </param>
          </params>
          <reporter-output>
          </reporter-output>
        </test-method> <!-- takeScreenshotOnFailure -->
        <test-method signature="step_7()[pri:10, instance:tests.checkDuplicate.statement.CheckDuplicateStatement@7b6846c6]" started-at="2025-12-18T12:40:51 MSK" name="step_7" finished-at="2025-12-18T12:40:55 MSK" duration-ms="3381" status="PASS">
          <reporter-output>
          </reporter-output>
        </test-method> <!-- step_7 -->
        <test-method is-config="true" signature="takeScreenshotOnFailure(org.testng.ITestResult)[pri:0, instance:tests.checkDuplicate.statement.CheckDuplicateStatement@7b6846c6]" started-at="2025-12-18T12:40:51 MSK" name="takeScreenshotOnFailure" finished-at="2025-12-18T12:40:51 MSK" duration-ms="0" status="PASS">
          <params>
            <param index="0">
              <value>
                <![CDATA[[TestResult name=step_6 status=SUCCESS method=CheckDuplicateStatement.step_6()[pri:9, instance:tests.checkDuplicate.statement.CheckDuplicateStatement@7b6846c6] output={null}]]]>
              </value>
            </param>
          </params>
          <reporter-output>
          </reporter-output>
        </test-method> <!-- takeScreenshotOnFailure -->
        <test-method is-config="true" signature="takeScreenshotOnFailure(org.testng.ITestResult)[pri:0, instance:tests.checkDuplicate.statement.CheckDuplicateStatement@7b6846c6]" started-at="2025-12-18T12:40:55 MSK" name="takeScreenshotOnFailure" finished-at="2025-12-18T12:40:55 MSK" duration-ms="0" status="PASS">
          <params>
            <param index="0">
              <value>
                <![CDATA[[TestResult name=step_7 status=SUCCESS method=CheckDuplicateStatement.step_7()[pri:10, instance:tests.checkDuplicate.statement.CheckDuplicateStatement@7b6846c6] output={null}]]]>
              </value>
            </param>
          </params>
          <reporter-output>
          </reporter-output>
        </test-method> <!-- takeScreenshotOnFailure -->
        <test-method signature="step_8()[pri:11, instance:tests.checkDuplicate.statement.CheckDuplicateStatement@7b6846c6]" started-at="2025-12-18T12:40:55 MSK" name="step_8" finished-at="2025-12-18T12:40:55 MSK" duration-ms="640" status="PASS">
          <reporter-output>
          </reporter-output>
        </test-method> <!-- step_8 -->
        <test-method is-config="true" signature="takeScreenshotOnFailure(org.testng.ITestResult)[pri:0, instance:tests.checkDuplicate.statement.CheckDuplicateStatement@7b6846c6]" started-at="2025-12-18T12:40:55 MSK" name="takeScreenshotOnFailure" finished-at="2025-12-18T12:40:55 MSK" duration-ms="0" status="PASS">
          <params>
            <param index="0">
              <value>
                <![CDATA[[TestResult name=step_8 status=SUCCESS method=CheckDuplicateStatement.step_8()[pri:11, instance:tests.checkDuplicate.statement.CheckDuplicateStatement@7b6846c6] output={null}]]]>
              </value>
            </param>
          </params>
          <reporter-output>
          </reporter-output>
        </test-method> <!-- takeScreenshotOnFailure -->
        <test-method signature="popUp()[pri:12, instance:tests.checkDuplicate.statement.CheckDuplicateStatement@7b6846c6]" started-at="2025-12-18T12:40:55 MSK" name="popUp" finished-at="2025-12-18T12:41:02 MSK" duration-ms="6273" status="PASS">
          <reporter-output>
          </reporter-output>
        </test-method> <!-- popUp -->
        <test-method is-config="true" signature="takeScreenshotOnFailure(org.testng.ITestResult)[pri:0, instance:tests.checkDuplicate.statement.CheckDuplicateStatement@7b6846c6]" started-at="2025-12-18T12:41:02 MSK" name="takeScreenshotOnFailure" finished-at="2025-12-18T12:41:02 MSK" duration-ms="1" status="PASS">
          <params>
            <param index="0">
              <value>
                <![CDATA[[TestResult name=popUp status=SUCCESS method=CheckDuplicateStatement.popUp()[pri:12, instance:tests.checkDuplicate.statement.CheckDuplicateStatement@7b6846c6] output={null}]]]>
              </value>
            </param>
          </params>
          <reporter-output>
          </reporter-output>
        </test-method> <!-- takeScreenshotOnFailure -->
        <test-method signature="duplicateRegistrationApplication()[pri:13, instance:tests.checkDuplicate.statement.CheckDuplicateStatement@7b6846c6]" started-at="2025-12-18T12:41:02 MSK" name="duplicateRegistrationApplication" finished-at="2025-12-18T12:41:02 MSK" duration-ms="668" status="PASS">
          <reporter-output>
          </reporter-output>
        </test-method> <!-- duplicateRegistrationApplication -->
        <test-method is-config="true" signature="takeScreenshotOnFailure(org.testng.ITestResult)[pri:0, instance:tests.checkDuplicate.statement.CheckDuplicateStatement@7b6846c6]" started-at="2025-12-18T12:41:02 MSK" name="takeScreenshotOnFailure" finished-at="2025-12-18T12:41:02 MSK" duration-ms="0" status="PASS">
          <params>
            <param index="0">
              <value>
                <![CDATA[[TestResult name=duplicateRegistrationApplication status=SUCCESS method=CheckDuplicateStatement.duplicateRegistrationApplication()[pri:13, instance:tests.checkDuplicate.statement.CheckDuplicateStatement@7b6846c6] output={null}]]]>
              </value>
            </param>
          </params>
          <reporter-output>
          </reporter-output>
        </test-method> <!-- takeScreenshotOnFailure -->
        <test-method signature="duplicateStep_1()[pri:14, instance:tests.checkDuplicate.statement.CheckDuplicateStatement@7b6846c6]" started-at="2025-12-18T12:41:02 MSK" name="duplicateStep_1" finished-at="2025-12-18T12:41:03 MSK" duration-ms="346" status="PASS">
          <reporter-output>
          </reporter-output>
        </test-method> <!-- duplicateStep_1 -->
        <test-method is-config="true" signature="takeScreenshotOnFailure(org.testng.ITestResult)[pri:0, instance:tests.checkDuplicate.statement.CheckDuplicateStatement@7b6846c6]" started-at="2025-12-18T12:41:03 MSK" name="takeScreenshotOnFailure" finished-at="2025-12-18T12:41:03 MSK" duration-ms="0" status="PASS">
          <params>
            <param index="0">
              <value>
                <![CDATA[[TestResult name=duplicateStep_1 status=SUCCESS method=CheckDuplicateStatement.duplicateStep_1()[pri:14, instance:tests.checkDuplicate.statement.CheckDuplicateStatement@7b6846c6] output={null}]]]>
              </value>
            </param>
          </params>
          <reporter-output>
          </reporter-output>
        </test-method> <!-- takeScreenshotOnFailure -->
        <test-method signature="duplicateStep_2()[pri:15, instance:tests.checkDuplicate.statement.CheckDuplicateStatement@7b6846c6]" started-at="2025-12-18T12:41:03 MSK" name="duplicateStep_2" finished-at="2025-12-18T12:41:04 MSK" duration-ms="785" status="PASS">
          <reporter-output>
          </reporter-output>
        </test-method> <!-- duplicateStep_2 -->
        <test-method signature="duplicateStep_3()[pri:16, instance:tests.checkDuplicate.statement.CheckDuplicateStatement@7b6846c6]" started-at="2025-12-18T12:41:04 MSK" name="duplicateStep_3" finished-at="2025-12-18T12:41:04 MSK" duration-ms="843" status="PASS">
          <reporter-output>
          </reporter-output>
        </test-method> <!-- duplicateStep_3 -->
        <test-method is-config="true" signature="takeScreenshotOnFailure(org.testng.ITestResult)[pri:0, instance:tests.checkDuplicate.statement.CheckDuplicateStatement@7b6846c6]" started-at="2025-12-18T12:41:04 MSK" name="takeScreenshotOnFailure" finished-at="2025-12-18T12:41:04 MSK" duration-ms="0" status="PASS">
          <params>
            <param index="0">
              <value>
                <![CDATA[[TestResult name=duplicateStep_2 status=SUCCESS method=CheckDuplicateStatement.duplicateStep_2()[pri:15, instance:tests.checkDuplicate.statement.CheckDuplicateStatement@7b6846c6] output={null}]]]>
              </value>
            </param>
          </params>
          <reporter-output>
          </reporter-output>
        </test-method> <!-- takeScreenshotOnFailure -->
        <test-method is-config="true" signature="takeScreenshotOnFailure(org.testng.ITestResult)[pri:0, instance:tests.checkDuplicate.statement.CheckDuplicateStatement@7b6846c6]" started-at="2025-12-18T12:41:04 MSK" name="takeScreenshotOnFailure" finished-at="2025-12-18T12:41:04 MSK" duration-ms="0" status="PASS">
          <params>
            <param index="0">
              <value>
                <![CDATA[[TestResult name=duplicateStep_3 status=SUCCESS method=CheckDuplicateStatement.duplicateStep_3()[pri:16, instance:tests.checkDuplicate.statement.CheckDuplicateStatement@7b6846c6] output={null}]]]>
              </value>
            </param>
          </params>
          <reporter-output>
          </reporter-output>
        </test-method> <!-- takeScreenshotOnFailure -->
        <test-method signature="duplicateStep_4()[pri:17, instance:tests.checkDuplicate.statement.CheckDuplicateStatement@7b6846c6]" started-at="2025-12-18T12:41:04 MSK" name="duplicateStep_4" finished-at="2025-12-18T12:41:05 MSK" duration-ms="699" status="PASS">
          <reporter-output>
          </reporter-output>
        </test-method> <!-- duplicateStep_4 -->
        <test-method signature="duplicateStep_5()[pri:18, instance:tests.checkDuplicate.statement.CheckDuplicateStatement@7b6846c6]" started-at="2025-12-18T12:41:05 MSK" name="duplicateStep_5" finished-at="2025-12-18T12:41:06 MSK" duration-ms="615" status="PASS">
          <reporter-output>
          </reporter-output>
        </test-method> <!-- duplicateStep_5 -->
        <test-method is-config="true" signature="takeScreenshotOnFailure(org.testng.ITestResult)[pri:0, instance:tests.checkDuplicate.statement.CheckDuplicateStatement@7b6846c6]" started-at="2025-12-18T12:41:05 MSK" name="takeScreenshotOnFailure" finished-at="2025-12-18T12:41:05 MSK" duration-ms="0" status="PASS">
          <params>
            <param index="0">
              <value>
                <![CDATA[[TestResult name=duplicateStep_4 status=SUCCESS method=CheckDuplicateStatement.duplicateStep_4()[pri:17, instance:tests.checkDuplicate.statement.CheckDuplicateStatement@7b6846c6] output={null}]]]>
              </value>
            </param>
          </params>
          <reporter-output>
          </reporter-output>
        </test-method> <!-- takeScreenshotOnFailure -->
        <test-method is-config="true" signature="takeScreenshotOnFailure(org.testng.ITestResult)[pri:0, instance:tests.checkDuplicate.statement.CheckDuplicateStatement@7b6846c6]" started-at="2025-12-18T12:41:06 MSK" name="takeScreenshotOnFailure" finished-at="2025-12-18T12:41:06 MSK" duration-ms="1" status="PASS">
          <params>
            <param index="0">
              <value>
                <![CDATA[[TestResult name=duplicateStep_5 status=SUCCESS method=CheckDuplicateStatement.duplicateStep_5()[pri:18, instance:tests.checkDuplicate.statement.CheckDuplicateStatement@7b6846c6] output={null}]]]>
              </value>
            </param>
          </params>
          <reporter-output>
          </reporter-output>
        </test-method> <!-- takeScreenshotOnFailure -->
        <test-method signature="duplicate()[pri:19, instance:tests.checkDuplicate.statement.CheckDuplicateStatement@7b6846c6]" started-at="2025-12-18T12:41:06 MSK" name="duplicate" finished-at="2025-12-18T12:41:08 MSK" duration-ms="2020" status="PASS">
          <reporter-output>
          </reporter-output>
        </test-method> <!-- duplicate -->
        <test-method is-config="true" signature="tearDown()[pri:0, instance:tests.checkDuplicate.statement.CheckDuplicateStatement@7b6846c6]" started-at="2025-12-18T12:41:08 MSK" name="tearDown" finished-at="2025-12-18T12:41:08 MSK" duration-ms="73" status="PASS">
          <reporter-output>
          </reporter-output>
        </test-method> <!-- tearDown -->
        <test-method is-config="true" signature="takeScreenshotOnFailure(org.testng.ITestResult)[pri:0, instance:tests.checkDuplicate.statement.CheckDuplicateStatement@7b6846c6]" started-at="2025-12-18T12:41:08 MSK" name="takeScreenshotOnFailure" finished-at="2025-12-18T12:41:08 MSK" duration-ms="0" status="PASS">
          <params>
            <param index="0">
              <value>
                <![CDATA[[TestResult name=duplicate status=SUCCESS method=CheckDuplicateStatement.duplicate()[pri:19, instance:tests.checkDuplicate.statement.CheckDuplicateStatement@7b6846c6] output={null}]]]>
              </value>
            </param>
          </params>
          <reporter-output>
          </reporter-output>
        </test-method> <!-- takeScreenshotOnFailure -->
      </class> <!-- tests.checkDuplicate.statement.CheckDuplicateStatement -->
      <class name="tests.checkDuplicate.entranceExam.CheckDuplicateAddEntranceExam">
        <test-method is-config="true" signature="beforeClass()[pri:0, instance:tests.checkDuplicate.entranceExam.CheckDuplicateAddEntranceExam@2e61695b]" started-at="2025-12-18T12:40:23 MSK" name="beforeClass" finished-at="2025-12-18T12:40:25 MSK" duration-ms="2430" status="PASS">
          <reporter-output>
          </reporter-output>
        </test-method> <!-- beforeClass -->
        <test-method signature="auth()[pri:1, instance:tests.checkDuplicate.entranceExam.CheckDuplicateAddEntranceExam@2e61695b]" started-at="2025-12-18T12:40:25 MSK" name="auth" description="Авторизация" finished-at="2025-12-18T12:40:26 MSK" duration-ms="834" status="PASS">
          <reporter-output>
          </reporter-output>
        </test-method> <!-- auth -->
        <test-method is-config="true" signature="takeScreenshotOnFailure(org.testng.ITestResult)[pri:0, instance:tests.checkDuplicate.entranceExam.CheckDuplicateAddEntranceExam@2e61695b]" started-at="2025-12-18T12:40:26 MSK" name="takeScreenshotOnFailure" finished-at="2025-12-18T12:40:26 MSK" duration-ms="0" status="PASS">
          <params>
            <param index="0">
              <value>
                <![CDATA[[TestResult name=auth status=SUCCESS method=Base.auth()[pri:1, instance:tests.checkDuplicate.entranceExam.CheckDuplicateAddEntranceExam@2e61695b] output={null}]]]>
              </value>
            </param>
          </params>
          <reporter-output>
          </reporter-output>
        </test-method> <!-- takeScreenshotOnFailure -->
        <test-method signature="goToAddEntranceExams()[pri:2, instance:tests.checkDuplicate.entranceExam.CheckDuplicateAddEntranceExam@2e61695b]" started-at="2025-12-18T12:40:26 MSK" name="goToAddEntranceExams" finished-at="2025-12-18T12:40:27 MSK" duration-ms="707" status="PASS">
          <reporter-output>
          </reporter-output>
        </test-method> <!-- goToAddEntranceExams -->
        <test-method is-config="true" signature="takeScreenshotOnFailure(org.testng.ITestResult)[pri:0, instance:tests.checkDuplicate.entranceExam.CheckDuplicateAddEntranceExam@2e61695b]" started-at="2025-12-18T12:40:27 MSK" name="takeScreenshotOnFailure" finished-at="2025-12-18T12:40:27 MSK" duration-ms="1" status="PASS">
          <params>
            <param index="0">
              <value>
[...]
        </test-method> <!-- addUserCOO -->
        <test-method is-config="true" signature="takeScreenshotOnFailure(org.testng.ITestResult)[pri:0, instance:tests.adminOO.createRoleCOO.CreateRoleCOO@7107a4a3]" started-at="2025-12-18T12:42:01 MSK" name="takeScreenshotOnFailure" finished-at="2025-12-18T12:42:01 MSK" duration-ms="1" status="PASS">
          <params>
            <param index="0">
              <value>
                <![CDATA[[TestResult name=addUserCOO status=SUCCESS method=CreateRoleCOO.addUserCOO()[pri:3, instance:tests.adminOO.createRoleCOO.CreateRoleCOO@7107a4a3] output={null}]]]>
              </value>
            </param>
          </params>
          <reporter-output>
          </reporter-output>
        </test-method> <!-- takeScreenshotOnFailure -->
        <test-method signature="popUp()[pri:4, instance:tests.adminOO.createRoleCOO.CreateRoleCOO@7107a4a3]" started-at="2025-12-18T12:42:01 MSK" name="popUp" finished-at="2025-12-18T12:42:01 MSK" duration-ms="528" status="PASS">
          <reporter-output>
          </reporter-output>
        </test-method> <!-- popUp -->
        <test-method is-config="true" signature="takeScreenshotOnFailure(org.testng.ITestResult)[pri:0, instance:tests.adminOO.createRoleCOO.CreateRoleCOO@7107a4a3]" started-at="2025-12-18T12:42:01 MSK" name="takeScreenshotOnFailure" finished-at="2025-12-18T12:42:01 MSK" duration-ms="1" status="PASS">
          <params>
            <param index="0">
              <value>
                <![CDATA[[TestResult name=popUp status=SUCCESS method=CreateRoleCOO.popUp()[pri:4, instance:tests.adminOO.createRoleCOO.CreateRoleCOO@7107a4a3] output={null}]]]>
              </value>
            </param>
          </params>
          <reporter-output>
          </reporter-output>
        </test-method> <!-- takeScreenshotOnFailure -->
        <test-method is-config="true" signature="tearDown()[pri:0, instance:tests.adminOO.createRoleCOO.CreateRoleCOO@7107a4a3]" started-at="2025-12-18T12:42:01 MSK" name="tearDown" finished-at="2025-12-18T12:42:01 MSK" duration-ms="66" status="PASS">
          <reporter-output>
          </reporter-output>
        </test-method> <!-- tearDown -->
      </class> <!-- tests.adminOO.createRoleCOO.CreateRoleCOO -->
      <class name="tests.adminOO.addEntranceExams.AddEntranceExams">
        <test-method is-config="true" signature="beforeClass()[pri:0, instance:tests.adminOO.addEntranceExams.AddEntranceExams@5a342baf]" started-at="2025-12-18T12:41:08 MSK" name="beforeClass" finished-at="2025-12-18T12:41:09 MSK" duration-ms="1279" status="PASS">
          <reporter-output>
          </reporter-output>
        </test-method> <!-- beforeClass -->
        <test-method signature="auth()[pri:1, instance:tests.adminOO.addEntranceExams.AddEntranceExams@5a342baf]" started-at="2025-12-18T12:41:09 MSK" name="auth" description="Авторизация" finished-at="2025-12-18T12:41:10 MSK" duration-ms="752" status="PASS">
          <reporter-output>
          </reporter-output>
        </test-method> <!-- auth -->
        <test-method is-config="true" signature="takeScreenshotOnFailure(org.testng.ITestResult)[pri:0, instance:tests.adminOO.addEntranceExams.AddEntranceExams@5a342baf]" started-at="2025-12-18T12:41:10 MSK" name="takeScreenshotOnFailure" finished-at="2025-12-18T12:41:10 MSK" duration-ms="0" status="PASS">
          <params>
            <param index="0">
              <value>
                <![CDATA[[TestResult name=auth status=SUCCESS method=Base.auth()[pri:1, instance:tests.adminOO.addEntranceExams.AddEntranceExams@5a342baf] output={null}]]]>
              </value>
            </param>
          </params>
          <reporter-output>
          </reporter-output>
        </test-method> <!-- takeScreenshotOnFailure -->
        <test-method signature="addEntranceExams()[pri:3, instance:tests.adminOO.addEntranceExams.AddEntranceExams@5a342baf]" started-at="2025-12-18T12:41:10 MSK" name="addEntranceExams" finished-at="2025-12-18T12:41:20 MSK" duration-ms="10276" status="FAIL">
          <exception class="org.openqa.selenium.TimeoutException">
            <message>
              <![CDATA[Expected condition failed: waiting for element to be clickable: By.id: entranceexaminationform-name_subject (tried for 10 second(s) with 500 milliseconds interval)
Build info: version: '4.33.0', revision: '2c6aaad03a'
System info: os.name: 'Windows 10', os.arch: 'amd64', os.version: '10.0', java.version: '21.0.7'
Driver info: org.openqa.selenium.chrome.ChromeDriver
Capabilities {acceptInsecureCerts: false, browserName: chrome, browserVersion: 143.0.7499.41, chrome: {chromedriverVersion: 143.0.7499.146 (c1224fc40c9..., userDataDir: C:\Users\AE8A3~1.GAR\AppDat...}, fedcm:accounts: true, goog:chromeOptions: {debuggerAddress: localhost:65134}, goog:processID: 14540, networkConnectionEnabled: false, pageLoadStrategy: normal, platformName: windows, proxy: Proxy(), se:cdp: ws://localhost:65134/devtoo..., se:cdpVersion: 143.0.7499.41, setWindowRect: true, strictFileInteractability: false, timeouts: {implicit: 0, pageLoad: 300000, script: 30000}, unhandledPromptBehavior: dismiss and notify, webauthn:extension:credBlob: true, webauthn:extension:largeBlob: true, webauthn:extension:minPinLength: true, webauthn:extension:prf: true, webauthn:virtualAuthenticators: true}
Session ID: ed0b2a2cfa6c0dd2b01228cdb398ec5e]]>
            </message>
            <full-stacktrace>
              <![CDATA[org.openqa.selenium.TimeoutException: Expected condition failed: waiting for element to be clickable: By.id: entranceexaminationform-name_subject (tried for 10 second(s) with 500 milliseconds interval)
Build info: version: '4.33.0', revision: '2c6aaad03a'
System info: os.name: 'Windows 10', os.arch: 'amd64', os.version: '10.0', java.version: '21.0.7'
Driver info: org.openqa.selenium.chrome.ChromeDriver
Capabilities {acceptInsecureCerts: false, browserName: chrome, browserVersion: 143.0.7499.41, chrome: {chromedriverVersion: 143.0.7499.146 (c1224fc40c9..., userDataDir: C:\Users\AE8A3~1.GAR\AppDat...}, fedcm:accounts: true, goog:chromeOptions: {debuggerAddress: localhost:65134}, goog:processID: 14540, networkConnectionEnabled: false, pageLoadStrategy: normal, platformName: windows, proxy: Proxy(), se:cdp: ws://localhost:65134/devtoo..., se:cdpVersion: 143.0.7499.41, setWindowRect: true, strictFileInteractability: false, timeouts: {implicit: 0, pageLoad: 300000, script: 30000}, unhandledPromptBehavior: dismiss and notify, webauthn:extension:credBlob: true, webauthn:extension:largeBlob: true, webauthn:extension:minPinLength: true, webauthn:extension:prf: true, webauthn:virtualAuthenticators: true}
Session ID: ed0b2a2cfa6c0dd2b01228cdb398ec5e
at org.openqa.selenium.support.ui.WebDriverWait.timeoutException(WebDriverWait.java:84)
at org.openqa.selenium.support.ui.FluentWait.until(FluentWait.java:228)
at tests.adminOO.addEntranceExams.AddEntranceExams.addEntranceExams(AddEntranceExams.java:34)
at java.base/jdk.internal.reflect.DirectMethodHandleAccessor.invoke(DirectMethodHandleAccessor.java:103)
at java.base/java.lang.reflect.Method.invoke(Method.java:580)
at org.testng.internal.invokers.MethodInvocationHelper.invokeMethod(MethodInvocationHelper.java:139)
at org.testng.internal.invokers.TestInvoker.invokeMethod(TestInvoker.java:664)
at org.testng.internal.invokers.TestInvoker.invokeTestMethod(TestInvoker.java:228)
at org.testng.internal.invokers.MethodRunner.runInSequence(MethodRunner.java:63)
at org.testng.internal.invokers.TestInvoker$MethodInvocationAgent.invoke(TestInvoker.java:961)
at org.testng.internal.invokers.TestInvoker.invokeTestMethods(TestInvoker.java:201)
at org.testng.internal.invokers.TestMethodWorker.invokeTestMethods(TestMethodWorker.java:148)
at org.testng.internal.invokers.TestMethodWorker.run(TestMethodWorker.java:128)
at java.base/java.util.ArrayList.forEach(ArrayList.java:1596)
at org.testng.TestRunner.privateRun(TestRunner.java:819)
at org.testng.TestRunner.run(TestRunner.java:619)
at org.testng.SuiteRunner.runTest(SuiteRunner.java:443)
at org.testng.SuiteRunner.runSequentially(SuiteRunner.java:437)
at org.testng.SuiteRunner.privateRun(SuiteRunner.java:397)
at org.testng.SuiteRunner.run(SuiteRunner.java:336)
at org.testng.SuiteRunnerWorker.runSuite(SuiteRunnerWorker.java:52)
at org.testng.SuiteRunnerWorker.run(SuiteRunnerWorker.java:95)
at org.testng.TestNG.runSuitesSequentially(TestNG.java:1301)
at org.testng.TestNG.runSuitesLocally(TestNG.java:1228)
at org.testng.TestNG.runSuites(TestNG.java:1134)
at org.testng.TestNG.run(TestNG.java:1101)
at org.apache.maven.surefire.testng.TestNGExecutor.run(TestNGExecutor.java:308)
at org.apache.maven.surefire.testng.TestNGXmlTestSuite.execute(TestNGXmlTestSuite.java:71)
at org.apache.maven.surefire.testng.TestNGProvider.invoke(TestNGProvider.java:113)
at java.base/jdk.internal.reflect.DirectMethodHandleAccessor.invoke(DirectMethodHandleAccessor.java:103)
at java.base/java.lang.reflect.Method.invoke(Method.java:580)
at org.apache.maven.surefire.api.util.ReflectionUtils.invokeMethodWithArray2(ReflectionUtils.java:137)
at org.apache.maven.surefire.booter.ProviderFactory$ProviderProxy.invoke(ProviderFactory.java:148)
at org.apache.maven.surefire.booter.ProviderFactory.invokeProvider(ProviderFactory.java:88)
at org.apache.maven.plugin.surefire.InPluginVMSurefireStarter.runSuitesInProcess(InPluginVMSurefireStarter.java:91)
at org.apache.maven.plugin.surefire.AbstractSurefireMojo.executeProvider(AbstractSurefireMojo.java:1212)
at org.apache.maven.plugin.surefire.AbstractSurefireMojo.executeAfterPreconditionsChecked(AbstractSurefireMojo.java:1090)
at org.apache.maven.plugin.surefire.AbstractSurefireMojo.execute(AbstractSurefireMojo.java:910)
at org.apache.maven.plugin.DefaultBuildPluginManager.executeMojo(DefaultBuildPluginManager.java:126)
at org.apache.maven.lifecycle.internal.MojoExecutor.doExecute2(MojoExecutor.java:328)
at org.apache.maven.lifecycle.internal.MojoExecutor.doExecute(MojoExecutor.java:316)
at org.apache.maven.lifecycle.internal.MojoExecutor.execute(MojoExecutor.java:212)
at org.apache.maven.lifecycle.internal.MojoExecutor.execute(MojoExecutor.java:174)
at org.apache.maven.lifecycle.internal.MojoExecutor.access$000(MojoExecutor.java:75)
at org.apache.maven.lifecycle.internal.MojoExecutor$1.run(MojoExecutor.java:162)
at org.apache.maven.plugin.DefaultMojosExecutionStrategy.execute(DefaultMojosExecutionStrategy.java:39)
at org.apache.maven.lifecycle.internal.MojoExecutor.execute(MojoExecutor.java:159)
at org.apache.maven.lifecycle.internal.LifecycleModuleBuilder.buildProject(LifecycleModuleBuilder.java:105)
at org.apache.maven.lifecycle.internal.LifecycleModuleBuilder.buildProject(LifecycleModuleBuilder.java:73)
at org.apache.maven.lifecycle.internal.builder.singlethreaded.SingleThreadedBuilder.build(SingleThreadedBuilder.java:53)
at org.apache.maven.lifecycle.internal.LifecycleStarter.execute(LifecycleStarter.java:118)
at org.apache.maven.DefaultMaven.doExecute(DefaultMaven.java:261)
at org.apache.maven.DefaultMaven.doExecute(DefaultMaven.java:173)
at org.apache.maven.DefaultMaven.execute(DefaultMaven.java:101)
at org.apache.maven.cli.MavenCli.execute(MavenCli.java:906)
at org.apache.maven.cli.MavenCli.doMain(MavenCli.java:283)
at org.apache.maven.cli.MavenCli.main(MavenCli.java:206)
at java.base/jdk.internal.reflect.DirectMethodHandleAccessor.invoke(DirectMethodHandleAccessor.java:103)
at java.base/java.lang.reflect.Method.invoke(Method.java:580)
at org.codehaus.plexus.classworlds.launcher.Launcher.launchEnhanced(Launcher.java:255)
at org.codehaus.plexus.classworlds.launcher.Launcher.launch(Launcher.java:201)
at org.codehaus.plexus.classworlds.launcher.Launcher.mainWithExitCode(Launcher.java:361)
at org.codehaus.plexus.classworlds.launcher.Launcher.main(Launcher.java:314)
]]>
            </full-stacktrace>
          </exception> <!-- org.openqa.selenium.TimeoutException -->
          <reporter-output>
          </reporter-output>
        </test-method> <!-- addEntranceExams -->
        <test-method is-config="true" signature="takeScreenshotOnFailure(org.testng.ITestResult)[pri:0, instance:tests.adminOO.addEntranceExams.AddEntranceExams@5a342baf]" started-at="2025-12-18T12:41:20 MSK" name="takeScreenshotOnFailure" finished-at="2025-12-18T12:41:20 MSK" duration-ms="89" status="PASS">
          <params>
            <param index="0">
              <value>
                <![CDATA[[TestResult name=addEntranceExams status=FAILURE method=AddEntranceExams.addEntranceExams()[pri:3, instance:tests.adminOO.addEntranceExams.AddEntranceExams@5a342baf] output={null}]]]>
              </value>
            </param>
          </params>
          <reporter-output>
          </reporter-output>
        </test-method> <!-- takeScreenshotOnFailure -->
        <test-method signature="popUp()[pri:4, instance:tests.adminOO.addEntranceExams.AddEntranceExams@5a342baf]" started-at="2025-12-18T12:41:20 MSK" name="popUp" finished-at="2025-12-18T12:41:34 MSK" duration-ms="13322" status="FAIL">
          <exception class="java.lang.AssertionError">
            <message>
              <![CDATA[The following asserts failed:
❌ Попап с текстом 'Объект «Вступительные испытания» был создан' не появился на странице за 10 секунд]]>
            </message>
            <full-stacktrace>
              <![CDATA[java.lang.AssertionError: The following asserts failed:
❌ Попап с текстом 'Объект «Вступительные испытания» был создан' не появился на странице за 10 секунд
at org.testng.asserts.SoftAssert.assertAll(SoftAssert.java:46)
at org.testng.asserts.SoftAssert.assertAll(SoftAssert.java:30)
at tests.adminOO.addEntranceExams.AddEntranceExams.popUp(AddEntranceExams.java:68)
at java.base/jdk.internal.reflect.DirectMethodHandleAccessor.invoke(DirectMethodHandleAccessor.java:103)
at java.base/java.lang.reflect.Method.invoke(Method.java:580)
at org.testng.internal.invokers.MethodInvocationHelper.invokeMethod(MethodInvocationHelper.java:139)
at org.testng.internal.invokers.TestInvoker.invokeMethod(TestInvoker.java:664)
at org.testng.internal.invokers.TestInvoker.invokeTestMethod(TestInvoker.java:228)
at org.testng.internal.invokers.MethodRunner.runInSequence(MethodRunner.java:63)
at org.testng.internal.invokers.TestInvoker$MethodInvocationAgent.invoke(TestInvoker.java:961)
at org.testng.internal.invokers.TestInvoker.invokeTestMethods(TestInvoker.java:201)
at org.testng.internal.invokers.TestMethodWorker.invokeTestMethods(TestMethodWorker.java:148)
at org.testng.internal.invokers.TestMethodWorker.run(TestMethodWorker.java:128)
at java.base/java.util.ArrayList.forEach(ArrayList.java:1596)
at org.testng.TestRunner.privateRun(TestRunner.java:819)
at org.testng.TestRunner.run(TestRunner.java:619)
at org.testng.SuiteRunner.runTest(SuiteRunner.java:443)
at org.testng.SuiteRunner.runSequentially(SuiteRunner.java:437)
at org.testng.SuiteRunner.privateRun(SuiteRunner.java:397)
at org.testng.SuiteRunner.run(SuiteRunner.java:336)
at org.testng.SuiteRunnerWorker.runSuite(SuiteRunnerWorker.java:52)
at org.testng.SuiteRunnerWorker.run(SuiteRunnerWorker.java:95)
at org.testng.TestNG.runSuitesSequentially(TestNG.java:1301)
at org.testng.TestNG.runSuitesLocally(TestNG.java:1228)
at org.testng.TestNG.runSuites(TestNG.java:1134)
at org.testng.TestNG.run(TestNG.java:1101)
at org.apache.maven.surefire.testng.TestNGExecutor.run(TestNGExecutor.java:308)
at org.apache.maven.surefire.testng.TestNGXmlTestSuite.execute(TestNGXmlTestSuite.java:71)
at org.apache.maven.surefire.testng.TestNGProvider.invoke(TestNGProvider.java:113)
at java.base/jdk.internal.reflect.DirectMethodHandleAccessor.invoke(DirectMethodHandleAccessor.java:103)
at java.base/java.lang.reflect.Method.invoke(Method.java:580)
at org.apache.maven.surefire.api.util.ReflectionUtils.invokeMethodWithArray2(ReflectionUtils.java:137)
at org.apache.maven.surefire.booter.ProviderFactory$ProviderProxy.invoke(ProviderFactory.java:148)
at org.apache.maven.surefire.booter.ProviderFactory.invokeProvider(ProviderFactory.java:88)
at org.apache.maven.plugin.surefire.InPluginVMSurefireStarter.runSuitesInProcess(InPluginVMSurefireStarter.java:91)
at org.apache.maven.plugin.surefire.AbstractSurefireMojo.executeProvider(AbstractSurefireMojo.java:1212)
at org.apache.maven.plugin.surefire.AbstractSurefireMojo.executeAfterPreconditionsChecked(AbstractSurefireMojo.java:1090)
at org.apache.maven.plugin.surefire.AbstractSurefireMojo.execute(AbstractSurefireMojo.java:910)
at org.apache.maven.plugin.DefaultBuildPluginManager.executeMojo(DefaultBuildPluginManager.java:126)
at org.apache.maven.lifecycle.internal.MojoExecutor.doExecute2(MojoExecutor.java:328)
at org.apache.maven.lifecycle.internal.MojoExecutor.doExecute(MojoExecutor.java:316)
at org.apache.maven.lifecycle.internal.MojoExecutor.execute(MojoExecutor.java:212)
at org.apache.maven.lifecycle.internal.MojoExecutor.execute(MojoExecutor.java:174)
at org.apache.maven.lifecycle.internal.MojoExecutor.access$000(MojoExecutor.java:75)
at org.apache.maven.lifecycle.internal.MojoExecutor$1.run(MojoExecutor.java:162)
at org.apache.maven.plugin.DefaultMojosExecutionStrategy.execute(DefaultMojosExecutionStrategy.java:39)
at org.apache.maven.lifecycle.internal.MojoExecutor.execute(MojoExecutor.java:159)
at org.apache.maven.lifecycle.internal.LifecycleModuleBuilder.buildProject(LifecycleModuleBuilder.java:105)
at org.apache.maven.lifecycle.internal.LifecycleModuleBuilder.buildProject(LifecycleModuleBuilder.java:73)
at org.apache.maven.lifecycle.internal.builder.singlethreaded.SingleThreadedBuilder.build(SingleThreadedBuilder.java:53)
at org.apache.maven.lifecycle.internal.LifecycleStarter.execute(LifecycleStarter.java:118)
at org.apache.maven.DefaultMaven.doExecute(DefaultMaven.java:261)
at org.apache.maven.DefaultMaven.doExecute(DefaultMaven.java:173)
at org.apache.maven.DefaultMaven.execute(DefaultMaven.java:101)
at org.apache.maven.cli.MavenCli.execute(MavenCli.java:906)
at org.apache.maven.cli.MavenCli.doMain(MavenCli.java:283)
at org.apache.maven.cli.MavenCli.main(MavenCli.java:206)
at java.base/jdk.internal.reflect.DirectMethodHandleAccessor.invoke(DirectMethodHandleAccessor.java:103)
at java.base/java.lang.reflect.Method.invoke(Method.java:580)
at org.codehaus.plexus.classworlds.launcher.Launcher.launchEnhanced(Launcher.java:255)
at org.codehaus.plexus.classworlds.launcher.Launcher.launch(Launcher.java:201)
at org.codehaus.plexus.classworlds.launcher.Launcher.mainWithExitCode(Launcher.java:361)
at org.codehaus.plexus.classworlds.launcher.Launcher.main(Launcher.java:314)
]]>
            </full-stacktrace>
          </exception> <!-- java.lang.AssertionError -->
          <reporter-output>
          </reporter-output>
        </test-method> <!-- popUp -->
        <test-method is-config="true" signature="takeScreenshotOnFailure(org.testng.ITestResult)[pri:0, instance:tests.adminOO.addEntranceExams.AddEntranceExams@5a342baf]" started-at="2025-12-18T12:41:34 MSK" name="takeScreenshotOnFailure" finished-at="2025-12-18T12:41:34 MSK" duration-ms="73" status="PASS">
          <params>
            <param index="0">
              <value>
                <![CDATA[[TestResult name=popUp status=FAILURE method=AddEntranceExams.popUp()[pri:4, instance:tests.adminOO.addEntranceExams.AddEntranceExams@5a342baf] output={null}]]]>
              </value>
            </param>
          </params>
          <reporter-output>
          </reporter-output>
        </test-method> <!-- takeScreenshotOnFailure -->
        <test-method is-config="true" signature="tearDown()[pri:0, instance:tests.adminOO.addEntranceExams.AddEntranceExams@5a342baf]" started-at="2025-12-18T12:41:34 MSK" name="tearDown" finished-at="2025-12-18T12:41:34 MSK" duration-ms="80" status="PASS">
          <reporter-output>
          </reporter-output>
        </test-method> <!-- tearDown -->
      </class> <!-- tests.adminOO.addEntranceExams.AddEntranceExams -->
    </test> <!-- AdminOO -->
  </suite> <!-- All Test Suite -->
</testng-results>
