<?xml version="1.0" encoding="UTF-8"?>
<!-- Generated by org.testng.reporters.JUnitXMLReporter -->
<testsuite ignored="0" hostname="DESKTOP-A8CGM4F" failures="0" tests="2" name="RegistrationTest-7" time="16.889" errors="0" timestamp="2025-05-25T15:43:33 MSK">
  <testcase classname="smoke.test.Reg" name="loadPage" time="0.0">
    <skipped/>
  </testcase> <!-- loadPage -->
  <testcase classname="smoke.test.Reg" name="auth" time="0.0">
    <skipped/>
  </testcase> <!-- auth -->
</testsuite> <!-- RegistrationTest-7 -->
