<?xml version="1.0" encoding="UTF-8"?>
<testng-results ignored="0" total="6" passed="6" failed="0" skipped="0">
  <reporter-output>
  </reporter-output>
  <suite started-at="2025-05-25T15:48:18 MSK" name="RegistrationSuite" finished-at="2025-05-25T15:49:02 MSK" duration-ms="43982">
    <groups>
    </groups>
    <test started-at="2025-05-25T15:48:18 MSK" name="RegistrationTest-1" finished-at="2025-05-25T15:49:01 MSK" duration-ms="42868">
      <class name="smoke.test.Reg">
        <test-method is-config="true" signature="beforeClass()[pri:0, instance:smoke.test.Reg@762ef0ea]" started-at="2025-05-25T15:48:18 MSK" name="beforeClass" finished-at="2025-05-25T15:48:23 MSK" duration-ms="4470" status="PASS">
          <reporter-output>
          </reporter-output>
        </test-method> <!-- beforeClass -->
        <test-method signature="loadPage()[pri:1, instance:smoke.test.Reg@762ef0ea]" started-at="2025-05-25T15:48:23 MSK" name="loadPage" finished-at="2025-05-25T15:48:26 MSK" duration-ms="2994" status="PASS">
          <reporter-output>
          </reporter-output>
        </test-method> <!-- loadPage -->
        <test-method signature="auth()[pri:2, instance:smoke.test.Reg@762ef0ea]" started-at="2025-05-25T15:48:26 MSK" name="auth" finished-at="2025-05-25T15:49:00 MSK" duration-ms="33966" status="PASS">
          <reporter-output>
          </reporter-output>
        </test-method> <!-- auth -->
        <test-method is-config="true" signature="TearDown()[pri:0, instance:smoke.test.Reg@762ef0ea]" started-at="2025-05-25T15:49:00 MSK" name="TearDown" finished-at="2025-05-25T15:49:01 MSK" duration-ms="1335" status="PASS">
          <reporter-output>
          </reporter-output>
        </test-method> <!-- TearDown -->
      </class> <!-- smoke.test.Reg -->
    </test> <!-- RegistrationTest-1 -->
    <test started-at="2025-05-25T15:48:18 MSK" name="RegistrationTest-2" finished-at="2025-05-25T15:49:02 MSK" duration-ms="43375">
      <class name="smoke.test.Reg">
        <test-method is-config="true" signature="beforeClass()[pri:0, instance:smoke.test.Reg@1d8bd0de]" started-at="2025-05-25T15:48:18 MSK" name="beforeClass" finished-at="2025-05-25T15:48:23 MSK" duration-ms="4505" status="PASS">
          <reporter-output>
          </reporter-output>
        </test-method> <!-- beforeClass -->
        <test-method signature="loadPage()[pri:1, instance:smoke.test.Reg@1d8bd0de]" started-at="2025-05-25T15:48:23 MSK" name="loadPage" finished-at="2025-05-25T15:48:26 MSK" duration-ms="2810" status="PASS">
          <reporter-output>
          </reporter-output>
        </test-method> <!-- loadPage -->
        <test-method signature="auth()[pri:2, instance:smoke.test.Reg@1d8bd0de]" started-at="2025-05-25T15:48:26 MSK" name="auth" finished-at="2025-05-25T15:49:00 MSK" duration-ms="34653" status="PASS">
          <reporter-output>
          </reporter-output>
        </test-method> <!-- auth -->
        <test-method is-config="true" signature="TearDown()[pri:0, instance:smoke.test.Reg@1d8bd0de]" started-at="2025-05-25T15:49:00 MSK" name="TearDown" finished-at="2025-05-25T15:49:02 MSK" duration-ms="1343" status="PASS">
          <reporter-output>
          </reporter-output>
        </test-method> <!-- TearDown -->
      </class> <!-- smoke.test.Reg -->
    </test> <!-- RegistrationTest-2 -->
    <test started-at="2025-05-25T15:48:18 MSK" name="RegistrationTest-3" finished-at="2025-05-25T15:49:02 MSK" duration-ms="43982">
      <class name="smoke.test.Reg">
        <test-method is-config="true" signature="beforeClass()[pri:0, instance:smoke.test.Reg@11c9af63]" started-at="2025-05-25T15:48:18 MSK" name="beforeClass" finished-at="2025-05-25T15:48:23 MSK" duration-ms="4470" status="PASS">
          <reporter-output>
          </reporter-output>
        </test-method> <!-- beforeClass -->
        <test-method signature="loadPage()[pri:1, instance:smoke.test.Reg@11c9af63]" started-at="2025-05-25T15:48:23 MSK" name="loadPage" finished-at="2025-05-25T15:48:25 MSK" duration-ms="2501" status="PASS">
          <reporter-output>
          </reporter-output>
        </test-method> <!-- loadPage -->
        <test-method signature="auth()[pri:2, instance:smoke.test.Reg@11c9af63]" started-at="2025-05-25T15:48:26 MSK" name="auth" finished-at="2025-05-25T15:49:01 MSK" duration-ms="35492" status="PASS">
          <reporter-output>
          </reporter-output>
        </test-method> <!-- auth -->
        <test-method is-config="true" signature="TearDown()[pri:0, instance:smoke.test.Reg@11c9af63]" started-at="2025-05-25T15:49:01 MSK" name="TearDown" finished-at="2025-05-25T15:49:02 MSK" duration-ms="1301" status="PASS">
          <reporter-output>
          </reporter-output>
        </test-method> <!-- TearDown -->
      </class> <!-- smoke.test.Reg -->
    </test> <!-- RegistrationTest-3 -->
  </suite> <!-- RegistrationSuite -->
</testng-results>
