<?xml version="1.0" encoding="UTF-8"?>
<!-- Generated by org.testng.reporters.JUnitXMLReporter -->
<testsuite ignored="0" hostname="HW-CIT531-10" failures="2" tests="34" name="AdminOO" time="75.22" errors="0" timestamp="2025-12-18T12:42:23 MSK">
  <testcase classname="setup.Base" name="auth" time="0.752"/>
  <testcase classname="tests.adminOO.addEntranceExams.AddEntranceExams" name="addEntranceExams" time="10.276">
    <failure type="org.openqa.selenium.TimeoutException" message="Expected condition failed: waiting for element to be clickable: By.id: entranceexaminationform-name_subject (tried for 10 second(s) with 500 milliseconds interval)
Build info: version: &amp;apos;4.33.0&amp;apos;, revision: &amp;apos;2c6aaad03a&amp;apos;
System info: os.name: &amp;apos;Windows 10&amp;apos;, os.arch: &amp;apos;amd64&amp;apos;, os.version: &amp;apos;10.0&amp;apos;, java.version: &amp;apos;21.0.7&amp;apos;
Driver info: org.openqa.selenium.chrome.ChromeDriver
Capabilities {acceptInsecureCerts: false, browserName: chrome, browserVersion: 143.0.7499.41, chrome: {chromedriverVersion: 143.0.7499.146 (c1224fc40c9..., userDataDir: C:\Users\AE8A3~1.GAR\AppDat...}, fedcm:accounts: true, goog:chromeOptions: {debuggerAddress: localhost:65134}, goog:processID: 14540, networkConnectionEnabled: false, pageLoadStrategy: normal, platformName: windows, proxy: Proxy(), se:cdp: ws://localhost:65134/devtoo..., se:cdpVersion: 143.0.7499.41, setWindowRect: true, strictFileInteractability: false, timeouts: {implicit: 0, pageLoad: 300000, script: 30000}, unhandledPromptBehavior: dismiss and notify, webauthn:extension:credBlob: true, webauthn:extension:largeBlob: true, webauthn:extension:minPinLength: true, webauthn:extension:prf: true, webauthn:virtualAuthenticators: true}
Session ID: ed0b2a2cfa6c0dd2b01228cdb398ec5e">
      <![CDATA[org.openqa.selenium.TimeoutException: Expected condition failed: waiting for element to be clickable: By.id: entranceexaminationform-name_subject (tried for 10 second(s) with 500 milliseconds interval)
Build info: version: '4.33.0', revision: '2c6aaad03a'
System info: os.name: 'Windows 10', os.arch: 'amd64', os.version: '10.0', java.version: '21.0.7'
Driver info: org.openqa.selenium.chrome.ChromeDriver
Capabilities {acceptInsecureCerts: false, browserName: chrome, browserVersion: 143.0.7499.41, chrome: {chromedriverVersion: 143.0.7499.146 (c1224fc40c9..., userDataDir: C:\Users\AE8A3~1.GAR\AppDat...}, fedcm:accounts: true, goog:chromeOptions: {debuggerAddress: localhost:65134}, goog:processID: 14540, networkConnectionEnabled: false, pageLoadStrategy: normal, platformName: windows, proxy: Proxy(), se:cdp: ws://localhost:65134/devtoo..., se:cdpVersion: 143.0.7499.41, setWindowRect: true, strictFileInteractability: false, timeouts: {implicit: 0, pageLoad: 300000, script: 30000}, unhandledPromptBehavior: dismiss and notify, webauthn:extension:credBlob: true, webauthn:extension:largeBlob: true, webauthn:extension:minPinLength: true, webauthn:extension:prf: true, webauthn:virtualAuthenticators: true}
Session ID: ed0b2a2cfa6c0dd2b01228cdb398ec5e
at org.openqa.selenium.support.ui.WebDriverWait.timeoutException(WebDriverWait.java:84)
at org.openqa.selenium.support.ui.FluentWait.until(FluentWait.java:228)
at tests.adminOO.addEntranceExams.AddEntranceExams.addEntranceExams(AddEntranceExams.java:34)
at java.base/java.util.ArrayList.forEach(ArrayList.java:1596)
at org.apache.maven.plugin.surefire.InPluginVMSurefireStarter.runSuitesInProcess(InPluginVMSurefireStarter.java:91)
at org.apache.maven.plugin.surefire.AbstractSurefireMojo.executeProvider(AbstractSurefireMojo.java:1212)
at org.apache.maven.plugin.surefire.AbstractSurefireMojo.executeAfterPreconditionsChecked(AbstractSurefireMojo.java:1090)
at org.apache.maven.plugin.surefire.AbstractSurefireMojo.execute(AbstractSurefireMojo.java:910)
at org.apache.maven.plugin.DefaultBuildPluginManager.executeMojo(DefaultBuildPluginManager.java:126)
at org.apache.maven.lifecycle.internal.MojoExecutor.doExecute2(MojoExecutor.java:328)
at org.apache.maven.lifecycle.internal.MojoExecutor.doExecute(MojoExecutor.java:316)
at org.apache.maven.lifecycle.internal.MojoExecutor.execute(MojoExecutor.java:212)
at org.apache.maven.lifecycle.internal.MojoExecutor.execute(MojoExecutor.java:174)
at org.apache.maven.lifecycle.internal.MojoExecutor.access$000(MojoExecutor.java:75)
at org.apache.maven.lifecycle.internal.MojoExecutor$1.run(MojoExecutor.java:162)
at org.apache.maven.plugin.DefaultMojosExecutionStrategy.execute(DefaultMojosExecutionStrategy.java:39)
at org.apache.maven.lifecycle.internal.MojoExecutor.execute(MojoExecutor.java:159)
at org.apache.maven.lifecycle.internal.LifecycleModuleBuilder.buildProject(LifecycleModuleBuilder.java:105)
at org.apache.maven.lifecycle.internal.LifecycleModuleBuilder.buildProject(LifecycleModuleBuilder.java:73)
at org.apache.maven.lifecycle.internal.builder.singlethreaded.SingleThreadedBuilder.build(SingleThreadedBuilder.java:53)
at org.apache.maven.lifecycle.internal.LifecycleStarter.execute(LifecycleStarter.java:118)
at org.apache.maven.DefaultMaven.doExecute(DefaultMaven.java:261)
at org.apache.maven.DefaultMaven.doExecute(DefaultMaven.java:173)
at org.apache.maven.DefaultMaven.execute(DefaultMaven.java:101)
at org.apache.maven.cli.MavenCli.execute(MavenCli.java:906)
at org.apache.maven.cli.MavenCli.doMain(MavenCli.java:283)
at org.apache.maven.cli.MavenCli.main(MavenCli.java:206)
at org.codehaus.plexus.classworlds.launcher.Launcher.launchEnhanced(Launcher.java:255)
at org.codehaus.plexus.classworlds.launcher.Launcher.launch(Launcher.java:201)
at org.codehaus.plexus.classworlds.launcher.Launcher.mainWithExitCode(Launcher.java:361)
at org.codehaus.plexus.classworlds.launcher.Launcher.main(Launcher.java:314)
... Removed 32 stack frames]]>
    </failure>
  </testcase> <!-- addEntranceExams -->
  <testcase classname="tests.adminOO.addEntranceExams.AddEntranceExams" name="popUp" time="13.322">
    <failure type="java.lang.AssertionError" message="The following asserts failed:
	❌ Попап с текстом &amp;apos;Объект «Вступительные испытания» был создан&amp;apos; не появился на странице за 10 секунд">
      <![CDATA[java.lang.AssertionError: The following asserts failed:
❌ Попап с текстом 'Объект «Вступительные испытания» был создан' не появился на странице за 10 секунд
at tests.adminOO.addEntranceExams.AddEntranceExams.popUp(AddEntranceExams.java:68)
at java.base/java.util.ArrayList.forEach(ArrayList.java:1596)
at org.apache.maven.plugin.surefire.InPluginVMSurefireStarter.runSuitesInProcess(InPluginVMSurefireStarter.java:91)
at org.apache.maven.plugin.surefire.AbstractSurefireMojo.executeProvider(AbstractSurefireMojo.java:1212)
at org.apache.maven.plugin.surefire.AbstractSurefireMojo.executeAfterPreconditionsChecked(AbstractSurefireMojo.java:1090)
at org.apache.maven.plugin.surefire.AbstractSurefireMojo.execute(AbstractSurefireMojo.java:910)
at org.apache.maven.plugin.DefaultBuildPluginManager.executeMojo(DefaultBuildPluginManager.java:126)
at org.apache.maven.lifecycle.internal.MojoExecutor.doExecute2(MojoExecutor.java:328)
at org.apache.maven.lifecycle.internal.MojoExecutor.doExecute(MojoExecutor.java:316)
at org.apache.maven.lifecycle.internal.MojoExecutor.execute(MojoExecutor.java:212)
at org.apache.maven.lifecycle.internal.MojoExecutor.execute(MojoExecutor.java:174)
at org.apache.maven.lifecycle.internal.MojoExecutor.access$000(MojoExecutor.java:75)
at org.apache.maven.lifecycle.internal.MojoExecutor$1.run(MojoExecutor.java:162)
at org.apache.maven.plugin.DefaultMojosExecutionStrategy.execute(DefaultMojosExecutionStrategy.java:39)
at org.apache.maven.lifecycle.internal.MojoExecutor.execute(MojoExecutor.java:159)
at org.apache.maven.lifecycle.internal.LifecycleModuleBuilder.buildProject(LifecycleModuleBuilder.java:105)
at org.apache.maven.lifecycle.internal.LifecycleModuleBuilder.buildProject(LifecycleModuleBuilder.java:73)
at org.apache.maven.lifecycle.internal.builder.singlethreaded.SingleThreadedBuilder.build(SingleThreadedBuilder.java:53)
at org.apache.maven.lifecycle.internal.LifecycleStarter.execute(LifecycleStarter.java:118)
at org.apache.maven.DefaultMaven.doExecute(DefaultMaven.java:261)
at org.apache.maven.DefaultMaven.doExecute(DefaultMaven.java:173)
at org.apache.maven.DefaultMaven.execute(DefaultMaven.java:101)
at org.apache.maven.cli.MavenCli.execute(MavenCli.java:906)
at org.apache.maven.cli.MavenCli.doMain(MavenCli.java:283)
at org.apache.maven.cli.MavenCli.main(MavenCli.java:206)
at org.codehaus.plexus.classworlds.launcher.Launcher.launchEnhanced(Launcher.java:255)
at org.codehaus.plexus.classworlds.launcher.Launcher.launch(Launcher.java:201)
at org.codehaus.plexus.classworlds.launcher.Launcher.mainWithExitCode(Launcher.java:361)
at org.codehaus.plexus.classworlds.launcher.Launcher.main(Launcher.java:314)
... Removed 34 stack frames]]>
    </failure>
  </testcase> <!-- popUp -->
  <testcase classname="setup.Base" name="auth" time="0.75"/>
  <testcase classname="tests.adminOO.addGroupsEntranceExams.AddGroupEntranceExams" name="goToRegistryEntranceExams" time="1.971"/>
  <testcase classname="tests.adminOO.addGroupsEntranceExams.AddGroupEntranceExams" name="addGroupEntranceExams" time="0.413"/>
  <testcase classname="tests.adminOO.addGroupsEntranceExams.AddGroupEntranceExams" name="popUp" time="0.901"/>
  <testcase classname="setup.Base" name="auth" time="0.77"/>
  <testcase classname="tests.adminOO.addScoreEntranceExams.AddScoreEntranceExams" name="goToAddEntranceExams" time="0.721"/>
  <testcase classname="tests.adminOO.addScoreEntranceExams.AddScoreEntranceExams" name="addEntranceExams" time="1.132"/>
  <testcase classname="tests.adminOO.addScoreEntranceExams.AddScoreEntranceExams" name="popUpEntranceExamCreated" time="3.027"/>
  <testcase classname="tests.adminOO.addScoreEntranceExams.AddScoreEntranceExams" name="addGroupEntranceExams" time="3.805"/>
  <testcase classname="tests.adminOO.addScoreEntranceExams.AddScoreEntranceExams" name="popUpGroupCreated" time="0.015"/>
  <testcase classname="tests.adminOO.addScoreEntranceExams.AddScoreEntranceExams" name="staffingGroup" time="3.514"/>
  <testcase classname="tests.adminOO.addScoreEntranceExams.AddScoreEntranceExams" name="grading" time="2.665"/>
  <testcase classname="setup.Base" name="auth" time="0.799"/>
  <testcase classname="tests.adminOO.createRoleCOO.CreateRoleCOO" name="goToCreatingUser" time="0.725"/>
  <testcase classname="tests.adminOO.createRoleCOO.CreateRoleCOO" name="addUserCOO" time="1.495"/>
  <testcase classname="tests.adminOO.createRoleCOO.CreateRoleCOO" name="popUp" time="0.528"/>
  <testcase classname="setup.Base" name="auth" time="0.724"/>
  <testcase classname="tests.adminOO.editingUser.EditingUser" name="goToUserRegistry" time="0.951"/>
  <testcase classname="tests.adminOO.editingUser.EditingUser" name="clearFields" time="0.114"/>
  <testcase classname="tests.adminOO.editingUser.EditingUser" name="checkRequiredFields" time="2.055"/>
  <testcase classname="tests.adminOO.editingUser.EditingUser" name="clearFields_2" time="0.093"/>
  <testcase classname="tests.adminOO.editingUser.EditingUser" name="changingData" time="0.19"/>
  <testcase classname="tests.adminOO.editingUser.EditingUser" name="popUp" time="0.528"/>
  <testcase classname="tests.adminOO.editingUser.EditingUser" name="checkComparisonFields" time="0.052"/>
  <testcase classname="setup.Base" name="auth" time="0.733"/>
  <testcase classname="tests.adminOO.blockingUnblockingUser.BlockingUnblockingUser" name="goToUserRegistry" time="0.94"/>
  <testcase classname="tests.adminOO.blockingUnblockingUser.BlockingUnblockingUser" name="toggleBlocking" time="3.373"/>
  <testcase classname="setup.Base" name="auth" time="0.733"/>
  <testcase classname="tests.adminOO.changeApplicantData.ChangeApplicantData" name="openRegistryApplications" time="4.026"/>
  <testcase classname="tests.adminOO.changeApplicantData.ChangeApplicantData" name="changeApplicantData" time="2.731"/>
  <testcase classname="tests.adminOO.changeApplicantData.ChangeApplicantData" name="assertChangedFields" time="0.188"/>
</testsuite> <!-- AdminOO -->
