<?xml version="1.0" encoding="UTF-8"?>
<!-- Generated by org.testng.reporters.JUnitXMLReporter -->
<testsuite ignored="0" hostname="HW-CIT531-10" failures="0" tests="27" name="CheckDuplicate" time="44.787" errors="0" timestamp="2025-12-18T12:41:08 MSK">
  <testcase classname="setup.Base" name="auth" time="0.834"/>
  <testcase classname="tests.checkDuplicate.entranceExam.CheckDuplicateAddEntranceExam" name="goToAddEntranceExams" time="0.707"/>
  <testcase classname="tests.checkDuplicate.entranceExam.CheckDuplicateAddEntranceExam" name="AddEntranceExams" time="1.149"/>
  <testcase classname="tests.checkDuplicate.entranceExam.CheckDuplicateAddEntranceExam" name="popUp" time="1.016"/>
  <testcase classname="setup.BaseSuperAdmin" name="auth" time="1.108"/>
  <testcase classname="tests.checkDuplicate.specialities.CheckDuplicateSpecialities" name="clickReceptionPlanMenu" time="0.222"/>
  <testcase classname="tests.checkDuplicate.specialities.CheckDuplicateSpecialities" name="addSpecialty" time="0.764"/>
  <testcase classname="tests.checkDuplicate.specialities.CheckDuplicateSpecialities" name="specialtyCheck" time="1.034"/>
  <testcase classname="setup.BaseRegistration" name="auth" time="0.748"/>
  <testcase classname="setup.BaseRegistration" name="registrationApplication" time="0.205"/>
  <testcase classname="setup.BaseRegistration" name="clearFields" time="10.949"/>
  <testcase classname="tests.checkDuplicate.statement.CheckDuplicateStatement" name="step_1" time="0.39"/>
  <testcase classname="tests.checkDuplicate.statement.CheckDuplicateStatement" name="step_2" time="0.809"/>
  <testcase classname="tests.checkDuplicate.statement.CheckDuplicateStatement" name="step_3" time="0.877"/>
  <testcase classname="tests.checkDuplicate.statement.CheckDuplicateStatement" name="step_4" time="0.712"/>
  <testcase classname="tests.checkDuplicate.statement.CheckDuplicateStatement" name="step_5" time="0.641"/>
  <testcase classname="tests.checkDuplicate.statement.CheckDuplicateStatement" name="step_6" time="0.751"/>
  <testcase classname="tests.checkDuplicate.statement.CheckDuplicateStatement" name="step_7" time="3.381"/>
  <testcase classname="tests.checkDuplicate.statement.CheckDuplicateStatement" name="step_8" time="0.64"/>
  <testcase classname="tests.checkDuplicate.statement.CheckDuplicateStatement" name="popUp" time="6.273"/>
  <testcase classname="tests.checkDuplicate.statement.CheckDuplicateStatement" name="duplicateRegistrationApplication" time="0.668"/>
  <testcase classname="tests.checkDuplicate.statement.CheckDuplicateStatement" name="duplicateStep_1" time="0.346"/>
  <testcase classname="tests.checkDuplicate.statement.CheckDuplicateStatement" name="duplicateStep_2" time="0.785"/>
  <testcase classname="tests.checkDuplicate.statement.CheckDuplicateStatement" name="duplicateStep_3" time="0.843"/>
  <testcase classname="tests.checkDuplicate.statement.CheckDuplicateStatement" name="duplicateStep_4" time="0.699"/>
  <testcase classname="tests.checkDuplicate.statement.CheckDuplicateStatement" name="duplicateStep_5" time="0.615"/>
  <testcase classname="tests.checkDuplicate.statement.CheckDuplicateStatement" name="duplicate" time="2.02"/>
</testsuite> <!-- CheckDuplicate -->
