<?xml version="1.0" encoding="UTF-8"?>
<!-- Generated by org.testng.reporters.JUnitXMLReporter -->
<testsuite ignored="0" hostname="HW-CIT531-10" failures="1" tests="37" name="Registration" time="104.944" errors="0" timestamp="2025-12-18T12:40:23 MSK">
  <testcase classname="tests.registration.registrationClassic.RegistrationClassic" name="auth" time="0.77"/>
  <testcase classname="tests.registration.registrationClassic.RegistrationClassic" name="registrationApplication" time="0.203"/>
  <testcase classname="tests.registration.registrationClassic.RegistrationClassic" name="clearFields" time="0.687"/>
  <testcase classname="tests.registration.registrationClassic.RegistrationClassic" name="step_1" time="0.427"/>
  <testcase classname="tests.registration.registrationClassic.RegistrationClassic" name="step_2" time="0.835"/>
  <testcase classname="tests.registration.registrationClassic.RegistrationClassic" name="step_3" time="0.973"/>
  <testcase classname="tests.registration.registrationClassic.RegistrationClassic" name="step_4" time="0.726"/>
  <testcase classname="tests.registration.registrationClassic.RegistrationClassic" name="step_5" time="0.634"/>
  <testcase classname="tests.registration.registrationClassic.RegistrationClassic" name="step_6" time="0.756"/>
  <testcase classname="tests.registration.registrationClassic.RegistrationClassic" name="step_7" time="3.37"/>
  <testcase classname="tests.registration.registrationClassic.RegistrationClassic" name="step_8" time="0.8"/>
  <testcase classname="tests.registration.registrationClassic.RegistrationClassic" name="popUp" time="1.388"/>
  <testcase classname="setup.BaseRegistration" name="auth" time="1.137"/>
  <testcase classname="setup.BaseRegistration" name="registrationApplication" time="0.721"/>
  <testcase classname="setup.BaseRegistration" name="clearFields" time="11.03"/>
  <testcase classname="tests.registration.registrationMandatoryFields.RegistrationMandatoryFields" name="hintsOnStep_1" time="2.12"/>
  <testcase classname="tests.registration.registrationMandatoryFields.RegistrationMandatoryFields" name="step_1" time="0.398"/>
  <testcase classname="tests.registration.registrationMandatoryFields.RegistrationMandatoryFields" name="hintsOnStep_2" time="3.066"/>
  <testcase classname="tests.registration.registrationMandatoryFields.RegistrationMandatoryFields" name="step_2" time="0.29"/>
  <testcase classname="tests.registration.registrationMandatoryFields.RegistrationMandatoryFields" name="hintsOnStep_3" time="5.092"/>
  <testcase classname="tests.registration.registrationMandatoryFields.RegistrationMandatoryFields" name="step_3" time="0.374"/>
  <testcase classname="tests.registration.registrationMandatoryFields.RegistrationMandatoryFields" name="hintsOnStep_4" time="4.059"/>
  <testcase classname="tests.registration.registrationMandatoryFields.RegistrationMandatoryFields" name="step_4" time="0.19"/>
  <testcase classname="tests.registration.registrationMandatoryFields.RegistrationMandatoryFields" name="hintsOnStep_5" time="4.057"/>
  <testcase classname="tests.registration.registrationMandatoryFields.RegistrationMandatoryFields" name="step_5" time="0.123"/>
  <testcase classname="tests.registration.registrationMandatoryFields.RegistrationMandatoryFields" name="hintsOnStep_6" time="4.069"/>
  <testcase classname="tests.registration.registrationMandatoryFields.RegistrationMandatoryFields" name="step_6" time="0.221"/>
  <testcase classname="tests.registration.registrationMandatoryFields.RegistrationMandatoryFields" name="hintsOnStep_7" time="4.753"/>
  <testcase classname="tests.registration.registrationMandatoryFields.RegistrationMandatoryFields" name="step_7" time="2.465"/>
  <testcase classname="tests.registration.registrationMandatoryFields.RegistrationMandatoryFields" name="hintsOnStep_8" time="4.07"/>
  <testcase classname="tests.registration.registrationMandatoryFields.RegistrationMandatoryFields" name="step_8" time="0.118"/>
  <testcase classname="tests.registration.registrationMandatoryFields.RegistrationMandatoryFields" name="popUp" time="1.316"/>
  <testcase classname="setup.BaseRegistration" name="auth" time="0.749"/>
  <testcase classname="setup.BaseRegistration" name="registrationApplication" time="0.72"/>
  <testcase classname="setup.BaseRegistration" name="clearFields" time="10.906"/>
  <testcase classname="tests.registration.registrationComparisonFields.RegistrationComparisonFields" name="fullRegistrationCycle" time="10.079"/>
  <testcase classname="tests.registration.registrationComparisonFields.RegistrationComparisonFields" name="fullComparisonFields" time="15.718">
    <failure type="org.openqa.selenium.TimeoutException" message="Expected condition failed: waiting for element to be clickable: By.xpath: //*[@id=&amp;quot;education-document-index-container&amp;quot;]/table/tbody/tr/td[4] (tried for 10 second(s) with 500 milliseconds interval)
Build info: version: &amp;apos;4.33.0&amp;apos;, revision: &amp;apos;2c6aaad03a&amp;apos;
System info: os.name: &amp;apos;Windows 10&amp;apos;, os.arch: &amp;apos;amd64&amp;apos;, os.version: &amp;apos;10.0&amp;apos;, java.version: &amp;apos;21.0.7&amp;apos;
Driver info: org.openqa.selenium.chrome.ChromeDriver
Capabilities {acceptInsecureCerts: false, browserName: chrome, browserVersion: 143.0.7499.41, chrome: {chromedriverVersion: 143.0.7499.146 (c1224fc40c9..., userDataDir: C:\Users\AE8A3~1.GAR\AppDat...}, fedcm:accounts: true, goog:chromeOptions: {debuggerAddress: localhost:64991}, goog:processID: 18844, networkConnectionEnabled: false, pageLoadStrategy: normal, platformName: windows, proxy: Proxy(), se:cdp: ws://localhost:64991/devtoo..., se:cdpVersion: 143.0.7499.41, setWindowRect: true, strictFileInteractability: false, timeouts: {implicit: 0, pageLoad: 300000, script: 30000}, unhandledPromptBehavior: dismiss and notify, webauthn:extension:credBlob: true, webauthn:extension:largeBlob: true, webauthn:extension:minPinLength: true, webauthn:extension:prf: true, webauthn:virtualAuthenticators: true}
Session ID: 0bbb77ebc5abc3f56377eb0de8ee236c">
      <![CDATA[org.openqa.selenium.TimeoutException: Expected condition failed: waiting for element to be clickable: By.xpath: //*[@id="education-document-index-container"]/table/tbody/tr/td[4] (tried for 10 second(s) with 500 milliseconds interval)
Build info: version: '4.33.0', revision: '2c6aaad03a'
System info: os.name: 'Windows 10', os.arch: 'amd64', os.version: '10.0', java.version: '21.0.7'
Driver info: org.openqa.selenium.chrome.ChromeDriver
Capabilities {acceptInsecureCerts: false, browserName: chrome, browserVersion: 143.0.7499.41, chrome: {chromedriverVersion: 143.0.7499.146 (c1224fc40c9..., userDataDir: C:\Users\AE8A3~1.GAR\AppDat...}, fedcm:accounts: true, goog:chromeOptions: {debuggerAddress: localhost:64991}, goog:processID: 18844, networkConnectionEnabled: false, pageLoadStrategy: normal, platformName: windows, proxy: Proxy(), se:cdp: ws://localhost:64991/devtoo..., se:cdpVersion: 143.0.7499.41, setWindowRect: true, strictFileInteractability: false, timeouts: {implicit: 0, pageLoad: 300000, script: 30000}, unhandledPromptBehavior: dismiss and notify, webauthn:extension:credBlob: true, webauthn:extension:largeBlob: true, webauthn:extension:minPinLength: true, webauthn:extension:prf: true, webauthn:virtualAuthenticators: true}
Session ID: 0bbb77ebc5abc3f56377eb0de8ee236c
at org.openqa.selenium.support.ui.WebDriverWait.timeoutException(WebDriverWait.java:84)
at org.openqa.selenium.support.ui.FluentWait.until(FluentWait.java:228)
at utils.AssertUtils.assertElementTextEquals(AssertUtils.java:25)
at tests.registration.registrationComparisonFields.steps.step_3.MainAssertStep_3.fillAssertStep_3(MainAssertStep_3.java:32)
at tests.registration.registrationComparisonFields.RegistrationComparisonFields.fullComparisonFields(RegistrationComparisonFields.java:62)
at java.base/java.util.ArrayList.forEach(ArrayList.java:1596)
at org.apache.maven.plugin.surefire.InPluginVMSurefireStarter.runSuitesInProcess(InPluginVMSurefireStarter.java:91)
at org.apache.maven.plugin.surefire.AbstractSurefireMojo.executeProvider(AbstractSurefireMojo.java:1212)
at org.apache.maven.plugin.surefire.AbstractSurefireMojo.executeAfterPreconditionsChecked(AbstractSurefireMojo.java:1090)
at org.apache.maven.plugin.surefire.AbstractSurefireMojo.execute(AbstractSurefireMojo.java:910)
at org.apache.maven.plugin.DefaultBuildPluginManager.executeMojo(DefaultBuildPluginManager.java:126)
at org.apache.maven.lifecycle.internal.MojoExecutor.doExecute2(MojoExecutor.java:328)
at org.apache.maven.lifecycle.internal.MojoExecutor.doExecute(MojoExecutor.java:316)
at org.apache.maven.lifecycle.internal.MojoExecutor.execute(MojoExecutor.java:212)
at org.apache.maven.lifecycle.internal.MojoExecutor.execute(MojoExecutor.java:174)
at org.apache.maven.lifecycle.internal.MojoExecutor.access$000(MojoExecutor.java:75)
at org.apache.maven.lifecycle.internal.MojoExecutor$1.run(MojoExecutor.java:162)
at org.apache.maven.plugin.DefaultMojosExecutionStrategy.execute(DefaultMojosExecutionStrategy.java:39)
at org.apache.maven.lifecycle.internal.MojoExecutor.execute(MojoExecutor.java:159)
at org.apache.maven.lifecycle.internal.LifecycleModuleBuilder.buildProject(LifecycleModuleBuilder.java:105)
at org.apache.maven.lifecycle.internal.LifecycleModuleBuilder.buildProject(LifecycleModuleBuilder.java:73)
at org.apache.maven.lifecycle.internal.builder.singlethreaded.SingleThreadedBuilder.build(SingleThreadedBuilder.java:53)
at org.apache.maven.lifecycle.internal.LifecycleStarter.execute(LifecycleStarter.java:118)
at org.apache.maven.DefaultMaven.doExecute(DefaultMaven.java:261)
at org.apache.maven.DefaultMaven.doExecute(DefaultMaven.java:173)
at org.apache.maven.DefaultMaven.execute(DefaultMaven.java:101)
at org.apache.maven.cli.MavenCli.execute(MavenCli.java:906)
at org.apache.maven.cli.MavenCli.doMain(MavenCli.java:283)
at org.apache.maven.cli.MavenCli.main(MavenCli.java:206)
at org.codehaus.plexus.classworlds.launcher.Launcher.launchEnhanced(Launcher.java:255)
at org.codehaus.plexus.classworlds.launcher.Launcher.launch(Launcher.java:201)
at org.codehaus.plexus.classworlds.launcher.Launcher.mainWithExitCode(Launcher.java:361)
at org.codehaus.plexus.classworlds.launcher.Launcher.main(Launcher.java:314)
... Removed 32 stack frames]]>
    </failure>
  </testcase> <!-- fullComparisonFields -->
</testsuite> <!-- Registration -->
